5b4423d585225###2018-07-10 11:17:07###[]###null###null###v3.0######<!DOCTYPE html>
<html>
<head>
    <meta charset="UTF-8">
    <title>System Error</title>
    <meta name="robots" content="noindex,nofollow" />
    <meta name="viewport" content="width=device-width, initial-scale=1, user-scalable=no">
    <style>
        /* Base */
        body {
            color: #333;
            font: 14px Verdana, "Helvetica Neue", helvetica, Arial, 'Microsoft YaHei', sans-serif;
            margin: 0;
            padding: 0 20px 20px;
            word-break: break-word;
        }
        h1{
            margin: 10px 0 0;
            font-size: 28px;
            font-weight: 500;
            line-height: 32px;
        }
        h2{
            color: #4288ce;
            font-weight: 400;
            padding: 6px 0;
            margin: 6px 0 0;
            font-size: 18px;
            border-bottom: 1px solid #eee;
        }
        h3.subheading {
            color: #4288ce;
            margin: 6px 0 0;
            font-weight: 400;
        }
        h3{
            margin: 12px;
            font-size: 16px;
            font-weight: bold;
        }
        abbr{
            cursor: help;
            text-decoration: underline;
            text-decoration-style: dotted;
        }
        a{
            color: #868686;
            cursor: pointer;
        }
        a:hover{
            text-decoration: underline;
        }
        .line-error{
            background: #f8cbcb;
        }

        .echo table {
            width: 100%;
        }

        .echo pre {
            padding: 16px;
            overflow: auto;
            font-size: 85%;
            line-height: 1.45;
            background-color: #f7f7f7;
            border: 0;
            border-radius: 3px;
            font-family: Consolas, "Liberation Mono", Menlo, Courier, monospace;
        }

        .echo pre > pre {
            padding: 0;
            margin: 0;
        }
        /* Layout */
        .col-md-3 {
            width: 25%;
        }
        .col-md-9 {
            width: 75%;
        }
        [class^="col-md-"] {
            float: left;
        }
        .clearfix {
            clear:both;
        }
        @media only screen 
        and (min-device-width : 375px) 
        and (max-device-width : 667px) { 
            .col-md-3,
            .col-md-9 {
                width: 100%;
            }
        }
        /* Exception Info */
        .exception {
            margin-top: 20px;
        }
        .exception .message{
            padding: 12px;
            border: 1px solid #ddd;
            border-bottom: 0 none;
            line-height: 18px;
            font-size:16px;
            border-top-left-radius: 4px;
            border-top-right-radius: 4px;
            font-family: Consolas,"Liberation Mono",Courier,Verdana,"微软雅黑";
        }

        .exception .code{
            float: left;
            text-align: center;
            color: #fff;
            margin-right: 12px;
            padding: 16px;
            border-radius: 4px;
            background: #999;
        }
        .exception .source-code{
            padding: 6px;
            border: 1px solid #ddd;

            background: #f9f9f9;
            overflow-x: auto;

        }
        .exception .source-code pre{
            margin: 0;
        }
        .exception .source-code pre ol{
            margin: 0;
            color: #4288ce;
            display: inline-block;
            min-width: 100%;
            box-sizing: border-box;
        font-size:14px;
            font-family: "Century Gothic",Consolas,"Liberation Mono",Courier,Verdana;
            padding-left: 48px;
        }
        .exception .source-code pre li{
            border-left: 1px solid #ddd;
            height: 18px;
            line-height: 18px;
        }
        .exception .source-code pre code{
            color: #333;
            height: 100%;
            display: inline-block;
            border-left: 1px solid #fff;
        font-size:14px;
            font-family: Consolas,"Liberation Mono",Courier,Verdana,"微软雅黑";
        }
        .exception .trace{
            padding: 6px;
            border: 1px solid #ddd;
            border-top: 0 none;
            line-height: 16px;
        font-size:14px;
            font-family: Consolas,"Liberation Mono",Courier,Verdana,"微软雅黑";
        }
        .exception .trace ol{
            margin: 12px;
        }
        .exception .trace ol li{
            padding: 2px 4px;
        }
        .exception div:last-child{
            border-bottom-left-radius: 4px;
            border-bottom-right-radius: 4px;
        }

        /* Exception Variables */
        .exception-var table{
            width: 100%;
            margin: 12px 0;
            box-sizing: border-box;
            table-layout:fixed;
            word-wrap:break-word;            
        }
        .exception-var table caption{
            text-align: left;
            font-size: 16px;
            font-weight: bold;
            padding: 6px 0;
        }
        .exception-var table caption small{
            font-weight: 300;
            display: inline-block;
            margin-left: 10px;
            color: #ccc;
        }
        .exception-var table tbody{
            font-size: 13px;
            font-family: Consolas,"Liberation Mono",Courier,"微软雅黑";
        }
        .exception-var table td{
            padding: 0 6px;
            vertical-align: top;
            word-break: break-all;
        }
        .exception-var table td:first-child{
            width: 28%;
            font-weight: bold;
            white-space: nowrap;
        }
        .exception-var table td pre{
            margin: 0;
        }

        /* Copyright Info */
        .copyright{
            margin-top: 24px;
            padding: 12px 0;
            border-top: 1px solid #eee;
        }

        /* SPAN elements with the classes below are added by prettyprint. */
        pre.prettyprint .pln { color: #000 }  /* plain text */
        pre.prettyprint .str { color: #080 }  /* string content */
        pre.prettyprint .kwd { color: #008 }  /* a keyword */
        pre.prettyprint .com { color: #800 }  /* a comment */
        pre.prettyprint .typ { color: #606 }  /* a type name */
        pre.prettyprint .lit { color: #066 }  /* a literal value */
        /* punctuation, lisp open bracket, lisp close bracket */
        pre.prettyprint .pun, pre.prettyprint .opn, pre.prettyprint .clo { color: #660 }
        pre.prettyprint .tag { color: #008 }  /* a markup tag name */
        pre.prettyprint .atn { color: #606 }  /* a markup attribute name */
        pre.prettyprint .atv { color: #080 }  /* a markup attribute value */
        pre.prettyprint .dec, pre.prettyprint .var { color: #606 }  /* a declaration; a variable name */
        pre.prettyprint .fun { color: red }  /* a function name */
    </style>
</head>
<body>
    <div class="echo">
        ﻿    </div>
        <div class="exception">
    <div class="message">
        
            <div class="info">
                <div>
                    <h2>[8]&nbsp;<abbr title="think\exception\ErrorException">ErrorException</abbr> in <a class="toggle" title="/www/web/apics/public_html/application/api/controller/Webex.php line 45">Webex.php line 45</a></h2>
                </div>
                <div><h1>A session had already been started - ignoring session_start()</h1></div>
            </div>
        
    </div>
	        <div class="source-code">
            <pre class="prettyprint lang-php"><ol start="36"><li class="line-36"><code>        $this-&gt;requesturl=&quot;https://&quot;.$this-&gt;sitename.&quot;.webex.com.cn/WBXService/xml8.0.0/XMLService&quot;;
</code></li><li class="line-37"><code>        $this-&gt;ossurl=&quot;https://&quot;.$this-&gt;sitename.&quot;.webex.com.cn/WBXService/XMLService&quot;;
</code></li><li class="line-38"><code>    }
</code></li><li class="line-39"><code>    
</code></li><li class="line-40"><code>    /*
</code></li><li class="line-41"><code>     * 获取当前设备号和随机字符串
</code></li><li class="line-42"><code>     * 
</code></li><li class="line-43"><code>     */
</code></li><li class="line-44"><code>    public function GetClientID(){
</code></li><li class="line-45"><code>        session_start();
</code></li><li class="line-46"><code>        $sessionid=session_id();
</code></li><li class="line-47"><code>        $str=rand_string(11);
</code></li><li class="line-48"><code>        $data=[
</code></li><li class="line-49"><code>          'device_id'=&gt; $sessionid,
</code></li><li class="line-50"><code>          'rand_str' =&gt; $str
</code></li><li class="line-51"><code>        ];
</code></li><li class="line-52"><code>        $this-&gt;buildSuccess($data, '获取成功');
</code></li><li class="line-53"><code>    }
</code></li><li class="line-54"><code>    /*
</code></li></ol></pre>
        </div>
	        <div class="trace">
            <h2>Call Stack</h2>
            <ol>
                <li>in <a class="toggle" title="/www/web/apics/public_html/application/api/controller/Webex.php line 45">Webex.php line 45</a></li>
                                <li>
                at <abbr title="think\Error">Error</abbr>::appError(8, '<a class="toggle" title="A session had already been started - ignoring session_start()">A session had alread...</a>', '<a class="toggle" title="/www/web/apics/public_html/application/api/controller/Webex.php">/www/web/apics/publi...</a>', 45, [])                </li>
                                <li>
                at session_start() in <a class="toggle" title="/www/web/apics/public_html/application/api/controller/Webex.php line 45">Webex.php line 45</a>                </li>
                                <li>
                at <abbr title="app\api\controller\Webex">Webex</abbr>->GetClientID()                </li>
                                <li>
                at <abbr title="ReflectionMethod">ReflectionMethod</abbr>->invokeArgs(<em>object</em>(<abbr title="app\api\controller\Webex">Webex</abbr>), []) in <a class="toggle" title="/www/web/apics/public_html/thinkphp/library/think/App.php line 343">App.php line 343</a>                </li>
                                <li>
                at <abbr title="think\App">App</abbr>::invokeMethod([<em>object</em>(<abbr title="app\api\controller\Webex">Webex</abbr>), 'GetClientID'], []) in <a class="toggle" title="/www/web/apics/public_html/thinkphp/library/think/App.php line 606">App.php line 606</a>                </li>
                                <li>
                at <abbr title="think\App">App</abbr>::module(['api', 'Webex', 'GetClientID'], ['app_host' => '', 'app_debug' => <em>true</em>, 'app_trace' => <em>false</em>, ...], <em>false</em>) in <a class="toggle" title="/www/web/apics/public_html/thinkphp/library/think/App.php line 457">App.php line 457</a>                </li>
                                <li>
                at <abbr title="think\App">App</abbr>::exec(['type' => 'module', 'module' => ['api', 'Webex', 'GetClientID'], 'convert' => <em>false</em>], ['app_host' => '', 'app_debug' => <em>true</em>, 'app_trace' => <em>false</em>, ...]) in <a class="toggle" title="/www/web/apics/public_html/thinkphp/library/think/App.php line 139">App.php line 139</a>                </li>
                                <li>
                at <abbr title="think\App">App</abbr>::run() in <a class="toggle" title="/www/web/apics/public_html/thinkphp/start.php line 19">start.php line 19</a>                </li>
                                <li>
                at require('<a class="toggle" title="/www/web/apics/public_html/thinkphp/start.php">/www/web/apics/publi...</a>') in <a class="toggle" title="/www/web/apics/public_html/public/index.php line 17">index.php line 17</a>                </li>
                            </ol>
        </div>
    </div>
        
    
        <div class="exception-var">
        <h2>Environment Variables</h2>
                <div>
                        <div class="clearfix">
                <div class="col-md-3"><strong>GET Data</strong></div>
                <div class="col-md-9"><small>empty</small></div>
            </div>
                    </div>
                <div>
                        <div class="clearfix">
                <div class="col-md-3"><strong>POST Data</strong></div>
                <div class="col-md-9"><small>empty</small></div>
            </div>
                    </div>
                <div>
                        <div class="clearfix">
                <div class="col-md-3"><strong>Files</strong></div>
                <div class="col-md-9"><small>empty</small></div>
            </div>
                    </div>
                <div>
                        <div class="clearfix">
                <div class="col-md-3"><strong>Cookies</strong></div>
                <div class="col-md-9"><small>empty</small></div>
            </div>
                    </div>
                <div>
                        <div class="clearfix">
                <div class="col-md-3"><strong>Session</strong></div>
                <div class="col-md-9"><small>empty</small></div>
            </div>
                    </div>
                <div>
                        <h3 class="subheading">Server/Request Data</h3>
            <div>
                                <div class="clearfix">
                    <div class="col-md-3"><strong>REDIRECT_HTTPS</strong></div>
                    <div class="col-md-9"><small>
                        on                    </small></div>
                </div>
                                <div class="clearfix">
                    <div class="col-md-3"><strong>REDIRECT_SSL_TLS_SNI</strong></div>
                    <div class="col-md-9"><small>
                        api.meetv.com.cn                    </small></div>
                </div>
                                <div class="clearfix">
                    <div class="col-md-3"><strong>REDIRECT_STATUS</strong></div>
                    <div class="col-md-9"><small>
                        200                    </small></div>
                </div>
                                <div class="clearfix">
                    <div class="col-md-3"><strong>HTTPS</strong></div>
                    <div class="col-md-9"><small>
                        on                    </small></div>
                </div>
                                <div class="clearfix">
                    <div class="col-md-3"><strong>SSL_TLS_SNI</strong></div>
                    <div class="col-md-9"><small>
                        api.meetv.com.cn                    </small></div>
                </div>
                                <div class="clearfix">
                    <div class="col-md-3"><strong>HTTP_CACHE_CONTROL</strong></div>
                    <div class="col-md-9"><small>
                        no-cache                    </small></div>
                </div>
                                <div class="clearfix">
                    <div class="col-md-3"><strong>HTTP_POSTMAN_TOKEN</strong></div>
                    <div class="col-md-9"><small>
                        9f658c86-4c9a-4fd9-81c9-90827fe5b717                    </small></div>
                </div>
                                <div class="clearfix">
                    <div class="col-md-3"><strong>HTTP_VERSION</strong></div>
                    <div class="col-md-9"><small>
                        v3.0                    </small></div>
                </div>
                                <div class="clearfix">
                    <div class="col-md-3"><strong>HTTP_USER_AGENT</strong></div>
                    <div class="col-md-9"><small>
                        PostmanRuntime/3.0.9                    </small></div>
                </div>
                                <div class="clearfix">
                    <div class="col-md-3"><strong>HTTP_ACCEPT</strong></div>
                    <div class="col-md-9"><small>
                        */*                    </small></div>
                </div>
                                <div class="clearfix">
                    <div class="col-md-3"><strong>HTTP_HOST</strong></div>
                    <div class="col-md-9"><small>
                        api.meetv.com.cn                    </small></div>
                </div>
                                <div class="clearfix">
                    <div class="col-md-3"><strong>HTTP_ACCEPT_ENCODING</strong></div>
                    <div class="col-md-9"><small>
                        gzip, deflate                    </small></div>
                </div>
                                <div class="clearfix">
                    <div class="col-md-3"><strong>HTTP_CONNECTION</strong></div>
                    <div class="col-md-9"><small>
                        keep-alive                    </small></div>
                </div>
                                <div class="clearfix">
                    <div class="col-md-3"><strong>PATH</strong></div>
                    <div class="col-md-9"><small>
                        /sbin:/usr/sbin:/bin:/usr/bin                    </small></div>
                </div>
                                <div class="clearfix">
                    <div class="col-md-3"><strong>SERVER_SIGNATURE</strong></div>
                    <div class="col-md-9"><small>
                                            </small></div>
                </div>
                                <div class="clearfix">
                    <div class="col-md-3"><strong>SERVER_SOFTWARE</strong></div>
                    <div class="col-md-9"><small>
                        Apache                    </small></div>
                </div>
                                <div class="clearfix">
                    <div class="col-md-3"><strong>SERVER_NAME</strong></div>
                    <div class="col-md-9"><small>
                        api.meetv.com.cn                    </small></div>
                </div>
                                <div class="clearfix">
                    <div class="col-md-3"><strong>SERVER_ADDR</strong></div>
                    <div class="col-md-9"><small>
                        121.42.207.83                    </small></div>
                </div>
                                <div class="clearfix">
                    <div class="col-md-3"><strong>SERVER_PORT</strong></div>
                    <div class="col-md-9"><small>
                        443                    </small></div>
                </div>
                                <div class="clearfix">
                    <div class="col-md-3"><strong>REMOTE_ADDR</strong></div>
                    <div class="col-md-9"><small>
                        103.40.223.38                    </small></div>
                </div>
                                <div class="clearfix">
                    <div class="col-md-3"><strong>DOCUMENT_ROOT</strong></div>
                    <div class="col-md-9"><small>
                        /www/web/apics/public_html/public                    </small></div>
                </div>
                                <div class="clearfix">
                    <div class="col-md-3"><strong>REQUEST_SCHEME</strong></div>
                    <div class="col-md-9"><small>
                        https                    </small></div>
                </div>
                                <div class="clearfix">
                    <div class="col-md-3"><strong>CONTEXT_PREFIX</strong></div>
                    <div class="col-md-9"><small>
                                            </small></div>
                </div>
                                <div class="clearfix">
                    <div class="col-md-3"><strong>CONTEXT_DOCUMENT_ROOT</strong></div>
                    <div class="col-md-9"><small>
                        /www/web/apics/public_html/public                    </small></div>
                </div>
                                <div class="clearfix">
                    <div class="col-md-3"><strong>SERVER_ADMIN</strong></div>
                    <div class="col-md-9"><small>
                        you@example.com                    </small></div>
                </div>
                                <div class="clearfix">
                    <div class="col-md-3"><strong>SCRIPT_FILENAME</strong></div>
                    <div class="col-md-9"><small>
                        /www/web/apics/public_html/public/index.php                    </small></div>
                </div>
                                <div class="clearfix">
                    <div class="col-md-3"><strong>REMOTE_PORT</strong></div>
                    <div class="col-md-9"><small>
                        54949                    </small></div>
                </div>
                                <div class="clearfix">
                    <div class="col-md-3"><strong>REDIRECT_URL</strong></div>
                    <div class="col-md-9"><small>
                        /api/5b4423d585225                    </small></div>
                </div>
                                <div class="clearfix">
                    <div class="col-md-3"><strong>GATEWAY_INTERFACE</strong></div>
                    <div class="col-md-9"><small>
                        CGI/1.1                    </small></div>
                </div>
                                <div class="clearfix">
                    <div class="col-md-3"><strong>SERVER_PROTOCOL</strong></div>
                    <div class="col-md-9"><small>
                        HTTP/1.1                    </small></div>
                </div>
                                <div class="clearfix">
                    <div class="col-md-3"><strong>REQUEST_METHOD</strong></div>
                    <div class="col-md-9"><small>
                        GET                    </small></div>
                </div>
                                <div class="clearfix">
                    <div class="col-md-3"><strong>QUERY_STRING</strong></div>
                    <div class="col-md-9"><small>
                                            </small></div>
                </div>
                                <div class="clearfix">
                    <div class="col-md-3"><strong>REQUEST_URI</strong></div>
                    <div class="col-md-9"><small>
                        /api/5b4423d585225                    </small></div>
                </div>
                                <div class="clearfix">
                    <div class="col-md-3"><strong>SCRIPT_NAME</strong></div>
                    <div class="col-md-9"><small>
                        /index.php                    </small></div>
                </div>
                                <div class="clearfix">
                    <div class="col-md-3"><strong>PATH_INFO</strong></div>
                    <div class="col-md-9"><small>
                        /api/5b4423d585225                    </small></div>
                </div>
                                <div class="clearfix">
                    <div class="col-md-3"><strong>PATH_TRANSLATED</strong></div>
                    <div class="col-md-9"><small>
                        redirect:/index.php/api/5b4423d585225/5b4423d585225                    </small></div>
                </div>
                                <div class="clearfix">
                    <div class="col-md-3"><strong>PHP_SELF</strong></div>
                    <div class="col-md-9"><small>
                        /index.php/api/5b4423d585225                    </small></div>
                </div>
                                <div class="clearfix">
                    <div class="col-md-3"><strong>REQUEST_TIME_FLOAT</strong></div>
                    <div class="col-md-9"><small>
                        1531192627.558                    </small></div>
                </div>
                                <div class="clearfix">
                    <div class="col-md-3"><strong>REQUEST_TIME</strong></div>
                    <div class="col-md-9"><small>
                        1531192627                    </small></div>
                </div>
                            </div>
                    </div>
                <div>
                        <div class="clearfix">
                <div class="col-md-3"><strong>Environment Variables</strong></div>
                <div class="col-md-9"><small>empty</small></div>
            </div>
                    </div>
                <div>
                        <h3 class="subheading">ThinkPHP Constants</h3>
            <div>
                                <div class="clearfix">
                    <div class="col-md-3"><strong>APP_PATH</strong></div>
                    <div class="col-md-9"><small>
                        /www/web/apics/public_html/public/../application/                    </small></div>
                </div>
                                <div class="clearfix">
                    <div class="col-md-3"><strong>THINK_VERSION</strong></div>
                    <div class="col-md-9"><small>
                        5.0.19                    </small></div>
                </div>
                                <div class="clearfix">
                    <div class="col-md-3"><strong>THINK_START_TIME</strong></div>
                    <div class="col-md-9"><small>
                        1531192627.559                    </small></div>
                </div>
                                <div class="clearfix">
                    <div class="col-md-3"><strong>THINK_START_MEM</strong></div>
                    <div class="col-md-9"><small>
                        259880                    </small></div>
                </div>
                                <div class="clearfix">
                    <div class="col-md-3"><strong>EXT</strong></div>
                    <div class="col-md-9"><small>
                        .php                    </small></div>
                </div>
                                <div class="clearfix">
                    <div class="col-md-3"><strong>DS</strong></div>
                    <div class="col-md-9"><small>
                        /                    </small></div>
                </div>
                                <div class="clearfix">
                    <div class="col-md-3"><strong>THINK_PATH</strong></div>
                    <div class="col-md-9"><small>
                        /www/web/apics/public_html/thinkphp/                    </small></div>
                </div>
                                <div class="clearfix">
                    <div class="col-md-3"><strong>LIB_PATH</strong></div>
                    <div class="col-md-9"><small>
                        /www/web/apics/public_html/thinkphp/library/                    </small></div>
                </div>
                                <div class="clearfix">
                    <div class="col-md-3"><strong>CORE_PATH</strong></div>
                    <div class="col-md-9"><small>
                        /www/web/apics/public_html/thinkphp/library/think/                    </small></div>
                </div>
                                <div class="clearfix">
                    <div class="col-md-3"><strong>TRAIT_PATH</strong></div>
                    <div class="col-md-9"><small>
                        /www/web/apics/public_html/thinkphp/library/traits/                    </small></div>
                </div>
                                <div class="clearfix">
                    <div class="col-md-3"><strong>ROOT_PATH</strong></div>
                    <div class="col-md-9"><small>
                        /www/web/apics/public_html/                    </small></div>
                </div>
                                <div class="clearfix">
                    <div class="col-md-3"><strong>EXTEND_PATH</strong></div>
                    <div class="col-md-9"><small>
                        /www/web/apics/public_html/extend/                    </small></div>
                </div>
                                <div class="clearfix">
                    <div class="col-md-3"><strong>VENDOR_PATH</strong></div>
                    <div class="col-md-9"><small>
                        /www/web/apics/public_html/vendor/                    </small></div>
                </div>
                                <div class="clearfix">
                    <div class="col-md-3"><strong>RUNTIME_PATH</strong></div>
                    <div class="col-md-9"><small>
                        /www/web/apics/public_html/runtime/                    </small></div>
                </div>
                                <div class="clearfix">
                    <div class="col-md-3"><strong>LOG_PATH</strong></div>
                    <div class="col-md-9"><small>
                        /www/web/apics/public_html/runtime/log/                    </small></div>
                </div>
                                <div class="clearfix">
                    <div class="col-md-3"><strong>CACHE_PATH</strong></div>
                    <div class="col-md-9"><small>
                        /www/web/apics/public_html/runtime/cache/                    </small></div>
                </div>
                                <div class="clearfix">
                    <div class="col-md-3"><strong>TEMP_PATH</strong></div>
                    <div class="col-md-9"><small>
                        /www/web/apics/public_html/runtime/temp/                    </small></div>
                </div>
                                <div class="clearfix">
                    <div class="col-md-3"><strong>CONF_PATH</strong></div>
                    <div class="col-md-9"><small>
                        /www/web/apics/public_html/public/../application/                    </small></div>
                </div>
                                <div class="clearfix">
                    <div class="col-md-3"><strong>CONF_EXT</strong></div>
                    <div class="col-md-9"><small>
                        .php                    </small></div>
                </div>
                                <div class="clearfix">
                    <div class="col-md-3"><strong>ENV_PREFIX</strong></div>
                    <div class="col-md-9"><small>
                        PHP_                    </small></div>
                </div>
                                <div class="clearfix">
                    <div class="col-md-3"><strong>IS_CLI</strong></div>
                    <div class="col-md-9"><small>
                        false                    </small></div>
                </div>
                                <div class="clearfix">
                    <div class="col-md-3"><strong>IS_WIN</strong></div>
                    <div class="col-md-9"><small>
                        false                    </small></div>
                </div>
                            </div>
                    </div>
            </div>
    
    <div class="copyright">
        <a title="官方网站" href="http://www.thinkphp.cn">ThinkPHP</a> 
        <span>V5.0.19</span> 
        <span>{ 十年磨一剑-为API开发设计的高性能框架 }</span>
    </div>
        <script>
        var LINE = 45;

        function $(selector, node){
            var elements;

            node = node || document;
            if(document.querySelectorAll){
                elements = node.querySelectorAll(selector);
            } else {
                switch(selector.substr(0, 1)){
                    case '#':
                        elements = [node.getElementById(selector.substr(1))];
                        break;
                    case '.':
                        if(document.getElementsByClassName){
                            elements = node.getElementsByClassName(selector.substr(1));
                        } else {
                            elements = get_elements_by_class(selector.substr(1), node);
                        }
                        break;
                    default:
                        elements = node.getElementsByTagName();
                }
            }
            return elements;

            function get_elements_by_class(search_class, node, tag) {
                var elements = [], eles, 
                    pattern  = new RegExp('(^|\\s)' + search_class + '(\\s|$)');

                node = node || document;
                tag  = tag  || '*';

                eles = node.getElementsByTagName(tag);
                for(var i = 0; i < eles.length; i++) {
                    if(pattern.test(eles[i].className)) {
                        elements.push(eles[i])
                    }
                }

                return elements;
            }
        }

        $.getScript = function(src, func){
            var script = document.createElement('script');
            
            script.async  = 'async';
            script.src    = src;
            script.onload = func || function(){};
            
            $('head')[0].appendChild(script);
        }

        ;(function(){
            var files = $('.toggle');
            var ol    = $('ol', $('.prettyprint')[0]);
            var li    = $('li', ol[0]);   

            // 短路径和长路径变换
            for(var i = 0; i < files.length; i++){
                files[i].ondblclick = function(){
                    var title = this.title;

                    this.title = this.innerHTML;
                    this.innerHTML = title;
                }
            }

            // 设置出错行
            var err_line = $('.line-' + LINE, ol[0])[0];
            err_line.className = err_line.className + ' line-error';

            $.getScript('//cdn.bootcss.com/prettify/r298/prettify.min.js', function(){
                prettyPrint();

                // 解决Firefox浏览器一个很诡异的问题
                // 当代码高亮后，ol的行号莫名其妙的错位
                // 但是只要刷新li里面的html重新渲染就没有问题了
                if(window.navigator.userAgent.indexOf('Firefox') >= 0){
                    ol[0].innerHTML = ol[0].innerHTML;
                }
            });

        })();
    </script>
    </body>
</html>
###[]###null###null###null###null
5b4423d585225###2018-07-10 11:48:26###[]###null###null###v3.0######<!DOCTYPE html>
<html>
<head>
    <meta charset="UTF-8">
    <title>System Error</title>
    <meta name="robots" content="noindex,nofollow" />
    <meta name="viewport" content="width=device-width, initial-scale=1, user-scalable=no">
    <style>
        /* Base */
        body {
            color: #333;
            font: 14px Verdana, "Helvetica Neue", helvetica, Arial, 'Microsoft YaHei', sans-serif;
            margin: 0;
            padding: 0 20px 20px;
            word-break: break-word;
        }
        h1{
            margin: 10px 0 0;
            font-size: 28px;
            font-weight: 500;
            line-height: 32px;
        }
        h2{
            color: #4288ce;
            font-weight: 400;
            padding: 6px 0;
            margin: 6px 0 0;
            font-size: 18px;
            border-bottom: 1px solid #eee;
        }
        h3.subheading {
            color: #4288ce;
            margin: 6px 0 0;
            font-weight: 400;
        }
        h3{
            margin: 12px;
            font-size: 16px;
            font-weight: bold;
        }
        abbr{
            cursor: help;
            text-decoration: underline;
            text-decoration-style: dotted;
        }
        a{
            color: #868686;
            cursor: pointer;
        }
        a:hover{
            text-decoration: underline;
        }
        .line-error{
            background: #f8cbcb;
        }

        .echo table {
            width: 100%;
        }

        .echo pre {
            padding: 16px;
            overflow: auto;
            font-size: 85%;
            line-height: 1.45;
            background-color: #f7f7f7;
            border: 0;
            border-radius: 3px;
            font-family: Consolas, "Liberation Mono", Menlo, Courier, monospace;
        }

        .echo pre > pre {
            padding: 0;
            margin: 0;
        }
        /* Layout */
        .col-md-3 {
            width: 25%;
        }
        .col-md-9 {
            width: 75%;
        }
        [class^="col-md-"] {
            float: left;
        }
        .clearfix {
            clear:both;
        }
        @media only screen 
        and (min-device-width : 375px) 
        and (max-device-width : 667px) { 
            .col-md-3,
            .col-md-9 {
                width: 100%;
            }
        }
        /* Exception Info */
        .exception {
            margin-top: 20px;
        }
        .exception .message{
            padding: 12px;
            border: 1px solid #ddd;
            border-bottom: 0 none;
            line-height: 18px;
            font-size:16px;
            border-top-left-radius: 4px;
            border-top-right-radius: 4px;
            font-family: Consolas,"Liberation Mono",Courier,Verdana,"微软雅黑";
        }

        .exception .code{
            float: left;
            text-align: center;
            color: #fff;
            margin-right: 12px;
            padding: 16px;
            border-radius: 4px;
            background: #999;
        }
        .exception .source-code{
            padding: 6px;
            border: 1px solid #ddd;

            background: #f9f9f9;
            overflow-x: auto;

        }
        .exception .source-code pre{
            margin: 0;
        }
        .exception .source-code pre ol{
            margin: 0;
            color: #4288ce;
            display: inline-block;
            min-width: 100%;
            box-sizing: border-box;
        font-size:14px;
            font-family: "Century Gothic",Consolas,"Liberation Mono",Courier,Verdana;
            padding-left: 48px;
        }
        .exception .source-code pre li{
            border-left: 1px solid #ddd;
            height: 18px;
            line-height: 18px;
        }
        .exception .source-code pre code{
            color: #333;
            height: 100%;
            display: inline-block;
            border-left: 1px solid #fff;
        font-size:14px;
            font-family: Consolas,"Liberation Mono",Courier,Verdana,"微软雅黑";
        }
        .exception .trace{
            padding: 6px;
            border: 1px solid #ddd;
            border-top: 0 none;
            line-height: 16px;
        font-size:14px;
            font-family: Consolas,"Liberation Mono",Courier,Verdana,"微软雅黑";
        }
        .exception .trace ol{
            margin: 12px;
        }
        .exception .trace ol li{
            padding: 2px 4px;
        }
        .exception div:last-child{
            border-bottom-left-radius: 4px;
            border-bottom-right-radius: 4px;
        }

        /* Exception Variables */
        .exception-var table{
            width: 100%;
            margin: 12px 0;
            box-sizing: border-box;
            table-layout:fixed;
            word-wrap:break-word;            
        }
        .exception-var table caption{
            text-align: left;
            font-size: 16px;
            font-weight: bold;
            padding: 6px 0;
        }
        .exception-var table caption small{
            font-weight: 300;
            display: inline-block;
            margin-left: 10px;
            color: #ccc;
        }
        .exception-var table tbody{
            font-size: 13px;
            font-family: Consolas,"Liberation Mono",Courier,"微软雅黑";
        }
        .exception-var table td{
            padding: 0 6px;
            vertical-align: top;
            word-break: break-all;
        }
        .exception-var table td:first-child{
            width: 28%;
            font-weight: bold;
            white-space: nowrap;
        }
        .exception-var table td pre{
            margin: 0;
        }

        /* Copyright Info */
        .copyright{
            margin-top: 24px;
            padding: 12px 0;
            border-top: 1px solid #eee;
        }

        /* SPAN elements with the classes below are added by prettyprint. */
        pre.prettyprint .pln { color: #000 }  /* plain text */
        pre.prettyprint .str { color: #080 }  /* string content */
        pre.prettyprint .kwd { color: #008 }  /* a keyword */
        pre.prettyprint .com { color: #800 }  /* a comment */
        pre.prettyprint .typ { color: #606 }  /* a type name */
        pre.prettyprint .lit { color: #066 }  /* a literal value */
        /* punctuation, lisp open bracket, lisp close bracket */
        pre.prettyprint .pun, pre.prettyprint .opn, pre.prettyprint .clo { color: #660 }
        pre.prettyprint .tag { color: #008 }  /* a markup tag name */
        pre.prettyprint .atn { color: #606 }  /* a markup attribute name */
        pre.prettyprint .atv { color: #080 }  /* a markup attribute value */
        pre.prettyprint .dec, pre.prettyprint .var { color: #606 }  /* a declaration; a variable name */
        pre.prettyprint .fun { color: red }  /* a function name */
    </style>
</head>
<body>
    <div class="echo">
        ﻿    </div>
        <div class="exception">
    <div class="message">
        
            <div class="info">
                <div>
                    <h2>[64]&nbsp;<abbr title="think\exception\ErrorException">ErrorException</abbr> in <a class="toggle" title="/www/web/apics/public_html/application/api/controller/Webex.php line 3">Webex.php line 3</a></h2>
                </div>
                <div><h1>Namespace declaration statement has to be the very first statement in the script</h1></div>
            </div>
        
    </div>
	        <div class="source-code">
            <pre class="prettyprint lang-php"><ol start="1"><li class="line-1"><code>&lt;?php
</code></li><li class="line-2"><code>header('Access-Control-Allow-Origin:*');
</code></li><li class="line-3"><code>namespace app\api\controller;
</code></li><li class="line-4"><code>
</code></li><li class="line-5"><code>use think\Db;
</code></li><li class="line-6"><code>use think\Request;
</code></li><li class="line-7"><code>class Webex extends Base {
</code></li><li class="line-8"><code>    
</code></li><li class="line-9"><code>    private $requesturl;
</code></li><li class="line-10"><code>    private $ossurl;
</code></li><li class="line-11"><code>    private $sitename;
</code></li><li class="line-12"><code>    private $webexid;
</code></li><li class="line-13"><code>    private $password;
</code></li><li class="line-14"><code>    private $responseurl;
</code></li><li class="line-15"><code>    private $isSpecial=false;
</code></li><li class="line-16"><code>
</code></li><li class="line-17"><code>    public function _initialize() {
</code></li><li class="line-18"><code>        
</code></li><li class="line-19"><code>        if(strtolower(Request::instance()-&gt;action())!='webexlogin'){
</code></li></ol></pre>
        </div>
	        <div class="trace">
            <h2>Call Stack</h2>
            <ol>
                <li>in <a class="toggle" title="/www/web/apics/public_html/application/api/controller/Webex.php line 3">Webex.php line 3</a></li>
                                <li>
                at <abbr title="think\Error">Error</abbr>::appShutdown()                </li>
                            </ol>
        </div>
    </div>
        
    
        <div class="exception-var">
        <h2>Environment Variables</h2>
                <div>
                        <div class="clearfix">
                <div class="col-md-3"><strong>GET Data</strong></div>
                <div class="col-md-9"><small>empty</small></div>
            </div>
                    </div>
                <div>
                        <div class="clearfix">
                <div class="col-md-3"><strong>POST Data</strong></div>
                <div class="col-md-9"><small>empty</small></div>
            </div>
                    </div>
                <div>
                        <div class="clearfix">
                <div class="col-md-3"><strong>Files</strong></div>
                <div class="col-md-9"><small>empty</small></div>
            </div>
                    </div>
                <div>
                        <h3 class="subheading">Cookies</h3>
            <div>
                                <div class="clearfix">
                    <div class="col-md-3"><strong>PHPSESSID</strong></div>
                    <div class="col-md-9"><small>
                        4fsabtap1ec4rdvirr45ducps7                    </small></div>
                </div>
                            </div>
                    </div>
                <div>
                        <div class="clearfix">
                <div class="col-md-3"><strong>Session</strong></div>
                <div class="col-md-9"><small>empty</small></div>
            </div>
                    </div>
                <div>
                        <h3 class="subheading">Server/Request Data</h3>
            <div>
                                <div class="clearfix">
                    <div class="col-md-3"><strong>REDIRECT_HTTPS</strong></div>
                    <div class="col-md-9"><small>
                        on                    </small></div>
                </div>
                                <div class="clearfix">
                    <div class="col-md-3"><strong>REDIRECT_SSL_TLS_SNI</strong></div>
                    <div class="col-md-9"><small>
                        api.meetv.com.cn                    </small></div>
                </div>
                                <div class="clearfix">
                    <div class="col-md-3"><strong>REDIRECT_STATUS</strong></div>
                    <div class="col-md-9"><small>
                        200                    </small></div>
                </div>
                                <div class="clearfix">
                    <div class="col-md-3"><strong>HTTPS</strong></div>
                    <div class="col-md-9"><small>
                        on                    </small></div>
                </div>
                                <div class="clearfix">
                    <div class="col-md-3"><strong>SSL_TLS_SNI</strong></div>
                    <div class="col-md-9"><small>
                        api.meetv.com.cn                    </small></div>
                </div>
                                <div class="clearfix">
                    <div class="col-md-3"><strong>HTTP_HOST</strong></div>
                    <div class="col-md-9"><small>
                        api.meetv.com.cn                    </small></div>
                </div>
                                <div class="clearfix">
                    <div class="col-md-3"><strong>HTTP_CONNECTION</strong></div>
                    <div class="col-md-9"><small>
                        keep-alive                    </small></div>
                </div>
                                <div class="clearfix">
                    <div class="col-md-3"><strong>HTTP_CACHE_CONTROL</strong></div>
                    <div class="col-md-9"><small>
                        no-cache                    </small></div>
                </div>
                                <div class="clearfix">
                    <div class="col-md-3"><strong>HTTP_VERSION</strong></div>
                    <div class="col-md-9"><small>
                        v3.0                    </small></div>
                </div>
                                <div class="clearfix">
                    <div class="col-md-3"><strong>HTTP_USER_AGENT</strong></div>
                    <div class="col-md-9"><small>
                        Mozilla/5.0 (Windows NT 10.0; WOW64) AppleWebKit/537.36 (KHTML, like Gecko) Chrome/67.0.3396.62 Safari/537.36                    </small></div>
                </div>
                                <div class="clearfix">
                    <div class="col-md-3"><strong>HTTP_POSTMAN_TOKEN</strong></div>
                    <div class="col-md-9"><small>
                        49f900c6-0d3b-e239-d2c9-c07f2c2ba4d5                    </small></div>
                </div>
                                <div class="clearfix">
                    <div class="col-md-3"><strong>HTTP_ACCEPT</strong></div>
                    <div class="col-md-9"><small>
                        */*                    </small></div>
                </div>
                                <div class="clearfix">
                    <div class="col-md-3"><strong>HTTP_ACCEPT_ENCODING</strong></div>
                    <div class="col-md-9"><small>
                        gzip, deflate, br                    </small></div>
                </div>
                                <div class="clearfix">
                    <div class="col-md-3"><strong>HTTP_ACCEPT_LANGUAGE</strong></div>
                    <div class="col-md-9"><small>
                        zh-CN,zh;q=0.9                    </small></div>
                </div>
                                <div class="clearfix">
                    <div class="col-md-3"><strong>HTTP_COOKIE</strong></div>
                    <div class="col-md-9"><small>
                        PHPSESSID=4fsabtap1ec4rdvirr45ducps7                    </small></div>
                </div>
                                <div class="clearfix">
                    <div class="col-md-3"><strong>PATH</strong></div>
                    <div class="col-md-9"><small>
                        /sbin:/usr/sbin:/bin:/usr/bin                    </small></div>
                </div>
                                <div class="clearfix">
                    <div class="col-md-3"><strong>SERVER_SIGNATURE</strong></div>
                    <div class="col-md-9"><small>
                                            </small></div>
                </div>
                                <div class="clearfix">
                    <div class="col-md-3"><strong>SERVER_SOFTWARE</strong></div>
                    <div class="col-md-9"><small>
                        Apache                    </small></div>
                </div>
                                <div class="clearfix">
                    <div class="col-md-3"><strong>SERVER_NAME</strong></div>
                    <div class="col-md-9"><small>
                        api.meetv.com.cn                    </small></div>
                </div>
                                <div class="clearfix">
                    <div class="col-md-3"><strong>SERVER_ADDR</strong></div>
                    <div class="col-md-9"><small>
                        121.42.207.83                    </small></div>
                </div>
                                <div class="clearfix">
                    <div class="col-md-3"><strong>SERVER_PORT</strong></div>
                    <div class="col-md-9"><small>
                        443                    </small></div>
                </div>
                                <div class="clearfix">
                    <div class="col-md-3"><strong>REMOTE_ADDR</strong></div>
                    <div class="col-md-9"><small>
                        103.40.223.38                    </small></div>
                </div>
                                <div class="clearfix">
                    <div class="col-md-3"><strong>DOCUMENT_ROOT</strong></div>
                    <div class="col-md-9"><small>
                        /www/web/apics/public_html/public                    </small></div>
                </div>
                                <div class="clearfix">
                    <div class="col-md-3"><strong>REQUEST_SCHEME</strong></div>
                    <div class="col-md-9"><small>
                        https                    </small></div>
                </div>
                                <div class="clearfix">
                    <div class="col-md-3"><strong>CONTEXT_PREFIX</strong></div>
                    <div class="col-md-9"><small>
                                            </small></div>
                </div>
                                <div class="clearfix">
                    <div class="col-md-3"><strong>CONTEXT_DOCUMENT_ROOT</strong></div>
                    <div class="col-md-9"><small>
                        /www/web/apics/public_html/public                    </small></div>
                </div>
                                <div class="clearfix">
                    <div class="col-md-3"><strong>SERVER_ADMIN</strong></div>
                    <div class="col-md-9"><small>
                        you@example.com                    </small></div>
                </div>
                                <div class="clearfix">
                    <div class="col-md-3"><strong>SCRIPT_FILENAME</strong></div>
                    <div class="col-md-9"><small>
                        /www/web/apics/public_html/public/index.php                    </small></div>
                </div>
                                <div class="clearfix">
                    <div class="col-md-3"><strong>REMOTE_PORT</strong></div>
                    <div class="col-md-9"><small>
                        49184                    </small></div>
                </div>
                                <div class="clearfix">
                    <div class="col-md-3"><strong>REDIRECT_URL</strong></div>
                    <div class="col-md-9"><small>
                        /api/5b4423d585225                    </small></div>
                </div>
                                <div class="clearfix">
                    <div class="col-md-3"><strong>GATEWAY_INTERFACE</strong></div>
                    <div class="col-md-9"><small>
                        CGI/1.1                    </small></div>
                </div>
                                <div class="clearfix">
                    <div class="col-md-3"><strong>SERVER_PROTOCOL</strong></div>
                    <div class="col-md-9"><small>
                        HTTP/1.1                    </small></div>
                </div>
                                <div class="clearfix">
                    <div class="col-md-3"><strong>REQUEST_METHOD</strong></div>
                    <div class="col-md-9"><small>
                        GET                    </small></div>
                </div>
                                <div class="clearfix">
                    <div class="col-md-3"><strong>QUERY_STRING</strong></div>
                    <div class="col-md-9"><small>
                                            </small></div>
                </div>
                                <div class="clearfix">
                    <div class="col-md-3"><strong>REQUEST_URI</strong></div>
                    <div class="col-md-9"><small>
                        /api/5b4423d585225                    </small></div>
                </div>
                                <div class="clearfix">
                    <div class="col-md-3"><strong>SCRIPT_NAME</strong></div>
                    <div class="col-md-9"><small>
                        /index.php                    </small></div>
                </div>
                                <div class="clearfix">
                    <div class="col-md-3"><strong>PATH_INFO</strong></div>
                    <div class="col-md-9"><small>
                        /api/5b4423d585225                    </small></div>
                </div>
                                <div class="clearfix">
                    <div class="col-md-3"><strong>PATH_TRANSLATED</strong></div>
                    <div class="col-md-9"><small>
                        redirect:/index.php/api/5b4423d585225/5b4423d585225                    </small></div>
                </div>
                                <div class="clearfix">
                    <div class="col-md-3"><strong>PHP_SELF</strong></div>
                    <div class="col-md-9"><small>
                        /index.php/api/5b4423d585225                    </small></div>
                </div>
                                <div class="clearfix">
                    <div class="col-md-3"><strong>REQUEST_TIME_FLOAT</strong></div>
                    <div class="col-md-9"><small>
                        1531194506.524                    </small></div>
                </div>
                                <div class="clearfix">
                    <div class="col-md-3"><strong>REQUEST_TIME</strong></div>
                    <div class="col-md-9"><small>
                        1531194506                    </small></div>
                </div>
                            </div>
                    </div>
                <div>
                        <div class="clearfix">
                <div class="col-md-3"><strong>Environment Variables</strong></div>
                <div class="col-md-9"><small>empty</small></div>
            </div>
                    </div>
                <div>
                        <h3 class="subheading">ThinkPHP Constants</h3>
            <div>
                                <div class="clearfix">
                    <div class="col-md-3"><strong>APP_PATH</strong></div>
                    <div class="col-md-9"><small>
                        /www/web/apics/public_html/public/../application/                    </small></div>
                </div>
                                <div class="clearfix">
                    <div class="col-md-3"><strong>THINK_VERSION</strong></div>
                    <div class="col-md-9"><small>
                        5.0.19                    </small></div>
                </div>
                                <div class="clearfix">
                    <div class="col-md-3"><strong>THINK_START_TIME</strong></div>
                    <div class="col-md-9"><small>
                        1531194506.5256                    </small></div>
                </div>
                                <div class="clearfix">
                    <div class="col-md-3"><strong>THINK_START_MEM</strong></div>
                    <div class="col-md-9"><small>
                        261568                    </small></div>
                </div>
                                <div class="clearfix">
                    <div class="col-md-3"><strong>EXT</strong></div>
                    <div class="col-md-9"><small>
                        .php                    </small></div>
                </div>
                                <div class="clearfix">
                    <div class="col-md-3"><strong>DS</strong></div>
                    <div class="col-md-9"><small>
                        /                    </small></div>
                </div>
                                <div class="clearfix">
                    <div class="col-md-3"><strong>THINK_PATH</strong></div>
                    <div class="col-md-9"><small>
                        /www/web/apics/public_html/thinkphp/                    </small></div>
                </div>
                                <div class="clearfix">
                    <div class="col-md-3"><strong>LIB_PATH</strong></div>
                    <div class="col-md-9"><small>
                        /www/web/apics/public_html/thinkphp/library/                    </small></div>
                </div>
                                <div class="clearfix">
                    <div class="col-md-3"><strong>CORE_PATH</strong></div>
                    <div class="col-md-9"><small>
                        /www/web/apics/public_html/thinkphp/library/think/                    </small></div>
                </div>
                                <div class="clearfix">
                    <div class="col-md-3"><strong>TRAIT_PATH</strong></div>
                    <div class="col-md-9"><small>
                        /www/web/apics/public_html/thinkphp/library/traits/                    </small></div>
                </div>
                                <div class="clearfix">
                    <div class="col-md-3"><strong>ROOT_PATH</strong></div>
                    <div class="col-md-9"><small>
                        /www/web/apics/public_html/                    </small></div>
                </div>
                                <div class="clearfix">
                    <div class="col-md-3"><strong>EXTEND_PATH</strong></div>
                    <div class="col-md-9"><small>
                        /www/web/apics/public_html/extend/                    </small></div>
                </div>
                                <div class="clearfix">
                    <div class="col-md-3"><strong>VENDOR_PATH</strong></div>
                    <div class="col-md-9"><small>
                        /www/web/apics/public_html/vendor/                    </small></div>
                </div>
                                <div class="clearfix">
                    <div class="col-md-3"><strong>RUNTIME_PATH</strong></div>
                    <div class="col-md-9"><small>
                        /www/web/apics/public_html/runtime/                    </small></div>
                </div>
                                <div class="clearfix">
                    <div class="col-md-3"><strong>LOG_PATH</strong></div>
                    <div class="col-md-9"><small>
                        /www/web/apics/public_html/runtime/log/                    </small></div>
                </div>
                                <div class="clearfix">
                    <div class="col-md-3"><strong>CACHE_PATH</strong></div>
                    <div class="col-md-9"><small>
                        /www/web/apics/public_html/runtime/cache/                    </small></div>
                </div>
                                <div class="clearfix">
                    <div class="col-md-3"><strong>TEMP_PATH</strong></div>
                    <div class="col-md-9"><small>
                        /www/web/apics/public_html/runtime/temp/                    </small></div>
                </div>
                                <div class="clearfix">
                    <div class="col-md-3"><strong>CONF_PATH</strong></div>
                    <div class="col-md-9"><small>
                        /www/web/apics/public_html/public/../application/                    </small></div>
                </div>
                                <div class="clearfix">
                    <div class="col-md-3"><strong>CONF_EXT</strong></div>
                    <div class="col-md-9"><small>
                        .php                    </small></div>
                </div>
                                <div class="clearfix">
                    <div class="col-md-3"><strong>ENV_PREFIX</strong></div>
                    <div class="col-md-9"><small>
                        PHP_                    </small></div>
                </div>
                                <div class="clearfix">
                    <div class="col-md-3"><strong>IS_CLI</strong></div>
                    <div class="col-md-9"><small>
                        false                    </small></div>
                </div>
                                <div class="clearfix">
                    <div class="col-md-3"><strong>IS_WIN</strong></div>
                    <div class="col-md-9"><small>
                        false                    </small></div>
                </div>
                            </div>
                    </div>
            </div>
    
    <div class="copyright">
        <a title="官方网站" href="http://www.thinkphp.cn">ThinkPHP</a> 
        <span>V5.0.19</span> 
        <span>{ 十年磨一剑-为API开发设计的高性能框架 }</span>
    </div>
        <script>
        var LINE = 3;

        function $(selector, node){
            var elements;

            node = node || document;
            if(document.querySelectorAll){
                elements = node.querySelectorAll(selector);
            } else {
                switch(selector.substr(0, 1)){
                    case '#':
                        elements = [node.getElementById(selector.substr(1))];
                        break;
                    case '.':
                        if(document.getElementsByClassName){
                            elements = node.getElementsByClassName(selector.substr(1));
                        } else {
                            elements = get_elements_by_class(selector.substr(1), node);
                        }
                        break;
                    default:
                        elements = node.getElementsByTagName();
                }
            }
            return elements;

            function get_elements_by_class(search_class, node, tag) {
                var elements = [], eles, 
                    pattern  = new RegExp('(^|\\s)' + search_class + '(\\s|$)');

                node = node || document;
                tag  = tag  || '*';

                eles = node.getElementsByTagName(tag);
                for(var i = 0; i < eles.length; i++) {
                    if(pattern.test(eles[i].className)) {
                        elements.push(eles[i])
                    }
                }

                return elements;
            }
        }

        $.getScript = function(src, func){
            var script = document.createElement('script');
            
            script.async  = 'async';
            script.src    = src;
            script.onload = func || function(){};
            
            $('head')[0].appendChild(script);
        }

        ;(function(){
            var files = $('.toggle');
            var ol    = $('ol', $('.prettyprint')[0]);
            var li    = $('li', ol[0]);   

            // 短路径和长路径变换
            for(var i = 0; i < files.length; i++){
                files[i].ondblclick = function(){
                    var title = this.title;

                    this.title = this.innerHTML;
                    this.innerHTML = title;
                }
            }

            // 设置出错行
            var err_line = $('.line-' + LINE, ol[0])[0];
            err_line.className = err_line.className + ' line-error';

            $.getScript('//cdn.bootcss.com/prettify/r298/prettify.min.js', function(){
                prettyPrint();

                // 解决Firefox浏览器一个很诡异的问题
                // 当代码高亮后，ol的行号莫名其妙的错位
                // 但是只要刷新li里面的html重新渲染就没有问题了
                if(window.navigator.userAgent.indexOf('Firefox') >= 0){
                    ol[0].innerHTML = ol[0].innerHTML;
                }
            });

        })();
    </script>
    </body>
</html>
###[]###null###null###null###null
