null###2018-10-16 16:32:25###null###null#########null###null###null###null###null
5b1a190c62cb9###2018-10-16 16:32:58###{"meetingName":"","meetingStart":"2018-10-16  16:35","meetduration":180}###null###null###v3.0######<!DOCTYPE html>
<html>
<head>
    <meta charset="UTF-8">
    <title>System Error</title>
    <meta name="robots" content="noindex,nofollow" />
    <meta name="viewport" content="width=device-width, initial-scale=1, user-scalable=no">
    <style>
        /* Base */
        body {
            color: #333;
            font: 14px Verdana, "Helvetica Neue", helvetica, Arial, 'Microsoft YaHei', sans-serif;
            margin: 0;
            padding: 0 20px 20px;
            word-break: break-word;
        }
        h1{
            margin: 10px 0 0;
            font-size: 28px;
            font-weight: 500;
            line-height: 32px;
        }
        h2{
            color: #4288ce;
            font-weight: 400;
            padding: 6px 0;
            margin: 6px 0 0;
            font-size: 18px;
            border-bottom: 1px solid #eee;
        }
        h3.subheading {
            color: #4288ce;
            margin: 6px 0 0;
            font-weight: 400;
        }
        h3{
            margin: 12px;
            font-size: 16px;
            font-weight: bold;
        }
        abbr{
            cursor: help;
            text-decoration: underline;
            text-decoration-style: dotted;
        }
        a{
            color: #868686;
            cursor: pointer;
        }
        a:hover{
            text-decoration: underline;
        }
        .line-error{
            background: #f8cbcb;
        }

        .echo table {
            width: 100%;
        }

        .echo pre {
            padding: 16px;
            overflow: auto;
            font-size: 85%;
            line-height: 1.45;
            background-color: #f7f7f7;
            border: 0;
            border-radius: 3px;
            font-family: Consolas, "Liberation Mono", Menlo, Courier, monospace;
        }

        .echo pre > pre {
            padding: 0;
            margin: 0;
        }
        /* Layout */
        .col-md-3 {
            width: 25%;
        }
        .col-md-9 {
            width: 75%;
        }
        [class^="col-md-"] {
            float: left;
        }
        .clearfix {
            clear:both;
        }
        @media only screen 
        and (min-device-width : 375px) 
        and (max-device-width : 667px) { 
            .col-md-3,
            .col-md-9 {
                width: 100%;
            }
        }
        /* Exception Info */
        .exception {
            margin-top: 20px;
        }
        .exception .message{
            padding: 12px;
            border: 1px solid #ddd;
            border-bottom: 0 none;
            line-height: 18px;
            font-size:16px;
            border-top-left-radius: 4px;
            border-top-right-radius: 4px;
            font-family: Consolas,"Liberation Mono",Courier,Verdana,"微软雅黑";
        }

        .exception .code{
            float: left;
            text-align: center;
            color: #fff;
            margin-right: 12px;
            padding: 16px;
            border-radius: 4px;
            background: #999;
        }
        .exception .source-code{
            padding: 6px;
            border: 1px solid #ddd;

            background: #f9f9f9;
            overflow-x: auto;

        }
        .exception .source-code pre{
            margin: 0;
        }
        .exception .source-code pre ol{
            margin: 0;
            color: #4288ce;
            display: inline-block;
            min-width: 100%;
            box-sizing: border-box;
        font-size:14px;
            font-family: "Century Gothic",Consolas,"Liberation Mono",Courier,Verdana;
            padding-left: 56px;
        }
        .exception .source-code pre li{
            border-left: 1px solid #ddd;
            height: 18px;
            line-height: 18px;
        }
        .exception .source-code pre code{
            color: #333;
            height: 100%;
            display: inline-block;
            border-left: 1px solid #fff;
        font-size:14px;
            font-family: Consolas,"Liberation Mono",Courier,Verdana,"微软雅黑";
        }
        .exception .trace{
            padding: 6px;
            border: 1px solid #ddd;
            border-top: 0 none;
            line-height: 16px;
        font-size:14px;
            font-family: Consolas,"Liberation Mono",Courier,Verdana,"微软雅黑";
        }
        .exception .trace ol{
            margin: 12px;
        }
        .exception .trace ol li{
            padding: 2px 4px;
        }
        .exception div:last-child{
            border-bottom-left-radius: 4px;
            border-bottom-right-radius: 4px;
        }

        /* Exception Variables */
        .exception-var table{
            width: 100%;
            margin: 12px 0;
            box-sizing: border-box;
            table-layout:fixed;
            word-wrap:break-word;            
        }
        .exception-var table caption{
            text-align: left;
            font-size: 16px;
            font-weight: bold;
            padding: 6px 0;
        }
        .exception-var table caption small{
            font-weight: 300;
            display: inline-block;
            margin-left: 10px;
            color: #ccc;
        }
        .exception-var table tbody{
            font-size: 13px;
            font-family: Consolas,"Liberation Mono",Courier,"微软雅黑";
        }
        .exception-var table td{
            padding: 0 6px;
            vertical-align: top;
            word-break: break-all;
        }
        .exception-var table td:first-child{
            width: 28%;
            font-weight: bold;
            white-space: nowrap;
        }
        .exception-var table td pre{
            margin: 0;
        }

        /* Copyright Info */
        .copyright{
            margin-top: 24px;
            padding: 12px 0;
            border-top: 1px solid #eee;
        }

        /* SPAN elements with the classes below are added by prettyprint. */
        pre.prettyprint .pln { color: #000 }  /* plain text */
        pre.prettyprint .str { color: #080 }  /* string content */
        pre.prettyprint .kwd { color: #008 }  /* a keyword */
        pre.prettyprint .com { color: #800 }  /* a comment */
        pre.prettyprint .typ { color: #606 }  /* a type name */
        pre.prettyprint .lit { color: #066 }  /* a literal value */
        /* punctuation, lisp open bracket, lisp close bracket */
        pre.prettyprint .pun, pre.prettyprint .opn, pre.prettyprint .clo { color: #660 }
        pre.prettyprint .tag { color: #008 }  /* a markup tag name */
        pre.prettyprint .atn { color: #606 }  /* a markup attribute name */
        pre.prettyprint .atv { color: #080 }  /* a markup attribute value */
        pre.prettyprint .dec, pre.prettyprint .var { color: #606 }  /* a declaration; a variable name */
        pre.prettyprint .fun { color: red }  /* a function name */
    </style>
</head>
<body>
    <div class="echo">
        ﻿    </div>
        <div class="exception">
    <div class="message">
        
            <div class="info">
                <div>
                    <h2>[2]&nbsp;<abbr title="think\exception\ErrorException">ErrorException</abbr> in <a class="toggle" title="/www/web/apics/public_html/application/api/controller/Webex.php line 259">Webex.php line 259</a></h2>
                </div>
                <div><h1>Invalid argument supplied for foreach()</h1></div>
            </div>
        
    </div>
	        <div class="source-code">
            <pre class="prettyprint lang-php"><ol start="250"><li class="line-250"><code>        }else{
</code></li><li class="line-251"><code>            $getdata=$result['data']['GetConferencesForSystemsResponse']['GetConferencesForSystemsResult'];
</code></li><li class="line-252"><code>        }
</code></li><li class="line-253"><code>        
</code></li><li class="line-254"><code>        
</code></li><li class="line-255"><code>        $listdata=[];
</code></li><li class="line-256"><code>        
</code></li><li class="line-257"><code>        
</code></li><li class="line-258"><code>        if(!isset($getdata['ConferenceId'])){
</code></li><li class="line-259"><code>        foreach ($getdata as $key =&gt; $value) {
</code></li><li class="line-260"><code>            if(strtotime($value['StartTimeUTC'])&gt;$timedata['stoptime']||$timedata['startime']&gt;strtotime($value['EndTimeUTC'])){
</code></li><li class="line-261"><code>                return true;
</code></li><li class="line-262"><code>            }else{
</code></li><li class="line-263"><code>                echo $this-&gt;buildFailed(-1, '会议时段被占用，请重新选择时间。',[],false); 
</code></li><li class="line-264"><code>                
</code></li><li class="line-265"><code>                exit;
</code></li><li class="line-266"><code>            }
</code></li><li class="line-267"><code>            $listdata[$key]['starttime']=date('Y-m-d H:i:s', strtotime($value['StartTimeUTC'])+3*60);
</code></li><li class="line-268"><code>            $listdata[$key]['stoptime']=date('Y-m-d H:i:s', strtotime($value['EndTimeUTC']));
</code></li></ol></pre>
        </div>
	        <div class="trace">
            <h2>Call Stack</h2>
            <ol>
                <li>in <a class="toggle" title="/www/web/apics/public_html/application/api/controller/Webex.php line 259">Webex.php line 259</a></li>
                                <li>
                at <abbr title="think\Error">Error</abbr>::appError(2, '<a class="toggle" title="Invalid argument supplied for foreach()">Invalid argument sup...</a>', '<a class="toggle" title="/www/web/apics/public_html/application/api/controller/Webex.php">/www/web/apics/publi...</a>', 259, ['timedata' => ['startime' => 1539678720, 'stoptime' => 1539689700], 'where' => ['Pending', 'Ongoing'], 'key' => 0, ...]) in <a class="toggle" title="/www/web/apics/public_html/application/api/controller/Webex.php line 259">Webex.php line 259</a>                </li>
                                <li>
                at <abbr title="app\api\controller\Webex">Webex</abbr>->validateMeeting(['startime' => 1539678720, 'stoptime' => 1539689700]) in <a class="toggle" title="/www/web/apics/public_html/application/api/controller/Webex.php line 121">Webex.php line 121</a>                </li>
                                <li>
                at <abbr title="app\api\controller\Webex">Webex</abbr>->tmsCreatMeet()                </li>
                                <li>
                at <abbr title="ReflectionMethod">ReflectionMethod</abbr>->invokeArgs(<em>object</em>(<abbr title="app\api\controller\Webex">Webex</abbr>), []) in <a class="toggle" title="/www/web/apics/public_html/thinkphp/library/think/App.php line 343">App.php line 343</a>                </li>
                                <li>
                at <abbr title="think\App">App</abbr>::invokeMethod([<em>object</em>(<abbr title="app\api\controller\Webex">Webex</abbr>), 'tmsCreatMeet'], []) in <a class="toggle" title="/www/web/apics/public_html/thinkphp/library/think/App.php line 606">App.php line 606</a>                </li>
                                <li>
                at <abbr title="think\App">App</abbr>::module(['api', 'Webex', 'tmsCreatMeet'], ['app_host' => '', 'app_debug' => <em>true</em>, 'app_trace' => <em>false</em>, ...], <em>false</em>) in <a class="toggle" title="/www/web/apics/public_html/thinkphp/library/think/App.php line 457">App.php line 457</a>                </li>
                                <li>
                at <abbr title="think\App">App</abbr>::exec(['type' => 'module', 'module' => ['api', 'Webex', 'tmsCreatMeet'], 'convert' => <em>false</em>], ['app_host' => '', 'app_debug' => <em>true</em>, 'app_trace' => <em>false</em>, ...]) in <a class="toggle" title="/www/web/apics/public_html/thinkphp/library/think/App.php line 139">App.php line 139</a>                </li>
                                <li>
                at <abbr title="think\App">App</abbr>::run() in <a class="toggle" title="/www/web/apics/public_html/thinkphp/start.php line 19">start.php line 19</a>                </li>
                                <li>
                at require('<a class="toggle" title="/www/web/apics/public_html/thinkphp/start.php">/www/web/apics/publi...</a>') in <a class="toggle" title="/www/web/apics/public_html/public/index.php line 20">index.php line 20</a>                </li>
                            </ol>
        </div>
    </div>
        
    
        <div class="exception-var">
        <h2>Environment Variables</h2>
                <div>
                        <h3 class="subheading">GET Data</h3>
            <div>
                                <div class="clearfix">
                    <div class="col-md-3"><strong>t</strong></div>
                    <div class="col-md-9"><small>
                        2018-10-16 16:32:58                    </small></div>
                </div>
                            </div>
                    </div>
                <div>
                        <div class="clearfix">
                <div class="col-md-3"><strong>POST Data</strong></div>
                <div class="col-md-9"><small>empty</small></div>
            </div>
                    </div>
                <div>
                        <div class="clearfix">
                <div class="col-md-3"><strong>Files</strong></div>
                <div class="col-md-9"><small>empty</small></div>
            </div>
                    </div>
                <div>
                        <h3 class="subheading">Cookies</h3>
            <div>
                                <div class="clearfix">
                    <div class="col-md-3"><strong>com</strong></div>
                    <div class="col-md-9"><small>
                        ktyb                    </small></div>
                </div>
                                <div class="clearfix">
                    <div class="col-md-3"><strong>username</strong></div>
                    <div class="col-md-9"><small>
                        apiadmin                    </small></div>
                </div>
                                <div class="clearfix">
                    <div class="col-md-3"><strong>password</strong></div>
                    <div class="col-md-9"><small>
                        Mmppjjbb1$                    </small></div>
                </div>
                                <div class="clearfix">
                    <div class="col-md-3"><strong>Recheckbox</strong></div>
                    <div class="col-md-9"><small>
                        undefined                    </small></div>
                </div>
                                <div class="clearfix">
                    <div class="col-md-3"><strong>PHPSESSID</strong></div>
                    <div class="col-md-9"><small>
                        uqh088lqgvcnf724vkfmlu6n71                    </small></div>
                </div>
                            </div>
                    </div>
                <div>
                        <h3 class="subheading">Session</h3>
            <div>
                                <div class="clearfix">
                    <div class="col-md-3"><strong>think</strong></div>
                    <div class="col-md-9"><small>
                        {
    &quot;webexid&quot;: &quot;apiadmin&quot;,
    &quot;password&quot;: &quot;Mmppjjbb1$&quot;,
    &quot;sitename&quot;: &quot;ktyb&quot;,
    &quot;userName&quot;: &quot;APIAPI&quot;,
    &quot;ClientSession&quot;: &quot;7d2d51f4-d400-471e-8334-cf92b568e869&quot;
}                    </small></div>
                </div>
                            </div>
                    </div>
                <div>
                        <h3 class="subheading">Server/Request Data</h3>
            <div>
                                <div class="clearfix">
                    <div class="col-md-3"><strong>REDIRECT_HTTPS</strong></div>
                    <div class="col-md-9"><small>
                        on                    </small></div>
                </div>
                                <div class="clearfix">
                    <div class="col-md-3"><strong>REDIRECT_SSL_TLS_SNI</strong></div>
                    <div class="col-md-9"><small>
                        api.meetv.com.cn                    </small></div>
                </div>
                                <div class="clearfix">
                    <div class="col-md-3"><strong>REDIRECT_STATUS</strong></div>
                    <div class="col-md-9"><small>
                        200                    </small></div>
                </div>
                                <div class="clearfix">
                    <div class="col-md-3"><strong>HTTPS</strong></div>
                    <div class="col-md-9"><small>
                        on                    </small></div>
                </div>
                                <div class="clearfix">
                    <div class="col-md-3"><strong>SSL_TLS_SNI</strong></div>
                    <div class="col-md-9"><small>
                        api.meetv.com.cn                    </small></div>
                </div>
                                <div class="clearfix">
                    <div class="col-md-3"><strong>HTTP_HOST</strong></div>
                    <div class="col-md-9"><small>
                        api.meetv.com.cn                    </small></div>
                </div>
                                <div class="clearfix">
                    <div class="col-md-3"><strong>HTTP_CONNECTION</strong></div>
                    <div class="col-md-9"><small>
                        keep-alive                    </small></div>
                </div>
                                <div class="clearfix">
                    <div class="col-md-3"><strong>CONTENT_LENGTH</strong></div>
                    <div class="col-md-9"><small>
                        72                    </small></div>
                </div>
                                <div class="clearfix">
                    <div class="col-md-3"><strong>HTTP_ACCEPT</strong></div>
                    <div class="col-md-9"><small>
                        application/json, text/plain, */*                    </small></div>
                </div>
                                <div class="clearfix">
                    <div class="col-md-3"><strong>HTTP_ORIGIN</strong></div>
                    <div class="col-md-9"><small>
                        https://api.meetv.com.cn                    </small></div>
                </div>
                                <div class="clearfix">
                    <div class="col-md-3"><strong>CONTENT_TYPE</strong></div>
                    <div class="col-md-9"><small>
                        application/json;charset=UTF-8                    </small></div>
                </div>
                                <div class="clearfix">
                    <div class="col-md-3"><strong>HTTP_USER_AGENT</strong></div>
                    <div class="col-md-9"><small>
                        Mozilla/5.0 (Linux; Android 8.1; vivo NEX A Build/OPM1.171019.026; wv) AppleWebKit/537.36 (KHTML, like Gecko) Version/4.0 Chrome/57.0.2987.132 MQQBrowser/6.2 TBS/044306 Mobile Safari/537.36 MicroMessenger/6.7.3.1360(0x26070334) NetType/WIFI Language/zh_CN Process/tools                    </small></div>
                </div>
                                <div class="clearfix">
                    <div class="col-md-3"><strong>HTTP_VERSION</strong></div>
                    <div class="col-md-9"><small>
                        v3.0                    </small></div>
                </div>
                                <div class="clearfix">
                    <div class="col-md-3"><strong>HTTP_REFERER</strong></div>
                    <div class="col-md-9"><small>
                        https://api.meetv.com.cn/login                    </small></div>
                </div>
                                <div class="clearfix">
                    <div class="col-md-3"><strong>HTTP_ACCEPT_ENCODING</strong></div>
                    <div class="col-md-9"><small>
                        gzip, deflate                    </small></div>
                </div>
                                <div class="clearfix">
                    <div class="col-md-3"><strong>HTTP_ACCEPT_LANGUAGE</strong></div>
                    <div class="col-md-9"><small>
                        zh-CN,en-US;q=0.8                    </small></div>
                </div>
                                <div class="clearfix">
                    <div class="col-md-3"><strong>HTTP_COOKIE</strong></div>
                    <div class="col-md-9"><small>
                        com=ktyb; username=apiadmin; password=Mmppjjbb1$; Recheckbox=undefined; PHPSESSID=uqh088lqgvcnf724vkfmlu6n71                    </small></div>
                </div>
                                <div class="clearfix">
                    <div class="col-md-3"><strong>HTTP_X_REQUESTED_WITH</strong></div>
                    <div class="col-md-9"><small>
                        com.tencent.mm                    </small></div>
                </div>
                                <div class="clearfix">
                    <div class="col-md-3"><strong>PATH</strong></div>
                    <div class="col-md-9"><small>
                        /sbin:/usr/sbin:/bin:/usr/bin                    </small></div>
                </div>
                                <div class="clearfix">
                    <div class="col-md-3"><strong>SERVER_SIGNATURE</strong></div>
                    <div class="col-md-9"><small>
                                            </small></div>
                </div>
                                <div class="clearfix">
                    <div class="col-md-3"><strong>SERVER_SOFTWARE</strong></div>
                    <div class="col-md-9"><small>
                        Apache                    </small></div>
                </div>
                                <div class="clearfix">
                    <div class="col-md-3"><strong>SERVER_NAME</strong></div>
                    <div class="col-md-9"><small>
                        api.meetv.com.cn                    </small></div>
                </div>
                                <div class="clearfix">
                    <div class="col-md-3"><strong>SERVER_ADDR</strong></div>
                    <div class="col-md-9"><small>
                        121.42.207.83                    </small></div>
                </div>
                                <div class="clearfix">
                    <div class="col-md-3"><strong>SERVER_PORT</strong></div>
                    <div class="col-md-9"><small>
                        443                    </small></div>
                </div>
                                <div class="clearfix">
                    <div class="col-md-3"><strong>REMOTE_ADDR</strong></div>
                    <div class="col-md-9"><small>
                        180.154.157.198                    </small></div>
                </div>
                                <div class="clearfix">
                    <div class="col-md-3"><strong>DOCUMENT_ROOT</strong></div>
                    <div class="col-md-9"><small>
                        /www/web/apics/public_html/public                    </small></div>
                </div>
                                <div class="clearfix">
                    <div class="col-md-3"><strong>REQUEST_SCHEME</strong></div>
                    <div class="col-md-9"><small>
                        https                    </small></div>
                </div>
                                <div class="clearfix">
                    <div class="col-md-3"><strong>CONTEXT_PREFIX</strong></div>
                    <div class="col-md-9"><small>
                                            </small></div>
                </div>
                                <div class="clearfix">
                    <div class="col-md-3"><strong>CONTEXT_DOCUMENT_ROOT</strong></div>
                    <div class="col-md-9"><small>
                        /www/web/apics/public_html/public                    </small></div>
                </div>
                                <div class="clearfix">
                    <div class="col-md-3"><strong>SERVER_ADMIN</strong></div>
                    <div class="col-md-9"><small>
                        you@example.com                    </small></div>
                </div>
                                <div class="clearfix">
                    <div class="col-md-3"><strong>SCRIPT_FILENAME</strong></div>
                    <div class="col-md-9"><small>
                        /www/web/apics/public_html/public/index.php                    </small></div>
                </div>
                                <div class="clearfix">
                    <div class="col-md-3"><strong>REMOTE_PORT</strong></div>
                    <div class="col-md-9"><small>
                        46816                    </small></div>
                </div>
                                <div class="clearfix">
                    <div class="col-md-3"><strong>REDIRECT_URL</strong></div>
                    <div class="col-md-9"><small>
                        /api/5b1a190c62cb9                    </small></div>
                </div>
                                <div class="clearfix">
                    <div class="col-md-3"><strong>REDIRECT_QUERY_STRING</strong></div>
                    <div class="col-md-9"><small>
                        t=2018-10-16%2016:32:58                    </small></div>
                </div>
                                <div class="clearfix">
                    <div class="col-md-3"><strong>GATEWAY_INTERFACE</strong></div>
                    <div class="col-md-9"><small>
                        CGI/1.1                    </small></div>
                </div>
                                <div class="clearfix">
                    <div class="col-md-3"><strong>SERVER_PROTOCOL</strong></div>
                    <div class="col-md-9"><small>
                        HTTP/1.1                    </small></div>
                </div>
                                <div class="clearfix">
                    <div class="col-md-3"><strong>REQUEST_METHOD</strong></div>
                    <div class="col-md-9"><small>
                        POST                    </small></div>
                </div>
                                <div class="clearfix">
                    <div class="col-md-3"><strong>QUERY_STRING</strong></div>
                    <div class="col-md-9"><small>
                        t=2018-10-16%2016:32:58                    </small></div>
                </div>
                                <div class="clearfix">
                    <div class="col-md-3"><strong>REQUEST_URI</strong></div>
                    <div class="col-md-9"><small>
                        /api/5b1a190c62cb9?t=2018-10-16%2016:32:58                    </small></div>
                </div>
                                <div class="clearfix">
                    <div class="col-md-3"><strong>SCRIPT_NAME</strong></div>
                    <div class="col-md-9"><small>
                        /index.php                    </small></div>
                </div>
                                <div class="clearfix">
                    <div class="col-md-3"><strong>PATH_INFO</strong></div>
                    <div class="col-md-9"><small>
                        /api/5b1a190c62cb9                    </small></div>
                </div>
                                <div class="clearfix">
                    <div class="col-md-3"><strong>PATH_TRANSLATED</strong></div>
                    <div class="col-md-9"><small>
                        redirect:/index.php/api/5b1a190c62cb9/5b1a190c62cb9                    </small></div>
                </div>
                                <div class="clearfix">
                    <div class="col-md-3"><strong>PHP_SELF</strong></div>
                    <div class="col-md-9"><small>
                        /index.php/api/5b1a190c62cb9                    </small></div>
                </div>
                                <div class="clearfix">
                    <div class="col-md-3"><strong>REQUEST_TIME_FLOAT</strong></div>
                    <div class="col-md-9"><small>
                        1539678778.704                    </small></div>
                </div>
                                <div class="clearfix">
                    <div class="col-md-3"><strong>REQUEST_TIME</strong></div>
                    <div class="col-md-9"><small>
                        1539678778                    </small></div>
                </div>
                            </div>
                    </div>
                <div>
                        <div class="clearfix">
                <div class="col-md-3"><strong>Environment Variables</strong></div>
                <div class="col-md-9"><small>empty</small></div>
            </div>
                    </div>
                <div>
                        <h3 class="subheading">ThinkPHP Constants</h3>
            <div>
                                <div class="clearfix">
                    <div class="col-md-3"><strong>APP_PATH</strong></div>
                    <div class="col-md-9"><small>
                        /www/web/apics/public_html/public/../application/                    </small></div>
                </div>
                                <div class="clearfix">
                    <div class="col-md-3"><strong>DATA_PATH</strong></div>
                    <div class="col-md-9"><small>
                        /www/web/apics/public_html/public/../runtime/Data/                    </small></div>
                </div>
                                <div class="clearfix">
                    <div class="col-md-3"><strong>DOWNLOAD_PATH</strong></div>
                    <div class="col-md-9"><small>
                        /www/web/apics/public_html/public/../public/download/                    </small></div>
                </div>
                                <div class="clearfix">
                    <div class="col-md-3"><strong>THINK_VERSION</strong></div>
                    <div class="col-md-9"><small>
                        5.0.19                    </small></div>
                </div>
                                <div class="clearfix">
                    <div class="col-md-3"><strong>THINK_START_TIME</strong></div>
                    <div class="col-md-9"><small>
                        1539678778.7054                    </small></div>
                </div>
                                <div class="clearfix">
                    <div class="col-md-3"><strong>THINK_START_MEM</strong></div>
                    <div class="col-md-9"><small>
                        267960                    </small></div>
                </div>
                                <div class="clearfix">
                    <div class="col-md-3"><strong>EXT</strong></div>
                    <div class="col-md-9"><small>
                        .php                    </small></div>
                </div>
                                <div class="clearfix">
                    <div class="col-md-3"><strong>DS</strong></div>
                    <div class="col-md-9"><small>
                        /                    </small></div>
                </div>
                                <div class="clearfix">
                    <div class="col-md-3"><strong>THINK_PATH</strong></div>
                    <div class="col-md-9"><small>
                        /www/web/apics/public_html/thinkphp/                    </small></div>
                </div>
                                <div class="clearfix">
                    <div class="col-md-3"><strong>LIB_PATH</strong></div>
                    <div class="col-md-9"><small>
                        /www/web/apics/public_html/thinkphp/library/                    </small></div>
                </div>
                                <div class="clearfix">
                    <div class="col-md-3"><strong>CORE_PATH</strong></div>
                    <div class="col-md-9"><small>
                        /www/web/apics/public_html/thinkphp/library/think/                    </small></div>
                </div>
                                <div class="clearfix">
                    <div class="col-md-3"><strong>TRAIT_PATH</strong></div>
                    <div class="col-md-9"><small>
                        /www/web/apics/public_html/thinkphp/library/traits/                    </small></div>
                </div>
                                <div class="clearfix">
                    <div class="col-md-3"><strong>ROOT_PATH</strong></div>
                    <div class="col-md-9"><small>
                        /www/web/apics/public_html/                    </small></div>
                </div>
                                <div class="clearfix">
                    <div class="col-md-3"><strong>EXTEND_PATH</strong></div>
                    <div class="col-md-9"><small>
                        /www/web/apics/public_html/extend/                    </small></div>
                </div>
                                <div class="clearfix">
                    <div class="col-md-3"><strong>VENDOR_PATH</strong></div>
                    <div class="col-md-9"><small>
                        /www/web/apics/public_html/vendor/                    </small></div>
                </div>
                                <div class="clearfix">
                    <div class="col-md-3"><strong>RUNTIME_PATH</strong></div>
                    <div class="col-md-9"><small>
                        /www/web/apics/public_html/runtime/                    </small></div>
                </div>
                                <div class="clearfix">
                    <div class="col-md-3"><strong>LOG_PATH</strong></div>
                    <div class="col-md-9"><small>
                        /www/web/apics/public_html/runtime/log/                    </small></div>
                </div>
                                <div class="clearfix">
                    <div class="col-md-3"><strong>CACHE_PATH</strong></div>
                    <div class="col-md-9"><small>
                        /www/web/apics/public_html/runtime/cache/                    </small></div>
                </div>
                                <div class="clearfix">
                    <div class="col-md-3"><strong>TEMP_PATH</strong></div>
                    <div class="col-md-9"><small>
                        /www/web/apics/public_html/runtime/temp/                    </small></div>
                </div>
                                <div class="clearfix">
                    <div class="col-md-3"><strong>CONF_PATH</strong></div>
                    <div class="col-md-9"><small>
                        /www/web/apics/public_html/public/../application/                    </small></div>
                </div>
                                <div class="clearfix">
                    <div class="col-md-3"><strong>CONF_EXT</strong></div>
                    <div class="col-md-9"><small>
                        .php                    </small></div>
                </div>
                                <div class="clearfix">
                    <div class="col-md-3"><strong>ENV_PREFIX</strong></div>
                    <div class="col-md-9"><small>
                        PHP_                    </small></div>
                </div>
                                <div class="clearfix">
                    <div class="col-md-3"><strong>IS_CLI</strong></div>
                    <div class="col-md-9"><small>
                        false                    </small></div>
                </div>
                                <div class="clearfix">
                    <div class="col-md-3"><strong>IS_WIN</strong></div>
                    <div class="col-md-9"><small>
                        false                    </small></div>
                </div>
                            </div>
                    </div>
            </div>
    
    <div class="copyright">
        <a title="官方网站" href="http://www.thinkphp.cn">ThinkPHP</a> 
        <span>V5.0.19</span> 
        <span>{ 十年磨一剑-为API开发设计的高性能框架 }</span>
    </div>
        <script>
        var LINE = 259;

        function $(selector, node){
            var elements;

            node = node || document;
            if(document.querySelectorAll){
                elements = node.querySelectorAll(selector);
            } else {
                switch(selector.substr(0, 1)){
                    case '#':
                        elements = [node.getElementById(selector.substr(1))];
                        break;
                    case '.':
                        if(document.getElementsByClassName){
                            elements = node.getElementsByClassName(selector.substr(1));
                        } else {
                            elements = get_elements_by_class(selector.substr(1), node);
                        }
                        break;
                    default:
                        elements = node.getElementsByTagName();
                }
            }
            return elements;

            function get_elements_by_class(search_class, node, tag) {
                var elements = [], eles, 
                    pattern  = new RegExp('(^|\\s)' + search_class + '(\\s|$)');

                node = node || document;
                tag  = tag  || '*';

                eles = node.getElementsByTagName(tag);
                for(var i = 0; i < eles.length; i++) {
                    if(pattern.test(eles[i].className)) {
                        elements.push(eles[i])
                    }
                }

                return elements;
            }
        }

        $.getScript = function(src, func){
            var script = document.createElement('script');
            
            script.async  = 'async';
            script.src    = src;
            script.onload = func || function(){};
            
            $('head')[0].appendChild(script);
        }

        ;(function(){
            var files = $('.toggle');
            var ol    = $('ol', $('.prettyprint')[0]);
            var li    = $('li', ol[0]);   

            // 短路径和长路径变换
            for(var i = 0; i < files.length; i++){
                files[i].ondblclick = function(){
                    var title = this.title;

                    this.title = this.innerHTML;
                    this.innerHTML = title;
                }
            }

            // 设置出错行
            var err_line = $('.line-' + LINE, ol[0])[0];
            err_line.className = err_line.className + ' line-error';

            $.getScript('//cdn.bootcss.com/prettify/r298/prettify.min.js', function(){
                prettyPrint();

                // 解决Firefox浏览器一个很诡异的问题
                // 当代码高亮后，ol的行号莫名其妙的错位
                // 但是只要刷新li里面的html重新渲染就没有问题了
                if(window.navigator.userAgent.indexOf('Firefox') >= 0){
                    ol[0].innerHTML = ol[0].innerHTML;
                }
            });

        })();
    </script>
    </body>
</html>
###{"meetingName":"","meetingStart":"2018-10-16  16:35","meetduration":180,"meetingPassword":""}###null###null###null###null
null###2018-10-16 16:36:08###null###null#########null###null###null###null###null
null###2018-10-16 16:36:14###null###null#########null###null###null###null###null
5b47103ab2ae5###2018-10-16 16:36:25###{"ConferenceStatus":"Ongoing"}###null###null###v3.0######<!DOCTYPE html>
<html>
<head>
    <meta charset="UTF-8">
    <title>System Error</title>
    <meta name="robots" content="noindex,nofollow" />
    <meta name="viewport" content="width=device-width, initial-scale=1, user-scalable=no">
    <style>
        /* Base */
        body {
            color: #333;
            font: 14px Verdana, "Helvetica Neue", helvetica, Arial, 'Microsoft YaHei', sans-serif;
            margin: 0;
            padding: 0 20px 20px;
            word-break: break-word;
        }
        h1{
            margin: 10px 0 0;
            font-size: 28px;
            font-weight: 500;
            line-height: 32px;
        }
        h2{
            color: #4288ce;
            font-weight: 400;
            padding: 6px 0;
            margin: 6px 0 0;
            font-size: 18px;
            border-bottom: 1px solid #eee;
        }
        h3.subheading {
            color: #4288ce;
            margin: 6px 0 0;
            font-weight: 400;
        }
        h3{
            margin: 12px;
            font-size: 16px;
            font-weight: bold;
        }
        abbr{
            cursor: help;
            text-decoration: underline;
            text-decoration-style: dotted;
        }
        a{
            color: #868686;
            cursor: pointer;
        }
        a:hover{
            text-decoration: underline;
        }
        .line-error{
            background: #f8cbcb;
        }

        .echo table {
            width: 100%;
        }

        .echo pre {
            padding: 16px;
            overflow: auto;
            font-size: 85%;
            line-height: 1.45;
            background-color: #f7f7f7;
            border: 0;
            border-radius: 3px;
            font-family: Consolas, "Liberation Mono", Menlo, Courier, monospace;
        }

        .echo pre > pre {
            padding: 0;
            margin: 0;
        }
        /* Layout */
        .col-md-3 {
            width: 25%;
        }
        .col-md-9 {
            width: 75%;
        }
        [class^="col-md-"] {
            float: left;
        }
        .clearfix {
            clear:both;
        }
        @media only screen 
        and (min-device-width : 375px) 
        and (max-device-width : 667px) { 
            .col-md-3,
            .col-md-9 {
                width: 100%;
            }
        }
        /* Exception Info */
        .exception {
            margin-top: 20px;
        }
        .exception .message{
            padding: 12px;
            border: 1px solid #ddd;
            border-bottom: 0 none;
            line-height: 18px;
            font-size:16px;
            border-top-left-radius: 4px;
            border-top-right-radius: 4px;
            font-family: Consolas,"Liberation Mono",Courier,Verdana,"微软雅黑";
        }

        .exception .code{
            float: left;
            text-align: center;
            color: #fff;
            margin-right: 12px;
            padding: 16px;
            border-radius: 4px;
            background: #999;
        }
        .exception .source-code{
            padding: 6px;
            border: 1px solid #ddd;

            background: #f9f9f9;
            overflow-x: auto;

        }
        .exception .source-code pre{
            margin: 0;
        }
        .exception .source-code pre ol{
            margin: 0;
            color: #4288ce;
            display: inline-block;
            min-width: 100%;
            box-sizing: border-box;
        font-size:14px;
            font-family: "Century Gothic",Consolas,"Liberation Mono",Courier,Verdana;
            padding-left: 56px;
        }
        .exception .source-code pre li{
            border-left: 1px solid #ddd;
            height: 18px;
            line-height: 18px;
        }
        .exception .source-code pre code{
            color: #333;
            height: 100%;
            display: inline-block;
            border-left: 1px solid #fff;
        font-size:14px;
            font-family: Consolas,"Liberation Mono",Courier,Verdana,"微软雅黑";
        }
        .exception .trace{
            padding: 6px;
            border: 1px solid #ddd;
            border-top: 0 none;
            line-height: 16px;
        font-size:14px;
            font-family: Consolas,"Liberation Mono",Courier,Verdana,"微软雅黑";
        }
        .exception .trace ol{
            margin: 12px;
        }
        .exception .trace ol li{
            padding: 2px 4px;
        }
        .exception div:last-child{
            border-bottom-left-radius: 4px;
            border-bottom-right-radius: 4px;
        }

        /* Exception Variables */
        .exception-var table{
            width: 100%;
            margin: 12px 0;
            box-sizing: border-box;
            table-layout:fixed;
            word-wrap:break-word;            
        }
        .exception-var table caption{
            text-align: left;
            font-size: 16px;
            font-weight: bold;
            padding: 6px 0;
        }
        .exception-var table caption small{
            font-weight: 300;
            display: inline-block;
            margin-left: 10px;
            color: #ccc;
        }
        .exception-var table tbody{
            font-size: 13px;
            font-family: Consolas,"Liberation Mono",Courier,"微软雅黑";
        }
        .exception-var table td{
            padding: 0 6px;
            vertical-align: top;
            word-break: break-all;
        }
        .exception-var table td:first-child{
            width: 28%;
            font-weight: bold;
            white-space: nowrap;
        }
        .exception-var table td pre{
            margin: 0;
        }

        /* Copyright Info */
        .copyright{
            margin-top: 24px;
            padding: 12px 0;
            border-top: 1px solid #eee;
        }

        /* SPAN elements with the classes below are added by prettyprint. */
        pre.prettyprint .pln { color: #000 }  /* plain text */
        pre.prettyprint .str { color: #080 }  /* string content */
        pre.prettyprint .kwd { color: #008 }  /* a keyword */
        pre.prettyprint .com { color: #800 }  /* a comment */
        pre.prettyprint .typ { color: #606 }  /* a type name */
        pre.prettyprint .lit { color: #066 }  /* a literal value */
        /* punctuation, lisp open bracket, lisp close bracket */
        pre.prettyprint .pun, pre.prettyprint .opn, pre.prettyprint .clo { color: #660 }
        pre.prettyprint .tag { color: #008 }  /* a markup tag name */
        pre.prettyprint .atn { color: #606 }  /* a markup attribute name */
        pre.prettyprint .atv { color: #080 }  /* a markup attribute value */
        pre.prettyprint .dec, pre.prettyprint .var { color: #606 }  /* a declaration; a variable name */
        pre.prettyprint .fun { color: red }  /* a function name */
    </style>
</head>
<body>
    <div class="echo">
        ﻿    </div>
        <div class="exception">
    <div class="message">
        
            <div class="info">
                <div>
                    <h2>[2]&nbsp;<abbr title="think\exception\ErrorException">ErrorException</abbr> in <a class="toggle" title="/www/web/apics/public_html/application/api/controller/Webex.php line 402">Webex.php line 402</a></h2>
                </div>
                <div><h1>Invalid argument supplied for foreach()</h1></div>
            </div>
        
    </div>
	        <div class="source-code">
            <pre class="prettyprint lang-php"><ol start="393"><li class="line-393"><code>            $getdata=$result['data']['GetConferencesForSystemsResponse']['GetConferencesForSystemsResult']['Conference'];
</code></li><li class="line-394"><code>        }else{
</code></li><li class="line-395"><code>            $getdata=$result['data']['GetConferencesForSystemsResponse']['GetConferencesForSystemsResult'];
</code></li><li class="line-396"><code>        }
</code></li><li class="line-397"><code>        
</code></li><li class="line-398"><code>        
</code></li><li class="line-399"><code>        $listdata=[];
</code></li><li class="line-400"><code>      
</code></li><li class="line-401"><code>        if(!isset($getdata['ConferenceId'])){
</code></li><li class="line-402"><code>        foreach ($getdata as $key =&gt; $value) {
</code></li><li class="line-403"><code>            $listdata[$key]['starttime']=date('Y-m-d H:i:s', strtotime($value['StartTimeUTC'])+3*60);
</code></li><li class="line-404"><code>//            $listdata[$key]['starttime']=date('Y-m-d H:i:s', strtotime($value['StartTimeUTC']));
</code></li><li class="line-405"><code>            $listdata[$key]['stoptime']=date('Y-m-d H:i:s', strtotime($value['EndTimeUTC']));
</code></li><li class="line-406"><code>            $listdata[$key]['meetingkey']=$value['ConferenceId'];
</code></li><li class="line-407"><code>            $listdata[$key]['meetingname']=$value['Title'];
</code></li><li class="line-408"><code>            $listdata[$key]['meetstatus']=$value['ConferenceState']['Status'];
</code></li><li class="line-409"><code>            
</code></li><li class="line-410"><code>         }
</code></li><li class="line-411"><code>        }else{
</code></li></ol></pre>
        </div>
	        <div class="trace">
            <h2>Call Stack</h2>
            <ol>
                <li>in <a class="toggle" title="/www/web/apics/public_html/application/api/controller/Webex.php line 402">Webex.php line 402</a></li>
                                <li>
                at <abbr title="think\Error">Error</abbr>::appError(2, '<a class="toggle" title="Invalid argument supplied for foreach()">Invalid argument sup...</a>', '<a class="toggle" title="/www/web/apics/public_html/application/api/controller/Webex.php">/www/web/apics/publi...</a>', 402, ['postdata' => ['ConferenceStatus' => 'Ongoing'], 'result' => ['code' => 1, 'data' => <em>null</em>], 'status' => <em>true</em>, ...]) in <a class="toggle" title="/www/web/apics/public_html/application/api/controller/Webex.php line 402">Webex.php line 402</a>                </li>
                                <li>
                at <abbr title="app\api\controller\Webex">Webex</abbr>->tmsGetMeetingList()                </li>
                                <li>
                at <abbr title="ReflectionMethod">ReflectionMethod</abbr>->invokeArgs(<em>object</em>(<abbr title="app\api\controller\Webex">Webex</abbr>), []) in <a class="toggle" title="/www/web/apics/public_html/thinkphp/library/think/App.php line 343">App.php line 343</a>                </li>
                                <li>
                at <abbr title="think\App">App</abbr>::invokeMethod([<em>object</em>(<abbr title="app\api\controller\Webex">Webex</abbr>), 'tmsGetMeetingList'], []) in <a class="toggle" title="/www/web/apics/public_html/thinkphp/library/think/App.php line 606">App.php line 606</a>                </li>
                                <li>
                at <abbr title="think\App">App</abbr>::module(['api', 'Webex', 'tmsGetMeetingList'], ['app_host' => '', 'app_debug' => <em>true</em>, 'app_trace' => <em>false</em>, ...], <em>false</em>) in <a class="toggle" title="/www/web/apics/public_html/thinkphp/library/think/App.php line 457">App.php line 457</a>                </li>
                                <li>
                at <abbr title="think\App">App</abbr>::exec(['type' => 'module', 'module' => ['api', 'Webex', 'tmsGetMeetingList'], 'convert' => <em>false</em>], ['app_host' => '', 'app_debug' => <em>true</em>, 'app_trace' => <em>false</em>, ...]) in <a class="toggle" title="/www/web/apics/public_html/thinkphp/library/think/App.php line 139">App.php line 139</a>                </li>
                                <li>
                at <abbr title="think\App">App</abbr>::run() in <a class="toggle" title="/www/web/apics/public_html/thinkphp/start.php line 19">start.php line 19</a>                </li>
                                <li>
                at require('<a class="toggle" title="/www/web/apics/public_html/thinkphp/start.php">/www/web/apics/publi...</a>') in <a class="toggle" title="/www/web/apics/public_html/public/index.php line 20">index.php line 20</a>                </li>
                            </ol>
        </div>
    </div>
        
    
        <div class="exception-var">
        <h2>Environment Variables</h2>
                <div>
                        <h3 class="subheading">GET Data</h3>
            <div>
                                <div class="clearfix">
                    <div class="col-md-3"><strong>t</strong></div>
                    <div class="col-md-9"><small>
                        1539678986143                    </small></div>
                </div>
                            </div>
                    </div>
                <div>
                        <div class="clearfix">
                <div class="col-md-3"><strong>POST Data</strong></div>
                <div class="col-md-9"><small>empty</small></div>
            </div>
                    </div>
                <div>
                        <div class="clearfix">
                <div class="col-md-3"><strong>Files</strong></div>
                <div class="col-md-9"><small>empty</small></div>
            </div>
                    </div>
                <div>
                        <h3 class="subheading">Cookies</h3>
            <div>
                                <div class="clearfix">
                    <div class="col-md-3"><strong>com</strong></div>
                    <div class="col-md-9"><small>
                        ktyb                    </small></div>
                </div>
                                <div class="clearfix">
                    <div class="col-md-3"><strong>username</strong></div>
                    <div class="col-md-9"><small>
                        apiadmin                    </small></div>
                </div>
                                <div class="clearfix">
                    <div class="col-md-3"><strong>password</strong></div>
                    <div class="col-md-9"><small>
                        Mmppjjbb1$                    </small></div>
                </div>
                                <div class="clearfix">
                    <div class="col-md-3"><strong>Recheckbox</strong></div>
                    <div class="col-md-9"><small>
                        undefined                    </small></div>
                </div>
                                <div class="clearfix">
                    <div class="col-md-3"><strong>PHPSESSID</strong></div>
                    <div class="col-md-9"><small>
                        7vjq8k2h5951ofcm78ipv74rj5                    </small></div>
                </div>
                            </div>
                    </div>
                <div>
                        <h3 class="subheading">Session</h3>
            <div>
                                <div class="clearfix">
                    <div class="col-md-3"><strong>think</strong></div>
                    <div class="col-md-9"><small>
                        {
    &quot;webexid&quot;: &quot;apiadmin&quot;,
    &quot;password&quot;: &quot;Mmppjjbb1$&quot;,
    &quot;sitename&quot;: &quot;ktyb&quot;,
    &quot;userName&quot;: &quot;APIAPI&quot;,
    &quot;ClientSession&quot;: &quot;7d2d51f4-d400-471e-8334-cf92b568e869&quot;
}                    </small></div>
                </div>
                            </div>
                    </div>
                <div>
                        <h3 class="subheading">Server/Request Data</h3>
            <div>
                                <div class="clearfix">
                    <div class="col-md-3"><strong>REDIRECT_HTTPS</strong></div>
                    <div class="col-md-9"><small>
                        on                    </small></div>
                </div>
                                <div class="clearfix">
                    <div class="col-md-3"><strong>REDIRECT_SSL_TLS_SNI</strong></div>
                    <div class="col-md-9"><small>
                        api.meetv.com.cn                    </small></div>
                </div>
                                <div class="clearfix">
                    <div class="col-md-3"><strong>REDIRECT_STATUS</strong></div>
                    <div class="col-md-9"><small>
                        200                    </small></div>
                </div>
                                <div class="clearfix">
                    <div class="col-md-3"><strong>HTTPS</strong></div>
                    <div class="col-md-9"><small>
                        on                    </small></div>
                </div>
                                <div class="clearfix">
                    <div class="col-md-3"><strong>SSL_TLS_SNI</strong></div>
                    <div class="col-md-9"><small>
                        api.meetv.com.cn                    </small></div>
                </div>
                                <div class="clearfix">
                    <div class="col-md-3"><strong>HTTP_HOST</strong></div>
                    <div class="col-md-9"><small>
                        api.meetv.com.cn                    </small></div>
                </div>
                                <div class="clearfix">
                    <div class="col-md-3"><strong>HTTP_CONNECTION</strong></div>
                    <div class="col-md-9"><small>
                        keep-alive                    </small></div>
                </div>
                                <div class="clearfix">
                    <div class="col-md-3"><strong>CONTENT_LENGTH</strong></div>
                    <div class="col-md-9"><small>
                        30                    </small></div>
                </div>
                                <div class="clearfix">
                    <div class="col-md-3"><strong>HTTP_ACCEPT</strong></div>
                    <div class="col-md-9"><small>
                        application/json, text/plain, */*                    </small></div>
                </div>
                                <div class="clearfix">
                    <div class="col-md-3"><strong>HTTP_ORIGIN</strong></div>
                    <div class="col-md-9"><small>
                        https://api.meetv.com.cn                    </small></div>
                </div>
                                <div class="clearfix">
                    <div class="col-md-3"><strong>CONTENT_TYPE</strong></div>
                    <div class="col-md-9"><small>
                        application/json;charset=UTF-8                    </small></div>
                </div>
                                <div class="clearfix">
                    <div class="col-md-3"><strong>HTTP_USER_AGENT</strong></div>
                    <div class="col-md-9"><small>
                        Mozilla/5.0 (Linux; Android 8.0; Pixel 2 Build/OPD3.170816.012) AppleWebKit/537.36 (KHTML, like Gecko) Chrome/69.0.3497.92 Mobile Safari/537.36                    </small></div>
                </div>
                                <div class="clearfix">
                    <div class="col-md-3"><strong>HTTP_VERSION</strong></div>
                    <div class="col-md-9"><small>
                        v3.0                    </small></div>
                </div>
                                <div class="clearfix">
                    <div class="col-md-3"><strong>HTTP_REFERER</strong></div>
                    <div class="col-md-9"><small>
                        https://api.meetv.com.cn/                    </small></div>
                </div>
                                <div class="clearfix">
                    <div class="col-md-3"><strong>HTTP_ACCEPT_ENCODING</strong></div>
                    <div class="col-md-9"><small>
                        gzip, deflate, br                    </small></div>
                </div>
                                <div class="clearfix">
                    <div class="col-md-3"><strong>HTTP_ACCEPT_LANGUAGE</strong></div>
                    <div class="col-md-9"><small>
                        zh-CN,zh;q=0.9                    </small></div>
                </div>
                                <div class="clearfix">
                    <div class="col-md-3"><strong>HTTP_COOKIE</strong></div>
                    <div class="col-md-9"><small>
                        com=ktyb; username=apiadmin; password=Mmppjjbb1$; Recheckbox=undefined; PHPSESSID=7vjq8k2h5951ofcm78ipv74rj5                    </small></div>
                </div>
                                <div class="clearfix">
                    <div class="col-md-3"><strong>PATH</strong></div>
                    <div class="col-md-9"><small>
                        /sbin:/usr/sbin:/bin:/usr/bin                    </small></div>
                </div>
                                <div class="clearfix">
                    <div class="col-md-3"><strong>SERVER_SIGNATURE</strong></div>
                    <div class="col-md-9"><small>
                                            </small></div>
                </div>
                                <div class="clearfix">
                    <div class="col-md-3"><strong>SERVER_SOFTWARE</strong></div>
                    <div class="col-md-9"><small>
                        Apache                    </small></div>
                </div>
                                <div class="clearfix">
                    <div class="col-md-3"><strong>SERVER_NAME</strong></div>
                    <div class="col-md-9"><small>
                        api.meetv.com.cn                    </small></div>
                </div>
                                <div class="clearfix">
                    <div class="col-md-3"><strong>SERVER_ADDR</strong></div>
                    <div class="col-md-9"><small>
                        121.42.207.83                    </small></div>
                </div>
                                <div class="clearfix">
                    <div class="col-md-3"><strong>SERVER_PORT</strong></div>
                    <div class="col-md-9"><small>
                        443                    </small></div>
                </div>
                                <div class="clearfix">
                    <div class="col-md-3"><strong>REMOTE_ADDR</strong></div>
                    <div class="col-md-9"><small>
                        211.161.194.117                    </small></div>
                </div>
                                <div class="clearfix">
                    <div class="col-md-3"><strong>DOCUMENT_ROOT</strong></div>
                    <div class="col-md-9"><small>
                        /www/web/apics/public_html/public                    </small></div>
                </div>
                                <div class="clearfix">
                    <div class="col-md-3"><strong>REQUEST_SCHEME</strong></div>
                    <div class="col-md-9"><small>
                        https                    </small></div>
                </div>
                                <div class="clearfix">
                    <div class="col-md-3"><strong>CONTEXT_PREFIX</strong></div>
                    <div class="col-md-9"><small>
                                            </small></div>
                </div>
                                <div class="clearfix">
                    <div class="col-md-3"><strong>CONTEXT_DOCUMENT_ROOT</strong></div>
                    <div class="col-md-9"><small>
                        /www/web/apics/public_html/public                    </small></div>
                </div>
                                <div class="clearfix">
                    <div class="col-md-3"><strong>SERVER_ADMIN</strong></div>
                    <div class="col-md-9"><small>
                        you@example.com                    </small></div>
                </div>
                                <div class="clearfix">
                    <div class="col-md-3"><strong>SCRIPT_FILENAME</strong></div>
                    <div class="col-md-9"><small>
                        /www/web/apics/public_html/public/index.php                    </small></div>
                </div>
                                <div class="clearfix">
                    <div class="col-md-3"><strong>REMOTE_PORT</strong></div>
                    <div class="col-md-9"><small>
                        57437                    </small></div>
                </div>
                                <div class="clearfix">
                    <div class="col-md-3"><strong>REDIRECT_URL</strong></div>
                    <div class="col-md-9"><small>
                        /api/5b47103ab2ae5                    </small></div>
                </div>
                                <div class="clearfix">
                    <div class="col-md-3"><strong>REDIRECT_QUERY_STRING</strong></div>
                    <div class="col-md-9"><small>
                        t=1539678986143                    </small></div>
                </div>
                                <div class="clearfix">
                    <div class="col-md-3"><strong>GATEWAY_INTERFACE</strong></div>
                    <div class="col-md-9"><small>
                        CGI/1.1                    </small></div>
                </div>
                                <div class="clearfix">
                    <div class="col-md-3"><strong>SERVER_PROTOCOL</strong></div>
                    <div class="col-md-9"><small>
                        HTTP/1.1                    </small></div>
                </div>
                                <div class="clearfix">
                    <div class="col-md-3"><strong>REQUEST_METHOD</strong></div>
                    <div class="col-md-9"><small>
                        POST                    </small></div>
                </div>
                                <div class="clearfix">
                    <div class="col-md-3"><strong>QUERY_STRING</strong></div>
                    <div class="col-md-9"><small>
                        t=1539678986143                    </small></div>
                </div>
                                <div class="clearfix">
                    <div class="col-md-3"><strong>REQUEST_URI</strong></div>
                    <div class="col-md-9"><small>
                        /api/5b47103ab2ae5?t=1539678986143                    </small></div>
                </div>
                                <div class="clearfix">
                    <div class="col-md-3"><strong>SCRIPT_NAME</strong></div>
                    <div class="col-md-9"><small>
                        /index.php                    </small></div>
                </div>
                                <div class="clearfix">
                    <div class="col-md-3"><strong>PATH_INFO</strong></div>
                    <div class="col-md-9"><small>
                        /api/5b47103ab2ae5                    </small></div>
                </div>
                                <div class="clearfix">
                    <div class="col-md-3"><strong>PATH_TRANSLATED</strong></div>
                    <div class="col-md-9"><small>
                        redirect:/index.php/api/5b47103ab2ae5/5b47103ab2ae5                    </small></div>
                </div>
                                <div class="clearfix">
                    <div class="col-md-3"><strong>PHP_SELF</strong></div>
                    <div class="col-md-9"><small>
                        /index.php/api/5b47103ab2ae5                    </small></div>
                </div>
                                <div class="clearfix">
                    <div class="col-md-3"><strong>REQUEST_TIME_FLOAT</strong></div>
                    <div class="col-md-9"><small>
                        1539678984.964                    </small></div>
                </div>
                                <div class="clearfix">
                    <div class="col-md-3"><strong>REQUEST_TIME</strong></div>
                    <div class="col-md-9"><small>
                        1539678984                    </small></div>
                </div>
                            </div>
                    </div>
                <div>
                        <div class="clearfix">
                <div class="col-md-3"><strong>Environment Variables</strong></div>
                <div class="col-md-9"><small>empty</small></div>
            </div>
                    </div>
                <div>
                        <h3 class="subheading">ThinkPHP Constants</h3>
            <div>
                                <div class="clearfix">
                    <div class="col-md-3"><strong>APP_PATH</strong></div>
                    <div class="col-md-9"><small>
                        /www/web/apics/public_html/public/../application/                    </small></div>
                </div>
                                <div class="clearfix">
                    <div class="col-md-3"><strong>DATA_PATH</strong></div>
                    <div class="col-md-9"><small>
                        /www/web/apics/public_html/public/../runtime/Data/                    </small></div>
                </div>
                                <div class="clearfix">
                    <div class="col-md-3"><strong>DOWNLOAD_PATH</strong></div>
                    <div class="col-md-9"><small>
                        /www/web/apics/public_html/public/../public/download/                    </small></div>
                </div>
                                <div class="clearfix">
                    <div class="col-md-3"><strong>THINK_VERSION</strong></div>
                    <div class="col-md-9"><small>
                        5.0.19                    </small></div>
                </div>
                                <div class="clearfix">
                    <div class="col-md-3"><strong>THINK_START_TIME</strong></div>
                    <div class="col-md-9"><small>
                        1539678984.9657                    </small></div>
                </div>
                                <div class="clearfix">
                    <div class="col-md-3"><strong>THINK_START_MEM</strong></div>
                    <div class="col-md-9"><small>
                        267160                    </small></div>
                </div>
                                <div class="clearfix">
                    <div class="col-md-3"><strong>EXT</strong></div>
                    <div class="col-md-9"><small>
                        .php                    </small></div>
                </div>
                                <div class="clearfix">
                    <div class="col-md-3"><strong>DS</strong></div>
                    <div class="col-md-9"><small>
                        /                    </small></div>
                </div>
                                <div class="clearfix">
                    <div class="col-md-3"><strong>THINK_PATH</strong></div>
                    <div class="col-md-9"><small>
                        /www/web/apics/public_html/thinkphp/                    </small></div>
                </div>
                                <div class="clearfix">
                    <div class="col-md-3"><strong>LIB_PATH</strong></div>
                    <div class="col-md-9"><small>
                        /www/web/apics/public_html/thinkphp/library/                    </small></div>
                </div>
                                <div class="clearfix">
                    <div class="col-md-3"><strong>CORE_PATH</strong></div>
                    <div class="col-md-9"><small>
                        /www/web/apics/public_html/thinkphp/library/think/                    </small></div>
                </div>
                                <div class="clearfix">
                    <div class="col-md-3"><strong>TRAIT_PATH</strong></div>
                    <div class="col-md-9"><small>
                        /www/web/apics/public_html/thinkphp/library/traits/                    </small></div>
                </div>
                                <div class="clearfix">
                    <div class="col-md-3"><strong>ROOT_PATH</strong></div>
                    <div class="col-md-9"><small>
                        /www/web/apics/public_html/                    </small></div>
                </div>
                                <div class="clearfix">
                    <div class="col-md-3"><strong>EXTEND_PATH</strong></div>
                    <div class="col-md-9"><small>
                        /www/web/apics/public_html/extend/                    </small></div>
                </div>
                                <div class="clearfix">
                    <div class="col-md-3"><strong>VENDOR_PATH</strong></div>
                    <div class="col-md-9"><small>
                        /www/web/apics/public_html/vendor/                    </small></div>
                </div>
                                <div class="clearfix">
                    <div class="col-md-3"><strong>RUNTIME_PATH</strong></div>
                    <div class="col-md-9"><small>
                        /www/web/apics/public_html/runtime/                    </small></div>
                </div>
                                <div class="clearfix">
                    <div class="col-md-3"><strong>LOG_PATH</strong></div>
                    <div class="col-md-9"><small>
                        /www/web/apics/public_html/runtime/log/                    </small></div>
                </div>
                                <div class="clearfix">
                    <div class="col-md-3"><strong>CACHE_PATH</strong></div>
                    <div class="col-md-9"><small>
                        /www/web/apics/public_html/runtime/cache/                    </small></div>
                </div>
                                <div class="clearfix">
                    <div class="col-md-3"><strong>TEMP_PATH</strong></div>
                    <div class="col-md-9"><small>
                        /www/web/apics/public_html/runtime/temp/                    </small></div>
                </div>
                                <div class="clearfix">
                    <div class="col-md-3"><strong>CONF_PATH</strong></div>
                    <div class="col-md-9"><small>
                        /www/web/apics/public_html/public/../application/                    </small></div>
                </div>
                                <div class="clearfix">
                    <div class="col-md-3"><strong>CONF_EXT</strong></div>
                    <div class="col-md-9"><small>
                        .php                    </small></div>
                </div>
                                <div class="clearfix">
                    <div class="col-md-3"><strong>ENV_PREFIX</strong></div>
                    <div class="col-md-9"><small>
                        PHP_                    </small></div>
                </div>
                                <div class="clearfix">
                    <div class="col-md-3"><strong>IS_CLI</strong></div>
                    <div class="col-md-9"><small>
                        false                    </small></div>
                </div>
                                <div class="clearfix">
                    <div class="col-md-3"><strong>IS_WIN</strong></div>
                    <div class="col-md-9"><small>
                        false                    </small></div>
                </div>
                            </div>
                    </div>
            </div>
    
    <div class="copyright">
        <a title="官方网站" href="http://www.thinkphp.cn">ThinkPHP</a> 
        <span>V5.0.19</span> 
        <span>{ 十年磨一剑-为API开发设计的高性能框架 }</span>
    </div>
        <script>
        var LINE = 402;

        function $(selector, node){
            var elements;

            node = node || document;
            if(document.querySelectorAll){
                elements = node.querySelectorAll(selector);
            } else {
                switch(selector.substr(0, 1)){
                    case '#':
                        elements = [node.getElementById(selector.substr(1))];
                        break;
                    case '.':
                        if(document.getElementsByClassName){
                            elements = node.getElementsByClassName(selector.substr(1));
                        } else {
                            elements = get_elements_by_class(selector.substr(1), node);
                        }
                        break;
                    default:
                        elements = node.getElementsByTagName();
                }
            }
            return elements;

            function get_elements_by_class(search_class, node, tag) {
                var elements = [], eles, 
                    pattern  = new RegExp('(^|\\s)' + search_class + '(\\s|$)');

                node = node || document;
                tag  = tag  || '*';

                eles = node.getElementsByTagName(tag);
                for(var i = 0; i < eles.length; i++) {
                    if(pattern.test(eles[i].className)) {
                        elements.push(eles[i])
                    }
                }

                return elements;
            }
        }

        $.getScript = function(src, func){
            var script = document.createElement('script');
            
            script.async  = 'async';
            script.src    = src;
            script.onload = func || function(){};
            
            $('head')[0].appendChild(script);
        }

        ;(function(){
            var files = $('.toggle');
            var ol    = $('ol', $('.prettyprint')[0]);
            var li    = $('li', ol[0]);   

            // 短路径和长路径变换
            for(var i = 0; i < files.length; i++){
                files[i].ondblclick = function(){
                    var title = this.title;

                    this.title = this.innerHTML;
                    this.innerHTML = title;
                }
            }

            // 设置出错行
            var err_line = $('.line-' + LINE, ol[0])[0];
            err_line.className = err_line.className + ' line-error';

            $.getScript('//cdn.bootcss.com/prettify/r298/prettify.min.js', function(){
                prettyPrint();

                // 解决Firefox浏览器一个很诡异的问题
                // 当代码高亮后，ol的行号莫名其妙的错位
                // 但是只要刷新li里面的html重新渲染就没有问题了
                if(window.navigator.userAgent.indexOf('Firefox') >= 0){
                    ol[0].innerHTML = ol[0].innerHTML;
                }
            });

        })();
    </script>
    </body>
</html>
###{"ConferenceStatus":"Ongoing","TimeType":"Theredays"}###null###null###null###null
null###2018-10-16 16:36:43###null###null#########null###null###null###null###null
null###2018-10-16 16:36:54###null###null#########null###null###null###null###null
null###2018-10-16 16:37:08###null###null#########null###null###null###null###null
null###2018-10-16 16:38:18###null###null#########null###null###null###null###null
null###2018-10-16 16:42:37###null###null#########null###null###null###null###null
null###2018-10-16 16:42:39###null###null#########null###null###null###null###null
null###2018-10-16 16:43:04###null###null#########null###null###null###null###null
null###2018-10-16 16:43:42###null###null#########null###null###null###null###null
null###2018-10-16 16:44:54###null###null#########null###null###null###null###null
null###2018-10-16 16:54:07###null###null#########null###null###null###null###null
null###2018-10-16 16:59:47###null###null#########null###null###null###null###null
null###2018-10-16 16:59:49###null###null#########null###null###null###null###null
