null###2018-07-19 16:05:57###null###null######<!DOCTYPE html>
<html>
    <head>
        <meta charset=utf-8>
        <meta name=viewport content="width=device-width,initial-scale=1,minmum-scale=1,maxmum-scale=1,user-scalable=no">
        <title>WebEx</title>
        <link href=/static/ceshi/static/css/app.9309146e538912e95f708cd2684fc66a.css rel=stylesheet>
    </head>
    <body>
        <div id=app>
            
        </div>
        <script type=text/javascript src=/static/ceshi/static/js/manifest.2ae2e69a05c33dfc65f8.js></script>
        <script type=text/javascript src=/static/ceshi/static/js/vendor.2675c0fbee138617da61.js></script>
        <script type=text/javascript src=/static/ceshi//static/js/app.6f457bb84830aa1a95bb.js></script>
    </body>
</html>###null###null###null###null###null
null###2018-07-19 16:06:02###null###null######<!DOCTYPE html>
<html>
    <head>
        <meta charset=utf-8>
        <meta name=viewport content="width=device-width,initial-scale=1,minmum-scale=1,maxmum-scale=1,user-scalable=no">
        <title>WebEx</title>
        <link href=/static/ceshi/static/css/app.9309146e538912e95f708cd2684fc66a.css rel=stylesheet>
    </head>
    <body>
        <div id=app>
            
        </div>
        <script type=text/javascript src=/static/ceshi/static/js/manifest.2ae2e69a05c33dfc65f8.js></script>
        <script type=text/javascript src=/static/ceshi/static/js/vendor.2675c0fbee138617da61.js></script>
        <script type=text/javascript src=/static/ceshi//static/js/app.6f457bb84830aa1a95bb.js></script>
    </body>
</html>###null###null###null###null###null
null###2018-07-19 16:06:23###null###null#########null###null###null###null###null
null###2018-07-19 16:06:28###null###null#########null###null###null###null###null
null###2018-07-19 16:09:04###null###null#########null###null###null###null###null
null###2018-07-19 16:09:23###null###null#########null###null###null###null###null
null###2018-07-19 16:10:09###null###null#########null###null###null###null###null
null###2018-07-19 16:10:19###null###null#########null###null###null###null###null
null###2018-07-19 16:10:23###null###null#########null###null###null###null###null
null###2018-07-19 16:10:27###null###null#########null###null###null###null###null
null###2018-07-19 16:11:03###null###null#########null###null###null###null###null
null###2018-07-19 16:11:17###null###null#########null###null###null###null###null
null###2018-07-19 16:12:40###null###null#########null###null###null###null###null
null###2018-07-19 16:12:57###null###null#########null###null###null###null###null
null###2018-07-19 16:14:21###null###null#########null###null###null###null###null
null###2018-07-19 16:14:32###null###null#########null###null###null###null###null
null###2018-07-19 16:14:44###null###null#########null###null###null###null###null
null###2018-07-19 16:20:42###null###null#########null###null###null###null###null
null###2018-07-19 16:21:02###null###null#########null###null###null###null###null
null###2018-07-19 16:22:08###null###null#########null###null###null###null###null
null###2018-07-19 16:23:37###null###null#########null###null###null###null###null
null###2018-07-19 16:23:46###null###null#########null###null###null###null###null
null###2018-07-19 16:24:24###null###null#########null###null###null###null###null
null###2018-07-19 16:24:43###null###null#########null###null###null###null###null
null###2018-07-19 16:25:10###null###null#########null###null###null###null###null
null###2018-07-19 16:25:23###null###null#########null###null###null###null###null
null###2018-07-19 16:35:14###null###null#########null###null###null###null###null
null###2018-07-19 16:36:13###null###null#########null###null###null###null###null
