---------------------------------------------------------------
[ 2018-06-07T12:41:40+08:00 ] 127.0.0.1 GET /
[ info ] test.apiadmin.com:8080/ [运行时间：0.319510s][吞吐率：3.13req/s] [内存消耗：2,855.54kb] [文件加载：38]
[ info ] [ LANG ] D:\www\apiadmin\thinkphp\lang\zh-cn.php
[ info ] [ ROUTE ] array (
  'type' => 'module',
  'module' => 
  array (
    0 => 'manage',
    1 => 'Index',
    2 => 'index',
  ),
  'convert' => false,
)
[ info ] [ HEADER ] array (
  'host' => 'test.apiadmin.com:8080',
  'connection' => 'keep-alive',
  'user-agent' => 'Mozilla/5.0 (Windows NT 10.0; WOW64) AppleWebKit/537.36 (KHTML, like Gecko) Chrome/63.0.3239.9 Safari/537.36',
  'upgrade-insecure-requests' => '1',
  'accept' => 'text/html,application/xhtml+xml,application/xml;q=0.9,image/webp,image/apng,*/*;q=0.8',
  'accept-encoding' => 'gzip, deflate',
  'accept-language' => 'zh-CN,zh;q=0.9',
)
[ info ] [ PARAM ] array (
)
[ info ] [ RUN ] app\manage\controller\Index->index[ D:\www\apiadmin\application\manage\controller\Index.php ]
[ info ] [ VIEW ] D:\www\apiadmin\public/../application/manage\view\index\index.html [ array (
) ]
[ info ] [ LOG ] INIT File
---------------------------------------------------------------
[ 2018-06-07T12:41:51+08:00 ] 127.0.0.1 GET /wiki/index.html
[ info ] test.apiadmin.com:8080/wiki/index.html [运行时间：0.245792s][吞吐率：4.07req/s] [内存消耗：2,827.89kb] [文件加载：38]
[ info ] [ LANG ] D:\www\apiadmin\thinkphp\lang\zh-cn.php
[ info ] [ ROUTE ] array (
  'type' => 'module',
  'module' => 
  array (
    0 => 'wiki',
    1 => 'index',
    2 => 'index',
  ),
  'convert' => false,
)
[ info ] [ HEADER ] array (
  'host' => 'test.apiadmin.com:8080',
  'connection' => 'keep-alive',
  'user-agent' => 'Mozilla/5.0 (Windows NT 10.0; WOW64) AppleWebKit/537.36 (KHTML, like Gecko) Chrome/63.0.3239.9 Safari/537.36',
  'upgrade-insecure-requests' => '1',
  'accept' => 'text/html,application/xhtml+xml,application/xml;q=0.9,image/webp,image/apng,*/*;q=0.8',
  'accept-encoding' => 'gzip, deflate',
  'accept-language' => 'zh-CN,zh;q=0.9',
)
[ info ] [ PARAM ] array (
)
[ info ] [ RUN ] app\wiki\controller\Index->index[ D:\www\apiadmin\application\wiki\controller\Index.php ]
[ info ] [ SESSION ] INIT array (
  'id' => '',
  'var_session_id' => '',
  'prefix' => 'think',
  'type' => '',
  'auto_start' => true,
)
[ info ] [ LOG ] INIT File
---------------------------------------------------------------
[ 2018-06-07T12:41:52+08:00 ] 127.0.0.1 GET /wiki/login.html
[ info ] test.apiadmin.com:8080/wiki/login.html [运行时间：0.240232s][吞吐率：4.16req/s] [内存消耗：2,816.41kb] [文件加载：38]
[ info ] [ LANG ] D:\www\apiadmin\thinkphp\lang\zh-cn.php
[ info ] [ ROUTE ] array (
  'type' => 'module',
  'module' => 
  array (
    0 => 'wiki',
    1 => 'index',
    2 => 'login',
  ),
  'convert' => false,
)
[ info ] [ HEADER ] array (
  'host' => 'test.apiadmin.com:8080',
  'connection' => 'keep-alive',
  'user-agent' => 'Mozilla/5.0 (Windows NT 10.0; WOW64) AppleWebKit/537.36 (KHTML, like Gecko) Chrome/63.0.3239.9 Safari/537.36',
  'upgrade-insecure-requests' => '1',
  'accept' => 'text/html,application/xhtml+xml,application/xml;q=0.9,image/webp,image/apng,*/*;q=0.8',
  'accept-encoding' => 'gzip, deflate',
  'accept-language' => 'zh-CN,zh;q=0.9',
  'cookie' => 'PHPSESSID=lnq3tdicugat02t14isha3dhp2',
)
[ info ] [ PARAM ] array (
)
[ info ] [ RUN ] app\wiki\controller\Index->login[ D:\www\apiadmin\application\wiki\controller\Index.php ]
[ info ] [ VIEW ] D:\www\apiadmin\public/../application/wiki\view\index\login.html [ array (
) ]
[ info ] [ LOG ] INIT File
---------------------------------------------------------------
[ 2018-06-07T12:42:08+08:00 ] 127.0.0.1 GET /
[ info ] test.apiadmin.com:8080/ [运行时间：0.236226s][吞吐率：4.23req/s] [内存消耗：2,610.16kb] [文件加载：36]
[ info ] [ LANG ] D:\www\apiadmin\thinkphp\lang\zh-cn.php
[ info ] [ ROUTE ] array (
  'type' => 'module',
  'module' => 
  array (
    0 => 'manage',
    1 => 'Index',
    2 => 'index',
  ),
  'convert' => false,
)
[ info ] [ HEADER ] array (
  'host' => 'test.apiadmin.com:8080',
  'connection' => 'keep-alive',
  'user-agent' => 'Mozilla/5.0 (Windows NT 10.0; WOW64) AppleWebKit/537.36 (KHTML, like Gecko) Chrome/63.0.3239.9 Safari/537.36',
  'upgrade-insecure-requests' => '1',
  'accept' => 'text/html,application/xhtml+xml,application/xml;q=0.9,image/webp,image/apng,*/*;q=0.8',
  'accept-encoding' => 'gzip, deflate',
  'accept-language' => 'zh-CN,zh;q=0.9',
  'cookie' => 'PHPSESSID=lnq3tdicugat02t14isha3dhp2',
)
[ info ] [ PARAM ] array (
)
[ info ] [ RUN ] app\manage\controller\Index->index[ D:\www\apiadmin\application\manage\controller\Index.php ]
[ info ] [ VIEW ] D:\www\apiadmin\public/../application/manage\view\index\index.html [ array (
) ]
[ info ] [ LOG ] INIT File
---------------------------------------------------------------
[ 2018-06-07T12:42:42+08:00 ] 127.0.0.1 POST /wiki/doLogin.html
[ info ] test.apiadmin.com:8080/wiki/doLogin.html [运行时间：0.300335s][吞吐率：3.33req/s] [内存消耗：4,890.95kb] [文件加载：48]
[ info ] [ LANG ] D:\www\apiadmin\thinkphp\lang\zh-cn.php
[ info ] [ ROUTE ] array (
  'type' => 'module',
  'module' => 
  array (
    0 => 'wiki',
    1 => 'index',
    2 => 'doLogin',
  ),
  'convert' => false,
)
[ info ] [ HEADER ] array (
  'host' => 'test.apiadmin.com:8080',
  'connection' => 'keep-alive',
  'content-length' => '57',
  'cache-control' => 'max-age=0',
  'origin' => 'http://test.apiadmin.com:8080',
  'upgrade-insecure-requests' => '1',
  'content-type' => 'application/x-www-form-urlencoded',
  'user-agent' => 'Mozilla/5.0 (Windows NT 10.0; WOW64) AppleWebKit/537.36 (KHTML, like Gecko) Chrome/63.0.3239.9 Safari/537.36',
  'accept' => 'text/html,application/xhtml+xml,application/xml;q=0.9,image/webp,image/apng,*/*;q=0.8',
  'referer' => 'http://test.apiadmin.com:8080/wiki/login.html',
  'accept-encoding' => 'gzip, deflate',
  'accept-language' => 'zh-CN,zh;q=0.9',
  'cookie' => 'PHPSESSID=lnq3tdicugat02t14isha3dhp2',
)
[ info ] [ PARAM ] array (
  'appId' => '49875035',
  'appSecret' => 'hklXXCojLqJFsgNcetjPIKosKlixtEAQ',
)
[ info ] [ RUN ] app\wiki\controller\Index->doLogin[ D:\www\apiadmin\application\wiki\controller\Index.php ]
[ info ] [ DB ] INIT mysql
[ info ] [ SESSION ] INIT array (
  'id' => '',
  'var_session_id' => '',
  'prefix' => 'think',
  'type' => '',
  'auto_start' => true,
)
[ info ] [ VIEW ] D:\www\apiadmin\thinkphp\tpl\dispatch_jump.tpl [ array (
  0 => 'code',
  1 => 'msg',
  2 => 'data',
  3 => 'url',
  4 => 'wait',
) ]
[ info ] [ LOG ] INIT File
[ sql ] [ DB ] CONNECT:[ UseTime:0.008597s ] mysql:host=127.0.0.1;dbname=apiadmin;charset=utf8
[ sql ] [ SQL ] SHOW COLUMNS FROM `admin_app` [ RunTime:0.019834s ]
[ sql ] [ SQL ] SELECT * FROM `admin_app` WHERE  `app_id` = '49875035'  AND `app_secret` = 'hklXXCojLqJFsgNcetjPIKosKlixtEAQ' LIMIT 1 [ RunTime:0.004304s ]
---------------------------------------------------------------
[ 2018-06-07T12:42:44+08:00 ] 127.0.0.1 GET /wiki/index.html
[ info ] test.apiadmin.com:8080/wiki/index.html [运行时间：0.310099s][吞吐率：3.22req/s] [内存消耗：5,000.42kb] [文件加载：50]
[ info ] [ LANG ] D:\www\apiadmin\thinkphp\lang\zh-cn.php
[ info ] [ ROUTE ] array (
  'type' => 'module',
  'module' => 
  array (
    0 => 'wiki',
    1 => 'index',
    2 => 'index',
  ),
  'convert' => false,
)
[ info ] [ HEADER ] array (
  'host' => 'test.apiadmin.com:8080',
  'connection' => 'keep-alive',
  'upgrade-insecure-requests' => '1',
  'user-agent' => 'Mozilla/5.0 (Windows NT 10.0; WOW64) AppleWebKit/537.36 (KHTML, like Gecko) Chrome/63.0.3239.9 Safari/537.36',
  'accept' => 'text/html,application/xhtml+xml,application/xml;q=0.9,image/webp,image/apng,*/*;q=0.8',
  'referer' => 'http://test.apiadmin.com:8080/wiki/doLogin.html',
  'accept-encoding' => 'gzip, deflate',
  'accept-language' => 'zh-CN,zh;q=0.9',
  'cookie' => 'PHPSESSID=lnq3tdicugat02t14isha3dhp2',
)
[ info ] [ PARAM ] array (
)
[ info ] [ RUN ] app\wiki\controller\Index->index[ D:\www\apiadmin\application\wiki\controller\Index.php ]
[ info ] [ SESSION ] INIT array (
  'id' => '',
  'var_session_id' => '',
  'prefix' => 'think',
  'type' => '',
  'auto_start' => true,
)
[ info ] [ DB ] INIT mysql
[ info ] [ VIEW ] D:\www\apiadmin\public/../application/wiki\view\index\index.html [ array (
  0 => 'groupInfo',
  1 => 'appInfo',
) ]
[ info ] [ LOG ] INIT File
[ sql ] [ DB ] CONNECT:[ UseTime:0.014719s ] mysql:host=127.0.0.1;dbname=apiadmin;charset=utf8
[ sql ] [ SQL ] SHOW COLUMNS FROM `admin_group` [ RunTime:0.016673s ]
[ sql ] [ SQL ] SELECT * FROM `admin_group` [ RunTime:0.001026s ]
[ sql ] [ SQL ] SHOW COLUMNS FROM `admin_app` [ RunTime:0.015611s ]
[ sql ] [ SQL ] SELECT * FROM `admin_app` WHERE  `app_id` = '49875035' LIMIT 1 [ RunTime:0.000977s ]
---------------------------------------------------------------
[ 2018-06-07T12:42:46+08:00 ] 127.0.0.1 GET /wiki/errorCode.html
[ info ] test.apiadmin.com:8080/wiki/errorCode.html [运行时间：0.246033s][吞吐率：4.06req/s] [内存消耗：2,835.30kb] [文件加载：39]
[ info ] [ LANG ] D:\www\apiadmin\thinkphp\lang\zh-cn.php
[ info ] [ ROUTE ] array (
  'type' => 'module',
  'module' => 
  array (
    0 => 'wiki',
    1 => 'index',
    2 => 'errorCode',
  ),
  'convert' => false,
)
[ info ] [ HEADER ] array (
  'host' => 'test.apiadmin.com:8080',
  'connection' => 'keep-alive',
  'upgrade-insecure-requests' => '1',
  'user-agent' => 'Mozilla/5.0 (Windows NT 10.0; WOW64) AppleWebKit/537.36 (KHTML, like Gecko) Chrome/63.0.3239.9 Safari/537.36',
  'accept' => 'text/html,application/xhtml+xml,application/xml;q=0.9,image/webp,image/apng,*/*;q=0.8',
  'referer' => 'http://test.apiadmin.com:8080/wiki/index.html',
  'accept-encoding' => 'gzip, deflate',
  'accept-language' => 'zh-CN,zh;q=0.9',
  'cookie' => 'PHPSESSID=lnq3tdicugat02t14isha3dhp2',
)
[ info ] [ PARAM ] array (
)
[ info ] [ RUN ] app\wiki\controller\Index->errorCode[ D:\www\apiadmin\application\wiki\controller\Index.php ]
[ info ] [ SESSION ] INIT array (
  'id' => '',
  'var_session_id' => '',
  'prefix' => 'think',
  'type' => '',
  'auto_start' => true,
)
[ info ] [ VIEW ] D:\www\apiadmin\public/../application/wiki\view\index\error_code.html [ array (
  0 => 'errorInfo',
  1 => 'codeArr',
) ]
[ info ] [ LOG ] INIT File
---------------------------------------------------------------
[ 2018-06-07T13:35:59+08:00 ] 127.0.0.1 GET /
[ info ] test.apiadmin.com:8080/ [运行时间：0.270333s][吞吐率：3.70req/s] [内存消耗：2,610.16kb] [文件加载：36]
[ info ] [ LANG ] D:\www\apiadmin\thinkphp\lang\zh-cn.php
[ info ] [ ROUTE ] array (
  'type' => 'module',
  'module' => 
  array (
    0 => 'manage',
    1 => 'Index',
    2 => 'index',
  ),
  'convert' => false,
)
[ info ] [ HEADER ] array (
  'host' => 'test.apiadmin.com:8080',
  'connection' => 'keep-alive',
  'user-agent' => 'Mozilla/5.0 (Windows NT 10.0; WOW64) AppleWebKit/537.36 (KHTML, like Gecko) Chrome/63.0.3239.9 Safari/537.36',
  'upgrade-insecure-requests' => '1',
  'accept' => 'text/html,application/xhtml+xml,application/xml;q=0.9,image/webp,image/apng,*/*;q=0.8',
  'accept-encoding' => 'gzip, deflate',
  'accept-language' => 'zh-CN,zh;q=0.9',
  'cookie' => 'PHPSESSID=lnq3tdicugat02t14isha3dhp2',
)
[ info ] [ PARAM ] array (
)
[ info ] [ RUN ] app\manage\controller\Index->index[ D:\www\apiadmin\application\manage\controller\Index.php ]
[ info ] [ VIEW ] D:\www\apiadmin\public/../application/manage\view\index\index.html [ array (
) ]
[ info ] [ LOG ] INIT File
---------------------------------------------------------------
[ 2018-06-07T13:36:37+08:00 ] 127.0.0.1 POST /api/5b14e69e846af
[ info ] test.apiadmin.com:8080/api/5b14e69e846af [运行时间：0.234532s][吞吐率：4.26req/s] [内存消耗：2,611.37kb] [文件加载：36]
[ info ] [ LANG ] D:\www\apiadmin\thinkphp\lang\zh-cn.php
[ info ] [ ROUTE ] array (
  'type' => 'module',
  'module' => 
  array (
    0 => 'manage',
    1 => 'Index',
    2 => 'index',
  ),
  'convert' => false,
)
[ info ] [ HEADER ] array (
  'host' => 'test.apiadmin.com:8080',
  'connection' => 'keep-alive',
  'content-length' => '0',
  'user-agent' => 'Mozilla/5.0 (Windows NT 10.0; WOW64) AppleWebKit/537.36 (KHTML, like Gecko) Chrome/63.0.3239.9 Safari/537.36',
  'cache-control' => 'no-cache',
  'origin' => 'chrome-extension://ccjaljgfaeankliememgplggnafncpol',
  'postman-token' => '6842a926-7a09-94c4-2373-d020f7d7da5a',
  'version' => 'v3.0',
  'accept' => '*/*',
  'accept-encoding' => 'gzip, deflate',
  'accept-language' => 'zh-CN,zh;q=0.9',
)
[ info ] [ PARAM ] array (
  'api' => '5b14e69e846af',
)
[ info ] [ RUN ] app\manage\controller\Index->index[ D:\www\apiadmin\application\manage\controller\Index.php ]
[ info ] [ VIEW ] D:\www\apiadmin\public/../application/manage\view\index\index.html [ array (
) ]
[ info ] [ LOG ] INIT File
---------------------------------------------------------------
[ 2018-06-07T13:37:01+08:00 ] 127.0.0.1 POST /api/5b14e69e846af
[ info ] test.apiadmin.com:8080/api/5b14e69e846af [运行时间：0.235393s][吞吐率：4.25req/s] [内存消耗：2,611.37kb] [文件加载：36]
[ info ] [ LANG ] D:\www\apiadmin\thinkphp\lang\zh-cn.php
[ info ] [ ROUTE ] array (
  'type' => 'module',
  'module' => 
  array (
    0 => 'manage',
    1 => 'Index',
    2 => 'index',
  ),
  'convert' => false,
)
[ info ] [ HEADER ] array (
  'host' => 'test.apiadmin.com:8080',
  'connection' => 'keep-alive',
  'content-length' => '0',
  'user-agent' => 'Mozilla/5.0 (Windows NT 10.0; WOW64) AppleWebKit/537.36 (KHTML, like Gecko) Chrome/63.0.3239.9 Safari/537.36',
  'cache-control' => 'no-cache',
  'origin' => 'chrome-extension://ccjaljgfaeankliememgplggnafncpol',
  'postman-token' => 'bc4b1c60-efb1-74d5-9219-5184f2d3dca1',
  'version' => 'v3.0',
  'accept' => '*/*',
  'accept-encoding' => 'gzip, deflate',
  'accept-language' => 'zh-CN,zh;q=0.9',
)
[ info ] [ PARAM ] array (
  'api' => '5b14e69e846af',
)
[ info ] [ RUN ] app\manage\controller\Index->index[ D:\www\apiadmin\application\manage\controller\Index.php ]
[ info ] [ VIEW ] D:\www\apiadmin\public/../application/manage\view\index\index.html [ array (
) ]
[ info ] [ LOG ] INIT File
---------------------------------------------------------------
[ 2018-06-07T15:46:07+08:00 ] 127.0.0.1 GET /
[ info ] test.apiadmin.com:8080/ [运行时间：0.254524s][吞吐率：3.93req/s] [内存消耗：2,862.59kb] [文件加载：38]
[ info ] [ LANG ] D:\www\apiadmin\thinkphp\lang\zh-cn.php
[ info ] [ ROUTE ] array (
  'type' => 'module',
  'module' => 
  array (
    0 => 'manage',
    1 => 'Index',
    2 => 'index',
  ),
  'convert' => false,
)
[ info ] [ HEADER ] array (
  'host' => 'test.apiadmin.com:8080',
  'connection' => 'keep-alive',
  'user-agent' => 'Mozilla/5.0 (Windows NT 10.0; WOW64) AppleWebKit/537.36 (KHTML, like Gecko) Chrome/63.0.3239.9 Safari/537.36',
  'upgrade-insecure-requests' => '1',
  'accept' => 'text/html,application/xhtml+xml,application/xml;q=0.9,image/webp,image/apng,*/*;q=0.8',
  'accept-encoding' => 'gzip, deflate',
  'accept-language' => 'zh-CN,zh;q=0.9',
  'cookie' => 'PHPSESSID=lnq3tdicugat02t14isha3dhp2',
)
[ info ] [ PARAM ] array (
)
[ info ] [ RUN ] app\manage\controller\Index->index[ D:\www\apiadmin\application\manage\controller\Index.php ]
[ info ] [ VIEW ] D:\www\apiadmin\public/../application/manage\view\index\index.html [ array (
) ]
[ info ] [ LOG ] INIT File
---------------------------------------------------------------
[ 2018-06-07T15:50:59+08:00 ] 127.0.0.1 GET /
[ info ] test.apiadmin.com:8080/ [运行时间：0.255687s][吞吐率：3.91req/s] [内存消耗：2,863.07kb] [文件加载：38]
[ info ] [ LANG ] D:\www\apiadmin\thinkphp\lang\zh-cn.php
[ info ] [ ROUTE ] array (
  'type' => 'module',
  'module' => 
  array (
    0 => 'manage',
    1 => 'Index',
    2 => 'index',
  ),
  'convert' => false,
)
[ info ] [ HEADER ] array (
  'host' => 'test.apiadmin.com:8080',
  'connection' => 'keep-alive',
  'cache-control' => 'max-age=0',
  'user-agent' => 'Mozilla/5.0 (Windows NT 10.0; WOW64) AppleWebKit/537.36 (KHTML, like Gecko) Chrome/63.0.3239.9 Safari/537.36',
  'upgrade-insecure-requests' => '1',
  'accept' => 'text/html,application/xhtml+xml,application/xml;q=0.9,image/webp,image/apng,*/*;q=0.8',
  'accept-encoding' => 'gzip, deflate',
  'accept-language' => 'zh-CN,zh;q=0.9',
  'cookie' => 'PHPSESSID=lnq3tdicugat02t14isha3dhp2',
)
[ info ] [ PARAM ] array (
)
[ info ] [ RUN ] app\manage\controller\Index->index[ D:\www\apiadmin\application\manage\controller\Index.php ]
[ info ] [ VIEW ] D:\www\apiadmin\public/../application/manage\view\index\index.html [ array (
) ]
[ info ] [ LOG ] INIT File
---------------------------------------------------------------
[ 2018-06-07T15:52:55+08:00 ] 127.0.0.1 GET /
[ info ] test.apiadmin.com:8080/ [运行时间：0.244585s][吞吐率：4.09req/s] [内存消耗：2,616.68kb] [文件加载：36]
[ info ] [ LANG ] D:\www\apiadmin\thinkphp\lang\zh-cn.php
[ info ] [ ROUTE ] array (
  'type' => 'module',
  'module' => 
  array (
    0 => 'manage',
    1 => 'Index',
    2 => 'index',
  ),
  'convert' => false,
)
[ info ] [ HEADER ] array (
  'host' => 'test.apiadmin.com:8080',
  'connection' => 'keep-alive',
  'cache-control' => 'max-age=0',
  'user-agent' => 'Mozilla/5.0 (Windows NT 10.0; WOW64) AppleWebKit/537.36 (KHTML, like Gecko) Chrome/63.0.3239.9 Safari/537.36',
  'upgrade-insecure-requests' => '1',
  'accept' => 'text/html,application/xhtml+xml,application/xml;q=0.9,image/webp,image/apng,*/*;q=0.8',
  'accept-encoding' => 'gzip, deflate',
  'accept-language' => 'zh-CN,zh;q=0.9',
  'cookie' => 'PHPSESSID=lnq3tdicugat02t14isha3dhp2',
)
[ info ] [ PARAM ] array (
)
[ info ] [ RUN ] app\manage\controller\Index->index[ D:\www\apiadmin\application\manage\controller\Index.php ]
[ info ] [ VIEW ] D:\www\apiadmin\public/../application/manage\view\index\index.html [ array (
) ]
[ info ] [ LOG ] INIT File
---------------------------------------------------------------
[ 2018-06-07T15:58:31+08:00 ] 127.0.0.1 GET /
[ info ] test.apiadmin.com:8080/ [运行时间：0.255806s][吞吐率：3.91req/s] [内存消耗：2,863.04kb] [文件加载：38]
[ info ] [ LANG ] D:\www\apiadmin\thinkphp\lang\zh-cn.php
[ info ] [ ROUTE ] array (
  'type' => 'module',
  'module' => 
  array (
    0 => 'manage',
    1 => 'Index',
    2 => 'index',
  ),
  'convert' => false,
)
[ info ] [ HEADER ] array (
  'host' => 'test.apiadmin.com:8080',
  'connection' => 'keep-alive',
  'cache-control' => 'max-age=0',
  'user-agent' => 'Mozilla/5.0 (Windows NT 10.0; WOW64) AppleWebKit/537.36 (KHTML, like Gecko) Chrome/63.0.3239.9 Safari/537.36',
  'upgrade-insecure-requests' => '1',
  'accept' => 'text/html,application/xhtml+xml,application/xml;q=0.9,image/webp,image/apng,*/*;q=0.8',
  'accept-encoding' => 'gzip, deflate',
  'accept-language' => 'zh-CN,zh;q=0.9',
  'cookie' => 'PHPSESSID=lnq3tdicugat02t14isha3dhp2',
)
[ info ] [ PARAM ] array (
)
[ info ] [ RUN ] app\manage\controller\Index->index[ D:\www\apiadmin\application\manage\controller\Index.php ]
[ info ] [ VIEW ] D:\www\apiadmin\public/../application/manage\view\index\index.html [ array (
) ]
[ info ] [ LOG ] INIT File
---------------------------------------------------------------
[ 2018-06-07T17:38:25+08:00 ] 127.0.0.1 GET /
[ info ] test.apiadmin.com:8080/ [运行时间：0.277711s][吞吐率：3.60req/s] [内存消耗：2,862.41kb] [文件加载：38]
[ info ] [ LANG ] D:\www\apiadmin\thinkphp\lang\zh-cn.php
[ info ] [ ROUTE ] array (
  'type' => 'module',
  'module' => 
  array (
    0 => 'manage',
    1 => 'Index',
    2 => 'index',
  ),
  'convert' => false,
)
[ info ] [ HEADER ] array (
  'host' => 'test.apiadmin.com:8080',
  'connection' => 'keep-alive',
  'cache-control' => 'max-age=0',
  'upgrade-insecure-requests' => '1',
  'user-agent' => 'Mozilla/5.0 (Windows NT 10.0; WOW64) AppleWebKit/537.36 (KHTML, like Gecko) Chrome/63.0.3239.9 Safari/537.36',
  'accept' => 'text/html,application/xhtml+xml,application/xml;q=0.9,image/webp,image/apng,*/*;q=0.8',
  'accept-encoding' => 'gzip, deflate',
  'accept-language' => 'zh-CN,zh;q=0.9',
  'cookie' => 'PHPSESSID=lnq3tdicugat02t14isha3dhp2',
)
[ info ] [ PARAM ] array (
)
[ info ] [ RUN ] app\manage\controller\Index->index[ D:\www\apiadmin\application\manage\controller\Index.php ]
[ info ] [ VIEW ] D:\www\apiadmin\public/../application/manage\view\index\index.html [ array (
) ]
[ info ] [ LOG ] INIT File
---------------------------------------------------------------
[ 2018-06-07T17:56:53+08:00 ] 127.0.0.1 GET /
[ info ] test.apiadmin.com:8080/ [运行时间：0.251355s][吞吐率：3.98req/s] [内存消耗：2,616.77kb] [文件加载：36]
[ info ] [ LANG ] D:\www\apiadmin\thinkphp\lang\zh-cn.php
[ info ] [ ROUTE ] array (
  'type' => 'module',
  'module' => 
  array (
    0 => 'manage',
    1 => 'Index',
    2 => 'index',
  ),
  'convert' => false,
)
[ info ] [ HEADER ] array (
  'host' => 'test.apiadmin.com:8080',
  'connection' => 'keep-alive',
  'cache-control' => 'max-age=0',
  'upgrade-insecure-requests' => '1',
  'user-agent' => 'Mozilla/5.0 (Windows NT 10.0; WOW64) AppleWebKit/537.36 (KHTML, like Gecko) Chrome/63.0.3239.9 Safari/537.36',
  'accept' => 'text/html,application/xhtml+xml,application/xml;q=0.9,image/webp,image/apng,*/*;q=0.8',
  'accept-encoding' => 'gzip, deflate',
  'accept-language' => 'zh-CN,zh;q=0.9',
  'cookie' => 'PHPSESSID=lnq3tdicugat02t14isha3dhp2',
)
[ info ] [ PARAM ] array (
)
[ info ] [ RUN ] app\manage\controller\Index->index[ D:\www\apiadmin\application\manage\controller\Index.php ]
[ info ] [ VIEW ] D:\www\apiadmin\public/../application/manage\view\index\index.html [ array (
) ]
[ info ] [ LOG ] INIT File
