---------------------------------------------------------------
[ 2018-07-10T16:14:09+08:00 ] 127.0.0.1 GET /
[ info ] test.apiadmin.com:8080/ [运行时间：0.247162s][吞吐率：4.05req/s] [内存消耗：2,855.60kb] [文件加载：41]
[ info ] [ LANG ] D:\www\apiadmin\thinkphp\lang\zh-cn.php
[ info ] [ ROUTE ] array (
  'type' => 'module',
  'module' => 
  array (
    0 => 'manage',
    1 => 'Index',
    2 => 'index',
  ),
  'convert' => false,
)
[ info ] [ HEADER ] array (
  'host' => 'test.apiadmin.com:8080',
  'connection' => 'keep-alive',
  'cache-control' => 'max-age=0',
  'upgrade-insecure-requests' => '1',
  'user-agent' => 'Mozilla/5.0 (Windows NT 10.0; WOW64) AppleWebKit/537.36 (KHTML, like Gecko) Chrome/67.0.3396.62 Safari/537.36',
  'accept' => 'text/html,application/xhtml+xml,application/xml;q=0.9,image/webp,image/apng,*/*;q=0.8',
  'accept-encoding' => 'gzip, deflate',
  'accept-language' => 'zh-CN,zh;q=0.9',
)
[ info ] [ PARAM ] array (
)
[ info ] [ RUN ] app\manage\controller\Index->index[ D:\www\apiadmin\application\manage\controller\Index.php ]
[ info ] [ VIEW ] D:\www\apiadmin\public/../application/manage\view\index\index.html [ array (
) ]
[ info ] [ LOG ] INIT File
---------------------------------------------------------------
[ 2018-07-10T16:14:15+08:00 ] 127.0.0.1 GET /
[ info ] test.apiadmin.com:8080/ [运行时间：0.225381s][吞吐率：4.44req/s] [内存消耗：2,855.39kb] [文件加载：41]
[ info ] [ LANG ] D:\www\apiadmin\thinkphp\lang\zh-cn.php
[ info ] [ ROUTE ] array (
  'type' => 'module',
  'module' => 
  array (
    0 => 'manage',
    1 => 'Index',
    2 => 'index',
  ),
  'convert' => false,
)
[ info ] [ HEADER ] array (
  'host' => 'test.apiadmin.com:8080',
  'connection' => 'keep-alive',
  'upgrade-insecure-requests' => '1',
  'user-agent' => 'Mozilla/5.0 (Windows NT 10.0; WOW64) AppleWebKit/537.36 (KHTML, like Gecko) Chrome/67.0.3396.62 Safari/537.36',
  'accept' => 'text/html,application/xhtml+xml,application/xml;q=0.9,image/webp,image/apng,*/*;q=0.8',
  'accept-encoding' => 'gzip, deflate',
  'accept-language' => 'zh-CN,zh;q=0.9',
)
[ info ] [ PARAM ] array (
)
[ info ] [ RUN ] app\manage\controller\Index->index[ D:\www\apiadmin\application\manage\controller\Index.php ]
[ info ] [ VIEW ] D:\www\apiadmin\public/../application/manage\view\index\index.html [ array (
) ]
[ info ] [ LOG ] INIT File
---------------------------------------------------------------
[ 2018-07-10T16:14:55+08:00 ] 127.0.0.1 GET /
[ info ] test.apiadmin.com:8080/ [运行时间：0.225868s][吞吐率：4.43req/s] [内存消耗：2,855.74kb] [文件加载：41]
[ info ] [ LANG ] D:\www\apiadmin\thinkphp\lang\zh-cn.php
[ info ] [ ROUTE ] array (
  'type' => 'module',
  'module' => 
  array (
    0 => 'manage',
    1 => 'Index',
    2 => 'index',
  ),
  'convert' => false,
)
[ info ] [ HEADER ] array (
  'host' => 'test.apiadmin.com:8080',
  'connection' => 'keep-alive',
  'cache-control' => 'max-age=0',
  'upgrade-insecure-requests' => '1',
  'user-agent' => 'Mozilla/5.0 (Windows NT 10.0; WOW64) AppleWebKit/537.36 (KHTML, like Gecko) Chrome/67.0.3396.62 Safari/537.36',
  'accept' => 'text/html,application/xhtml+xml,application/xml;q=0.9,image/webp,image/apng,*/*;q=0.8',
  'accept-encoding' => 'gzip, deflate',
  'accept-language' => 'zh-CN,zh;q=0.9',
)
[ info ] [ PARAM ] array (
)
[ info ] [ RUN ] app\manage\controller\Index->index[ D:\www\apiadmin\application\manage\controller\Index.php ]
[ info ] [ VIEW ] D:\www\apiadmin\public/../application/manage\view\index\index.html [ array (
) ]
[ info ] [ LOG ] INIT File
---------------------------------------------------------------
[ 2018-07-10T16:14:59+08:00 ] 127.0.0.1 GET /
[ info ] test.apiadmin.com:8080/ [运行时间：0.223072s][吞吐率：4.48req/s] [内存消耗：2,855.39kb] [文件加载：41]
[ info ] [ LANG ] D:\www\apiadmin\thinkphp\lang\zh-cn.php
[ info ] [ ROUTE ] array (
  'type' => 'module',
  'module' => 
  array (
    0 => 'manage',
    1 => 'Index',
    2 => 'index',
  ),
  'convert' => false,
)
[ info ] [ HEADER ] array (
  'host' => 'test.apiadmin.com:8080',
  'connection' => 'keep-alive',
  'upgrade-insecure-requests' => '1',
  'user-agent' => 'Mozilla/5.0 (Windows NT 10.0; WOW64) AppleWebKit/537.36 (KHTML, like Gecko) Chrome/67.0.3396.62 Safari/537.36',
  'accept' => 'text/html,application/xhtml+xml,application/xml;q=0.9,image/webp,image/apng,*/*;q=0.8',
  'accept-encoding' => 'gzip, deflate',
  'accept-language' => 'zh-CN,zh;q=0.9',
)
[ info ] [ PARAM ] array (
)
[ info ] [ RUN ] app\manage\controller\Index->index[ D:\www\apiadmin\application\manage\controller\Index.php ]
[ info ] [ VIEW ] D:\www\apiadmin\public/../application/manage\view\index\index.html [ array (
) ]
[ info ] [ LOG ] INIT File
---------------------------------------------------------------
[ 2018-07-10T16:15:02+08:00 ] 127.0.0.1 GET /
[ info ] test.apiadmin.com:8080/ [运行时间：0.225506s][吞吐率：4.43req/s] [内存消耗：2,856.26kb] [文件加载：41]
[ info ] [ LANG ] D:\www\apiadmin\thinkphp\lang\zh-cn.php
[ info ] [ ROUTE ] array (
  'type' => 'module',
  'module' => 
  array (
    0 => 'manage',
    1 => 'Index',
    2 => 'index',
  ),
  'convert' => false,
)
[ info ] [ HEADER ] array (
  'host' => 'test.apiadmin.com:8080',
  'connection' => 'keep-alive',
  'pragma' => 'no-cache',
  'cache-control' => 'no-cache',
  'upgrade-insecure-requests' => '1',
  'user-agent' => 'Mozilla/5.0 (Windows NT 10.0; WOW64) AppleWebKit/537.36 (KHTML, like Gecko) Chrome/67.0.3396.62 Safari/537.36',
  'accept' => 'text/html,application/xhtml+xml,application/xml;q=0.9,image/webp,image/apng,*/*;q=0.8',
  'accept-encoding' => 'gzip, deflate',
  'accept-language' => 'zh-CN,zh;q=0.9',
)
[ info ] [ PARAM ] array (
)
[ info ] [ RUN ] app\manage\controller\Index->index[ D:\www\apiadmin\application\manage\controller\Index.php ]
[ info ] [ VIEW ] D:\www\apiadmin\public/../application/manage\view\index\index.html [ array (
) ]
[ info ] [ LOG ] INIT File
---------------------------------------------------------------
[ 2018-07-10T16:15:05+08:00 ] 127.0.0.1 GET /
[ info ] test.apiadmin.com:8080/ [运行时间：0.225929s][吞吐率：4.43req/s] [内存消耗：2,855.39kb] [文件加载：41]
[ info ] [ LANG ] D:\www\apiadmin\thinkphp\lang\zh-cn.php
[ info ] [ ROUTE ] array (
  'type' => 'module',
  'module' => 
  array (
    0 => 'manage',
    1 => 'Index',
    2 => 'index',
  ),
  'convert' => false,
)
[ info ] [ HEADER ] array (
  'host' => 'test.apiadmin.com:8080',
  'connection' => 'keep-alive',
  'upgrade-insecure-requests' => '1',
  'user-agent' => 'Mozilla/5.0 (Windows NT 10.0; WOW64) AppleWebKit/537.36 (KHTML, like Gecko) Chrome/67.0.3396.62 Safari/537.36',
  'accept' => 'text/html,application/xhtml+xml,application/xml;q=0.9,image/webp,image/apng,*/*;q=0.8',
  'accept-encoding' => 'gzip, deflate',
  'accept-language' => 'zh-CN,zh;q=0.9',
)
[ info ] [ PARAM ] array (
)
[ info ] [ RUN ] app\manage\controller\Index->index[ D:\www\apiadmin\application\manage\controller\Index.php ]
[ info ] [ VIEW ] D:\www\apiadmin\public/../application/manage\view\index\index.html [ array (
) ]
[ info ] [ LOG ] INIT File
---------------------------------------------------------------
[ 2018-07-10T16:15:30+08:00 ] 127.0.0.1 GET /
[ info ] test.apiadmin.com:8080/ [运行时间：0.233270s][吞吐率：4.29req/s] [内存消耗：2,855.73kb] [文件加载：41]
[ info ] [ LANG ] D:\www\apiadmin\thinkphp\lang\zh-cn.php
[ info ] [ ROUTE ] array (
  'type' => 'module',
  'module' => 
  array (
    0 => 'manage',
    1 => 'Index',
    2 => 'index',
  ),
  'convert' => false,
)
[ info ] [ HEADER ] array (
  'host' => 'test.apiadmin.com:8080',
  'connection' => 'keep-alive',
  'upgrade-insecure-requests' => '1',
  'user-agent' => 'Mozilla/5.0 (Windows NT 10.0; WOW64) AppleWebKit/537.36 (KHTML, like Gecko) Chrome/53.0.2785.104 Safari/537.36 Core/1.53.4549.400 QQBrowser/9.7.12900.400',
  'accept' => 'text/html,application/xhtml+xml,application/xml;q=0.9,image/webp,*/*;q=0.8',
  'accept-encoding' => 'gzip, deflate, sdch',
  'accept-language' => 'zh-CN,zh;q=0.8',
)
[ info ] [ PARAM ] array (
)
[ info ] [ RUN ] app\manage\controller\Index->index[ D:\www\apiadmin\application\manage\controller\Index.php ]
[ info ] [ VIEW ] D:\www\apiadmin\public/../application/manage\view\index\index.html [ array (
) ]
[ info ] [ LOG ] INIT File
---------------------------------------------------------------
[ 2018-07-10T16:16:59+08:00 ] 127.0.0.1 GET /
[ info ] test.apiadmin.com:8080/ [运行时间：0.234244s][吞吐率：4.27req/s] [内存消耗：2,855.74kb] [文件加载：41]
[ info ] [ LANG ] D:\www\apiadmin\thinkphp\lang\zh-cn.php
[ info ] [ ROUTE ] array (
  'type' => 'module',
  'module' => 
  array (
    0 => 'manage',
    1 => 'Index',
    2 => 'index',
  ),
  'convert' => false,
)
[ info ] [ HEADER ] array (
  'host' => 'test.apiadmin.com:8080',
  'connection' => 'keep-alive',
  'cache-control' => 'max-age=0',
  'upgrade-insecure-requests' => '1',
  'user-agent' => 'Mozilla/5.0 (Windows NT 10.0; WOW64) AppleWebKit/537.36 (KHTML, like Gecko) Chrome/67.0.3396.62 Safari/537.36',
  'accept' => 'text/html,application/xhtml+xml,application/xml;q=0.9,image/webp,image/apng,*/*;q=0.8',
  'accept-encoding' => 'gzip, deflate',
  'accept-language' => 'zh-CN,zh;q=0.9',
)
[ info ] [ PARAM ] array (
)
[ info ] [ RUN ] app\manage\controller\Index->index[ D:\www\apiadmin\application\manage\controller\Index.php ]
[ info ] [ VIEW ] D:\www\apiadmin\public/../application/manage\view\index\index.html [ array (
) ]
[ info ] [ LOG ] INIT File
---------------------------------------------------------------
[ 2018-07-10T16:17:00+08:00 ] 127.0.0.1 GET /
[ info ] test.apiadmin.com:8080/ [运行时间：0.227244s][吞吐率：4.40req/s] [内存消耗：2,855.74kb] [文件加载：41]
[ info ] [ LANG ] D:\www\apiadmin\thinkphp\lang\zh-cn.php
[ info ] [ ROUTE ] array (
  'type' => 'module',
  'module' => 
  array (
    0 => 'manage',
    1 => 'Index',
    2 => 'index',
  ),
  'convert' => false,
)
[ info ] [ HEADER ] array (
  'host' => 'test.apiadmin.com:8080',
  'connection' => 'keep-alive',
  'cache-control' => 'max-age=0',
  'upgrade-insecure-requests' => '1',
  'user-agent' => 'Mozilla/5.0 (Windows NT 10.0; WOW64) AppleWebKit/537.36 (KHTML, like Gecko) Chrome/67.0.3396.62 Safari/537.36',
  'accept' => 'text/html,application/xhtml+xml,application/xml;q=0.9,image/webp,image/apng,*/*;q=0.8',
  'accept-encoding' => 'gzip, deflate',
  'accept-language' => 'zh-CN,zh;q=0.9',
)
[ info ] [ PARAM ] array (
)
[ info ] [ RUN ] app\manage\controller\Index->index[ D:\www\apiadmin\application\manage\controller\Index.php ]
[ info ] [ VIEW ] D:\www\apiadmin\public/../application/manage\view\index\index.html [ array (
) ]
[ info ] [ LOG ] INIT File
---------------------------------------------------------------
[ 2018-07-10T16:17:02+08:00 ] 127.0.0.1 GET /
[ info ] test.apiadmin.com:8080/ [运行时间：0.228029s][吞吐率：4.39req/s] [内存消耗：2,855.74kb] [文件加载：41]
[ info ] [ LANG ] D:\www\apiadmin\thinkphp\lang\zh-cn.php
[ info ] [ ROUTE ] array (
  'type' => 'module',
  'module' => 
  array (
    0 => 'manage',
    1 => 'Index',
    2 => 'index',
  ),
  'convert' => false,
)
[ info ] [ HEADER ] array (
  'host' => 'test.apiadmin.com:8080',
  'connection' => 'keep-alive',
  'cache-control' => 'max-age=0',
  'upgrade-insecure-requests' => '1',
  'user-agent' => 'Mozilla/5.0 (Windows NT 10.0; WOW64) AppleWebKit/537.36 (KHTML, like Gecko) Chrome/67.0.3396.62 Safari/537.36',
  'accept' => 'text/html,application/xhtml+xml,application/xml;q=0.9,image/webp,image/apng,*/*;q=0.8',
  'accept-encoding' => 'gzip, deflate',
  'accept-language' => 'zh-CN,zh;q=0.9',
)
[ info ] [ PARAM ] array (
)
[ info ] [ RUN ] app\manage\controller\Index->index[ D:\www\apiadmin\application\manage\controller\Index.php ]
[ info ] [ VIEW ] D:\www\apiadmin\public/../application/manage\view\index\index.html [ array (
) ]
[ info ] [ LOG ] INIT File
---------------------------------------------------------------
[ 2018-07-10T16:17:13+08:00 ] 127.0.0.1 GET /
[ info ] test.apiadmin.com:8080/ [运行时间：0.225214s][吞吐率：4.44req/s] [内存消耗：2,856.25kb] [文件加载：41]
[ info ] [ LANG ] D:\www\apiadmin\thinkphp\lang\zh-cn.php
[ info ] [ ROUTE ] array (
  'type' => 'module',
  'module' => 
  array (
    0 => 'manage',
    1 => 'Index',
    2 => 'index',
  ),
  'convert' => false,
)
[ info ] [ HEADER ] array (
  'host' => 'test.apiadmin.com:8080',
  'connection' => 'keep-alive',
  'pragma' => 'no-cache',
  'cache-control' => 'no-cache',
  'upgrade-insecure-requests' => '1',
  'user-agent' => 'Mozilla/5.0 (Windows NT 10.0; WOW64) AppleWebKit/537.36 (KHTML, like Gecko) Chrome/53.0.2785.104 Safari/537.36 Core/1.53.4549.400 QQBrowser/9.7.12900.400',
  'accept' => 'text/html,application/xhtml+xml,application/xml;q=0.9,image/webp,*/*;q=0.8',
  'accept-encoding' => 'gzip, deflate, sdch',
  'accept-language' => 'zh-CN,zh;q=0.8',
)
[ info ] [ PARAM ] array (
)
[ info ] [ RUN ] app\manage\controller\Index->index[ D:\www\apiadmin\application\manage\controller\Index.php ]
[ info ] [ VIEW ] D:\www\apiadmin\public/../application/manage\view\index\index.html [ array (
) ]
[ info ] [ LOG ] INIT File
---------------------------------------------------------------
[ 2018-07-10T16:18:08+08:00 ] 127.0.0.1 GET /api/
[ info ] test.apiadmin.com:8080/api/ [运行时间：0.228208s][吞吐率：4.38req/s] [内存消耗：2,855.13kb] [文件加载：41]
[ info ] [ LANG ] D:\www\apiadmin\thinkphp\lang\zh-cn.php
[ info ] [ ROUTE ] array (
  'type' => 'module',
  'module' => 
  array (
    0 => 'manage',
    1 => 'Index',
    2 => 'index',
  ),
  'convert' => false,
)
[ info ] [ HEADER ] array (
  'host' => 'test.apiadmin.com:8080',
  'connection' => 'keep-alive',
  'upgrade-insecure-requests' => '1',
  'user-agent' => 'Mozilla/5.0 (Windows NT 10.0; WOW64) AppleWebKit/537.36 (KHTML, like Gecko) Chrome/67.0.3396.62 Safari/537.36',
  'accept' => 'text/html,application/xhtml+xml,application/xml;q=0.9,image/webp,image/apng,*/*;q=0.8',
  'accept-encoding' => 'gzip, deflate',
  'accept-language' => 'zh-CN,zh;q=0.9',
)
[ info ] [ PARAM ] array (
)
[ info ] [ RUN ] app\manage\controller\Index->index[ D:\www\apiadmin\application\manage\controller\Index.php ]
[ info ] [ VIEW ] D:\www\apiadmin\public/../application/manage\view\index\index.html [ array (
) ]
[ info ] [ LOG ] INIT File
---------------------------------------------------------------
[ 2018-07-10T16:18:24+08:00 ] 127.0.0.1 GET /api/index/index
[ info ] test.apiadmin.com:8080/api/index/index [运行时间：0.229940s][吞吐率：4.35req/s] [内存消耗：2,856.11kb] [文件加载：41]
[ info ] [ LANG ] D:\www\apiadmin\thinkphp\lang\zh-cn.php
[ info ] [ ROUTE ] array (
  'type' => 'module',
  'module' => 
  array (
    0 => 'manage',
    1 => 'Index',
    2 => 'index',
  ),
  'convert' => false,
)
[ info ] [ HEADER ] array (
  'host' => 'test.apiadmin.com:8080',
  'connection' => 'keep-alive',
  'upgrade-insecure-requests' => '1',
  'user-agent' => 'Mozilla/5.0 (Windows NT 10.0; WOW64) AppleWebKit/537.36 (KHTML, like Gecko) Chrome/67.0.3396.62 Safari/537.36',
  'accept' => 'text/html,application/xhtml+xml,application/xml;q=0.9,image/webp,image/apng,*/*;q=0.8',
  'accept-encoding' => 'gzip, deflate',
  'accept-language' => 'zh-CN,zh;q=0.9',
)
[ info ] [ PARAM ] array (
  'api' => 'index',
)
[ info ] [ RUN ] app\manage\controller\Index->index[ D:\www\apiadmin\application\manage\controller\Index.php ]
[ info ] [ VIEW ] D:\www\apiadmin\public/../application/manage\view\index\index.html [ array (
) ]
[ info ] [ LOG ] INIT File
---------------------------------------------------------------
[ 2018-07-10T16:18:29+08:00 ] 127.0.0.1 GET /api/index/index
[ info ] test.apiadmin.com:8080/api/index/index [运行时间：0.227203s][吞吐率：4.40req/s] [内存消耗：2,856.13kb] [文件加载：41]
[ info ] [ LANG ] D:\www\apiadmin\thinkphp\lang\zh-cn.php
[ info ] [ ROUTE ] array (
  'type' => 'module',
  'module' => 
  array (
    0 => 'manage',
    1 => 'Index',
    2 => 'index',
  ),
  'convert' => false,
)
[ info ] [ HEADER ] array (
  'host' => 'test.apiadmin.com:8080',
  'connection' => 'keep-alive',
  'upgrade-insecure-requests' => '1',
  'user-agent' => 'Mozilla/5.0 (Windows NT 10.0; WOW64) AppleWebKit/537.36 (KHTML, like Gecko) Chrome/67.0.3396.62 Safari/537.36',
  'accept' => 'text/html,application/xhtml+xml,application/xml;q=0.9,image/webp,image/apng,*/*;q=0.8',
  'accept-encoding' => 'gzip, deflate',
  'accept-language' => 'zh-CN,zh;q=0.9',
)
[ info ] [ PARAM ] array (
  'api' => 'index',
)
[ info ] [ RUN ] app\manage\controller\Index->index[ D:\www\apiadmin\application\manage\controller\Index.php ]
[ info ] [ VIEW ] D:\www\apiadmin\public/../application/manage\view\index\index.html [ array (
) ]
[ info ] [ LOG ] INIT File
---------------------------------------------------------------
[ 2018-07-10T16:19:11+08:00 ] 127.0.0.1 GET /api/index/index
[ info ] test.apiadmin.com:8080/api/index/index [运行时间：0.234739s][吞吐率：4.26req/s] [内存消耗：2,856.52kb] [文件加载：41]
[ info ] [ LANG ] D:\www\apiadmin\thinkphp\lang\zh-cn.php
[ info ] [ ROUTE ] array (
  'type' => 'module',
  'module' => 
  array (
    0 => 'manage',
    1 => 'Index',
    2 => 'index',
  ),
  'convert' => false,
)
[ info ] [ HEADER ] array (
  'host' => 'test.apiadmin.com:8080',
  'connection' => 'keep-alive',
  'cache-control' => 'max-age=0',
  'upgrade-insecure-requests' => '1',
  'user-agent' => 'Mozilla/5.0 (Windows NT 10.0; WOW64) AppleWebKit/537.36 (KHTML, like Gecko) Chrome/67.0.3396.62 Safari/537.36',
  'accept' => 'text/html,application/xhtml+xml,application/xml;q=0.9,image/webp,image/apng,*/*;q=0.8',
  'accept-encoding' => 'gzip, deflate',
  'accept-language' => 'zh-CN,zh;q=0.9',
)
[ info ] [ PARAM ] array (
  'api' => 'index',
)
[ info ] [ RUN ] app\manage\controller\Index->index[ D:\www\apiadmin\application\manage\controller\Index.php ]
[ info ] [ VIEW ] D:\www\apiadmin\public/../application/manage\view\index\index.html [ array (
) ]
[ info ] [ LOG ] INIT File
---------------------------------------------------------------
[ 2018-07-10T16:19:14+08:00 ] 127.0.0.1 GET /
[ info ] test.apiadmin.com:8080/ [运行时间：0.227623s][吞吐率：4.39req/s] [内存消耗：2,855.34kb] [文件加载：41]
[ info ] [ LANG ] D:\www\apiadmin\thinkphp\lang\zh-cn.php
[ info ] [ ROUTE ] array (
  'type' => 'module',
  'module' => 
  array (
    0 => 'manage',
    1 => 'Index',
    2 => 'index',
  ),
  'convert' => false,
)
[ info ] [ HEADER ] array (
  'host' => 'test.apiadmin.com:8080',
  'connection' => 'keep-alive',
  'upgrade-insecure-requests' => '1',
  'user-agent' => 'Mozilla/5.0 (Windows NT 10.0; WOW64) AppleWebKit/537.36 (KHTML, like Gecko) Chrome/67.0.3396.62 Safari/537.36',
  'accept' => 'text/html,application/xhtml+xml,application/xml;q=0.9,image/webp,image/apng,*/*;q=0.8',
  'accept-encoding' => 'gzip, deflate',
  'accept-language' => 'zh-CN,zh;q=0.9',
)
[ info ] [ PARAM ] array (
)
[ info ] [ RUN ] app\manage\controller\Index->index[ D:\www\apiadmin\application\manage\controller\Index.php ]
[ info ] [ VIEW ] D:\www\apiadmin\public/../application/manage\view\index\index.html [ array (
) ]
[ info ] [ LOG ] INIT File
---------------------------------------------------------------
[ 2018-07-10T16:19:17+08:00 ] 127.0.0.1 GET /
[ info ] test.apiadmin.com:8080/ [运行时间：0.226723s][吞吐率：4.41req/s] [内存消耗：2,855.34kb] [文件加载：41]
[ info ] [ LANG ] D:\www\apiadmin\thinkphp\lang\zh-cn.php
[ info ] [ ROUTE ] array (
  'type' => 'module',
  'module' => 
  array (
    0 => 'manage',
    1 => 'Index',
    2 => 'index',
  ),
  'convert' => false,
)
[ info ] [ HEADER ] array (
  'host' => 'test.apiadmin.com:8080',
  'connection' => 'keep-alive',
  'upgrade-insecure-requests' => '1',
  'user-agent' => 'Mozilla/5.0 (Windows NT 10.0; WOW64) AppleWebKit/537.36 (KHTML, like Gecko) Chrome/67.0.3396.62 Safari/537.36',
  'accept' => 'text/html,application/xhtml+xml,application/xml;q=0.9,image/webp,image/apng,*/*;q=0.8',
  'accept-encoding' => 'gzip, deflate',
  'accept-language' => 'zh-CN,zh;q=0.9',
)
[ info ] [ PARAM ] array (
)
[ info ] [ RUN ] app\manage\controller\Index->index[ D:\www\apiadmin\application\manage\controller\Index.php ]
[ info ] [ VIEW ] D:\www\apiadmin\public/../application/manage\view\index\index.html [ array (
) ]
[ info ] [ LOG ] INIT File
---------------------------------------------------------------
[ 2018-07-10T16:19:30+08:00 ] 127.0.0.1 GET /manage
[ info ] test.apiadmin.com:8080/manage [运行时间：0.227226s][吞吐率：4.40req/s] [内存消耗：2,855.57kb] [文件加载：41]
[ info ] [ LANG ] D:\www\apiadmin\thinkphp\lang\zh-cn.php
[ info ] [ ROUTE ] array (
  'type' => 'module',
  'module' => 
  array (
    0 => 'manage',
    1 => 'index',
    2 => 'index',
  ),
  'convert' => false,
)
[ info ] [ HEADER ] array (
  'host' => 'test.apiadmin.com:8080',
  'connection' => 'keep-alive',
  'upgrade-insecure-requests' => '1',
  'user-agent' => 'Mozilla/5.0 (Windows NT 10.0; WOW64) AppleWebKit/537.36 (KHTML, like Gecko) Chrome/67.0.3396.62 Safari/537.36',
  'accept' => 'text/html,application/xhtml+xml,application/xml;q=0.9,image/webp,image/apng,*/*;q=0.8',
  'accept-encoding' => 'gzip, deflate',
  'accept-language' => 'zh-CN,zh;q=0.9',
)
[ info ] [ PARAM ] array (
)
[ info ] [ RUN ] app\manage\controller\Index->index[ D:\www\apiadmin\application\manage\controller\Index.php ]
[ info ] [ VIEW ] D:\www\apiadmin\public/../application/manage\view\index\index.html [ array (
) ]
[ info ] [ LOG ] INIT File
---------------------------------------------------------------
[ 2018-07-10T16:19:47+08:00 ] 127.0.0.1 GET /manage
[ info ] test.apiadmin.com:8080/manage [运行时间：0.228390s][吞吐率：4.38req/s] [内存消耗：2,856.14kb] [文件加载：41]
[ info ] [ LANG ] D:\www\apiadmin\thinkphp\lang\zh-cn.php
[ info ] [ ROUTE ] array (
  'type' => 'module',
  'module' => 
  array (
    0 => 'manage',
    1 => 'index',
    2 => 'index',
  ),
  'convert' => false,
)
[ info ] [ HEADER ] array (
  'host' => 'test.apiadmin.com:8080',
  'connection' => 'keep-alive',
  'cache-control' => 'max-age=0',
  'upgrade-insecure-requests' => '1',
  'user-agent' => 'Mozilla/5.0 (Windows NT 10.0; WOW64) AppleWebKit/537.36 (KHTML, like Gecko) Chrome/67.0.3396.62 Safari/537.36',
  'accept' => 'text/html,application/xhtml+xml,application/xml;q=0.9,image/webp,image/apng,*/*;q=0.8',
  'accept-encoding' => 'gzip, deflate',
  'accept-language' => 'zh-CN,zh;q=0.9',
)
[ info ] [ PARAM ] array (
)
[ info ] [ RUN ] app\manage\controller\Index->index[ D:\www\apiadmin\application\manage\controller\Index.php ]
[ info ] [ VIEW ] D:\www\apiadmin\public/../application/manage\view\index\index.html [ array (
) ]
[ info ] [ LOG ] INIT File
---------------------------------------------------------------
[ 2018-07-10T16:19:50+08:00 ] 127.0.0.1 GET /
[ info ] test.apiadmin.com:8080/ [运行时间：0.046846s][吞吐率：21.35req/s] [内存消耗：2,746.84kb] [文件加载：40]
[ info ] [ LANG ] D:\www\apiadmin\thinkphp\lang\zh-cn.php
[ info ] [ ROUTE ] array (
  'type' => 'module',
  'module' => 
  array (
    0 => 'api',
    1 => 'Index',
    2 => 'index',
  ),
  'convert' => false,
)
[ info ] [ HEADER ] array (
  'host' => 'test.apiadmin.com:8080',
  'connection' => 'keep-alive',
  'upgrade-insecure-requests' => '1',
  'user-agent' => 'Mozilla/5.0 (Windows NT 10.0; WOW64) AppleWebKit/537.36 (KHTML, like Gecko) Chrome/67.0.3396.62 Safari/537.36',
  'accept' => 'text/html,application/xhtml+xml,application/xml;q=0.9,image/webp,image/apng,*/*;q=0.8',
  'accept-encoding' => 'gzip, deflate',
  'accept-language' => 'zh-CN,zh;q=0.9',
)
[ info ] [ PARAM ] array (
)
[ info ] [ RUN ] app\api\controller\Index->index[ D:\www\apiadmin\application\api\controller\Index.php ]
[ info ] [ LOG ] INIT File
---------------------------------------------------------------
[ 2018-07-10T16:20:37+08:00 ] 127.0.0.1 GET /
[ info ] test.apiadmin.com:8080/ [运行时间：0.026349s][吞吐率：37.95req/s] [内存消耗：2,747.95kb] [文件加载：41]
[ info ] [ LANG ] D:\www\apiadmin\thinkphp\lang\zh-cn.php
[ info ] [ ROUTE ] array (
  'type' => 'module',
  'module' => 
  array (
    0 => 'api',
    1 => 'Index',
    2 => 'index',
  ),
  'convert' => false,
)
[ info ] [ HEADER ] array (
  'host' => 'test.apiadmin.com:8080',
  'connection' => 'keep-alive',
  'cache-control' => 'max-age=0',
  'upgrade-insecure-requests' => '1',
  'user-agent' => 'Mozilla/5.0 (Windows NT 10.0; WOW64) AppleWebKit/537.36 (KHTML, like Gecko) Chrome/67.0.3396.62 Safari/537.36',
  'accept' => 'text/html,application/xhtml+xml,application/xml;q=0.9,image/webp,image/apng,*/*;q=0.8',
  'accept-encoding' => 'gzip, deflate',
  'accept-language' => 'zh-CN,zh;q=0.9',
)
[ info ] [ PARAM ] array (
)
[ info ] [ RUN ] app\api\controller\Index->index[ D:\www\apiadmin\application\api\controller\Index.php ]
[ info ] [ LOG ] INIT File
