---------------------------------------------------------------
[ 2018-07-18T13:41:56+08:00 ] 127.0.0.1 GET /
[ info ] test.apiadmin.com:8080/ [运行时间：0.265607s][吞吐率：3.76req/s] [内存消耗：2,855.41kb] [文件加载：41]
[ info ] [ LANG ] D:\www\apiadmin\thinkphp\lang\zh-cn.php
[ info ] [ ROUTE ] array (
  'type' => 'module',
  'module' => 
  array (
    0 => 'manage',
    1 => 'Index',
    2 => 'index',
  ),
  'convert' => false,
)
[ info ] [ HEADER ] array (
  'host' => 'test.apiadmin.com:8080',
  'connection' => 'keep-alive',
  'upgrade-insecure-requests' => '1',
  'user-agent' => 'Mozilla/5.0 (Windows NT 10.0; WOW64) AppleWebKit/537.36 (KHTML, like Gecko) Chrome/67.0.3396.62 Safari/537.36',
  'accept' => 'text/html,application/xhtml+xml,application/xml;q=0.9,image/webp,image/apng,*/*;q=0.8',
  'accept-encoding' => 'gzip, deflate',
  'accept-language' => 'zh-CN,zh;q=0.9',
)
[ info ] [ PARAM ] array (
)
[ info ] [ RUN ] app\manage\controller\Index->index[ D:\www\apiadmin\application\manage\controller\Index.php ]
[ info ] [ VIEW ] D:\www\apiadmin\public/../application/manage\view\index\index.html [ array (
) ]
[ info ] [ LOG ] INIT File
---------------------------------------------------------------
[ 2018-07-18T13:42:04+08:00 ] 127.0.0.1 GET /
[ info ] test.apiadmin.com:8080/ [运行时间：0.232184s][吞吐率：4.31req/s] [内存消耗：2,855.39kb] [文件加载：41]
[ info ] [ LANG ] D:\www\apiadmin\thinkphp\lang\zh-cn.php
[ info ] [ ROUTE ] array (
  'type' => 'module',
  'module' => 
  array (
    0 => 'manage',
    1 => 'Index',
    2 => 'index',
  ),
  'convert' => false,
)
[ info ] [ HEADER ] array (
  'host' => 'test.apiadmin.com:8080',
  'connection' => 'keep-alive',
  'upgrade-insecure-requests' => '1',
  'user-agent' => 'Mozilla/5.0 (Windows NT 10.0; WOW64) AppleWebKit/537.36 (KHTML, like Gecko) Chrome/67.0.3396.62 Safari/537.36',
  'accept' => 'text/html,application/xhtml+xml,application/xml;q=0.9,image/webp,image/apng,*/*;q=0.8',
  'accept-encoding' => 'gzip, deflate',
  'accept-language' => 'zh-CN,zh;q=0.9',
)
[ info ] [ PARAM ] array (
)
[ info ] [ RUN ] app\manage\controller\Index->index[ D:\www\apiadmin\application\manage\controller\Index.php ]
[ info ] [ VIEW ] D:\www\apiadmin\public/../application/manage\view\index\index.html [ array (
) ]
[ info ] [ LOG ] INIT File
---------------------------------------------------------------
[ 2018-07-18T13:42:07+08:00 ] 127.0.0.1 GET /wiki/index.html
[ info ] test.apiadmin.com:8080/wiki/index.html [运行时间：0.241242s][吞吐率：4.15req/s] [内存消耗：3,073.20kb] [文件加载：43]
[ info ] [ LANG ] D:\www\apiadmin\thinkphp\lang\zh-cn.php
[ info ] [ ROUTE ] array (
  'type' => 'module',
  'module' => 
  array (
    0 => 'wiki',
    1 => 'index',
    2 => 'index',
  ),
  'convert' => false,
)
[ info ] [ HEADER ] array (
  'host' => 'test.apiadmin.com:8080',
  'connection' => 'keep-alive',
  'upgrade-insecure-requests' => '1',
  'user-agent' => 'Mozilla/5.0 (Windows NT 10.0; WOW64) AppleWebKit/537.36 (KHTML, like Gecko) Chrome/67.0.3396.62 Safari/537.36',
  'accept' => 'text/html,application/xhtml+xml,application/xml;q=0.9,image/webp,image/apng,*/*;q=0.8',
  'accept-encoding' => 'gzip, deflate',
  'accept-language' => 'zh-CN,zh;q=0.9',
)
[ info ] [ PARAM ] array (
)
[ info ] [ RUN ] app\wiki\controller\Index->index[ D:\www\apiadmin\application\wiki\controller\Index.php ]
[ info ] [ SESSION ] INIT array (
  'id' => '',
  'var_session_id' => '',
  'prefix' => 'think',
  'type' => '',
  'auto_start' => true,
)
[ info ] [ LOG ] INIT File
---------------------------------------------------------------
[ 2018-07-18T13:42:08+08:00 ] 127.0.0.1 GET /wiki/login.html
[ info ] test.apiadmin.com:8080/wiki/login.html [运行时间：0.233550s][吞吐率：4.28req/s] [内存消耗：3,061.88kb] [文件加载：43]
[ info ] [ LANG ] D:\www\apiadmin\thinkphp\lang\zh-cn.php
[ info ] [ ROUTE ] array (
  'type' => 'module',
  'module' => 
  array (
    0 => 'wiki',
    1 => 'index',
    2 => 'login',
  ),
  'convert' => false,
)
[ info ] [ HEADER ] array (
  'host' => 'test.apiadmin.com:8080',
  'connection' => 'keep-alive',
  'upgrade-insecure-requests' => '1',
  'user-agent' => 'Mozilla/5.0 (Windows NT 10.0; WOW64) AppleWebKit/537.36 (KHTML, like Gecko) Chrome/67.0.3396.62 Safari/537.36',
  'accept' => 'text/html,application/xhtml+xml,application/xml;q=0.9,image/webp,image/apng,*/*;q=0.8',
  'accept-encoding' => 'gzip, deflate',
  'accept-language' => 'zh-CN,zh;q=0.9',
  'cookie' => 'PHPSESSID=pjpu6os7vm2skstas1qn6pndl3',
)
[ info ] [ PARAM ] array (
)
[ info ] [ RUN ] app\wiki\controller\Index->login[ D:\www\apiadmin\application\wiki\controller\Index.php ]
[ info ] [ VIEW ] D:\www\apiadmin\public/../application/wiki\view\index\login.html [ array (
) ]
[ info ] [ LOG ] INIT File
---------------------------------------------------------------
[ 2018-07-18T13:42:20+08:00 ] 127.0.0.1 POST /wiki/doLogin.html
[ info ] test.apiadmin.com:8080/wiki/doLogin.html [运行时间：1.996474s][吞吐率：0.50req/s] [内存消耗：5,136.56kb] [文件加载：53]
[ info ] [ LANG ] D:\www\apiadmin\thinkphp\lang\zh-cn.php
[ info ] [ ROUTE ] array (
  'type' => 'module',
  'module' => 
  array (
    0 => 'wiki',
    1 => 'index',
    2 => 'doLogin',
  ),
  'convert' => false,
)
[ info ] [ HEADER ] array (
  'host' => 'test.apiadmin.com:8080',
  'connection' => 'keep-alive',
  'content-length' => '57',
  'cache-control' => 'max-age=0',
  'origin' => 'http://test.apiadmin.com:8080',
  'upgrade-insecure-requests' => '1',
  'content-type' => 'application/x-www-form-urlencoded',
  'user-agent' => 'Mozilla/5.0 (Windows NT 10.0; WOW64) AppleWebKit/537.36 (KHTML, like Gecko) Chrome/67.0.3396.62 Safari/537.36',
  'accept' => 'text/html,application/xhtml+xml,application/xml;q=0.9,image/webp,image/apng,*/*;q=0.8',
  'referer' => 'http://test.apiadmin.com:8080/wiki/login.html',
  'accept-encoding' => 'gzip, deflate',
  'accept-language' => 'zh-CN,zh;q=0.9',
  'cookie' => 'PHPSESSID=pjpu6os7vm2skstas1qn6pndl3',
)
[ info ] [ PARAM ] array (
  'appId' => '49875035',
  'appSecret' => 'hklXXCojLqJFsgNcetjPIKosKlixtEAQ',
)
[ info ] [ RUN ] app\wiki\controller\Index->doLogin[ D:\www\apiadmin\application\wiki\controller\Index.php ]
[ info ] [ DB ] INIT mysql
[ info ] [ SESSION ] INIT array (
  'id' => '',
  'var_session_id' => '',
  'prefix' => 'think',
  'type' => '',
  'auto_start' => true,
)
[ info ] [ VIEW ] D:\www\apiadmin\thinkphp\tpl\dispatch_jump.tpl [ array (
  0 => 'code',
  1 => 'msg',
  2 => 'data',
  3 => 'url',
  4 => 'wait',
) ]
[ info ] [ LOG ] INIT File
[ sql ] [ DB ] CONNECT:[ UseTime:1.712354s ] mysql:host=127.0.0.1;dbname=apiadmin;charset=utf8
[ sql ] [ SQL ] SHOW COLUMNS FROM `admin_app` [ RunTime:0.022108s ]
[ sql ] [ SQL ] SELECT * FROM `admin_app` WHERE  `app_id` = '49875035'  AND `app_secret` = 'hklXXCojLqJFsgNcetjPIKosKlixtEAQ' LIMIT 1 [ RunTime:0.000950s ]
---------------------------------------------------------------
[ 2018-07-18T13:42:22+08:00 ] 127.0.0.1 GET /wiki/index.html
[ info ] test.apiadmin.com:8080/wiki/index.html [运行时间：0.294337s][吞吐率：3.40req/s] [内存消耗：5,245.65kb] [文件加载：55]
[ info ] [ LANG ] D:\www\apiadmin\thinkphp\lang\zh-cn.php
[ info ] [ ROUTE ] array (
  'type' => 'module',
  'module' => 
  array (
    0 => 'wiki',
    1 => 'index',
    2 => 'index',
  ),
  'convert' => false,
)
[ info ] [ HEADER ] array (
  'host' => 'test.apiadmin.com:8080',
  'connection' => 'keep-alive',
  'upgrade-insecure-requests' => '1',
  'user-agent' => 'Mozilla/5.0 (Windows NT 10.0; WOW64) AppleWebKit/537.36 (KHTML, like Gecko) Chrome/67.0.3396.62 Safari/537.36',
  'accept' => 'text/html,application/xhtml+xml,application/xml;q=0.9,image/webp,image/apng,*/*;q=0.8',
  'referer' => 'http://test.apiadmin.com:8080/wiki/doLogin.html',
  'accept-encoding' => 'gzip, deflate',
  'accept-language' => 'zh-CN,zh;q=0.9',
  'cookie' => 'PHPSESSID=pjpu6os7vm2skstas1qn6pndl3',
)
[ info ] [ PARAM ] array (
)
[ info ] [ RUN ] app\wiki\controller\Index->index[ D:\www\apiadmin\application\wiki\controller\Index.php ]
[ info ] [ SESSION ] INIT array (
  'id' => '',
  'var_session_id' => '',
  'prefix' => 'think',
  'type' => '',
  'auto_start' => true,
)
[ info ] [ DB ] INIT mysql
[ info ] [ VIEW ] D:\www\apiadmin\public/../application/wiki\view\index\index.html [ array (
  0 => 'groupInfo',
  1 => 'appInfo',
) ]
[ info ] [ LOG ] INIT File
[ sql ] [ DB ] CONNECT:[ UseTime:0.005234s ] mysql:host=127.0.0.1;dbname=apiadmin;charset=utf8
[ sql ] [ SQL ] SHOW COLUMNS FROM `admin_group` [ RunTime:0.019079s ]
[ sql ] [ SQL ] SELECT * FROM `admin_group` [ RunTime:0.000630s ]
[ sql ] [ SQL ] SHOW COLUMNS FROM `admin_app` [ RunTime:0.011511s ]
[ sql ] [ SQL ] SELECT * FROM `admin_app` WHERE  `app_id` = '49875035' LIMIT 1 [ RunTime:0.000557s ]
---------------------------------------------------------------
[ 2018-07-18T13:48:31+08:00 ] 127.0.0.1 GET /wiki/index.html
[ info ] test.apiadmin.com:8080/wiki/index.html [运行时间：0.294458s][吞吐率：3.40req/s] [内存消耗：5,245.88kb] [文件加载：55]
[ info ] [ LANG ] D:\www\apiadmin\thinkphp\lang\zh-cn.php
[ info ] [ ROUTE ] array (
  'type' => 'module',
  'module' => 
  array (
    0 => 'wiki',
    1 => 'index',
    2 => 'index',
  ),
  'convert' => false,
)
[ info ] [ HEADER ] array (
  'host' => 'test.apiadmin.com:8080',
  'connection' => 'keep-alive',
  'cache-control' => 'max-age=0',
  'upgrade-insecure-requests' => '1',
  'user-agent' => 'Mozilla/5.0 (Windows NT 10.0; WOW64) AppleWebKit/537.36 (KHTML, like Gecko) Chrome/67.0.3396.62 Safari/537.36',
  'accept' => 'text/html,application/xhtml+xml,application/xml;q=0.9,image/webp,image/apng,*/*;q=0.8',
  'referer' => 'http://test.apiadmin.com:8080/wiki/doLogin.html',
  'accept-encoding' => 'gzip, deflate',
  'accept-language' => 'zh-CN,zh;q=0.9',
  'cookie' => 'PHPSESSID=pjpu6os7vm2skstas1qn6pndl3',
)
[ info ] [ PARAM ] array (
)
[ info ] [ RUN ] app\wiki\controller\Index->index[ D:\www\apiadmin\application\wiki\controller\Index.php ]
[ info ] [ SESSION ] INIT array (
  'id' => '',
  'var_session_id' => '',
  'prefix' => 'think',
  'type' => '',
  'auto_start' => true,
)
[ info ] [ DB ] INIT mysql
[ info ] [ VIEW ] D:\www\apiadmin\public/../application/wiki\view\index\index.html [ array (
  0 => 'groupInfo',
  1 => 'appInfo',
) ]
[ info ] [ LOG ] INIT File
[ sql ] [ DB ] CONNECT:[ UseTime:0.006482s ] mysql:host=127.0.0.1;dbname=apiadmin;charset=utf8
[ sql ] [ SQL ] SHOW COLUMNS FROM `admin_group` [ RunTime:0.014266s ]
[ sql ] [ SQL ] SELECT * FROM `admin_group` [ RunTime:0.000573s ]
[ sql ] [ SQL ] SHOW COLUMNS FROM `admin_app` [ RunTime:0.010975s ]
[ sql ] [ SQL ] SELECT * FROM `admin_app` WHERE  `app_id` = '49875035' LIMIT 1 [ RunTime:0.000607s ]
---------------------------------------------------------------
[ 2018-07-18T14:17:55+08:00 ] 127.0.0.1 GET /wiki/index.html
[ info ] test.apiadmin.com:8080/wiki/index.html [运行时间：1.913046s][吞吐率：0.52req/s] [内存消耗：5,246.23kb] [文件加载：55]
[ info ] [ LANG ] D:\www\apiadmin\thinkphp\lang\zh-cn.php
[ info ] [ ROUTE ] array (
  'type' => 'module',
  'module' => 
  array (
    0 => 'wiki',
    1 => 'index',
    2 => 'index',
  ),
  'convert' => false,
)
[ info ] [ HEADER ] array (
  'host' => 'test.apiadmin.com:8080',
  'connection' => 'keep-alive',
  'cache-control' => 'max-age=0',
  'upgrade-insecure-requests' => '1',
  'user-agent' => 'Mozilla/5.0 (Windows NT 10.0; WOW64) AppleWebKit/537.36 (KHTML, like Gecko) Chrome/67.0.3396.62 Safari/537.36',
  'accept' => 'text/html,application/xhtml+xml,application/xml;q=0.9,image/webp,image/apng,*/*;q=0.8',
  'referer' => 'http://test.apiadmin.com:8080/wiki/doLogin.html',
  'accept-encoding' => 'gzip, deflate',
  'accept-language' => 'zh-CN,zh;q=0.9',
  'cookie' => 'PHPSESSID=pjpu6os7vm2skstas1qn6pndl3',
)
[ info ] [ PARAM ] array (
)
[ info ] [ RUN ] app\wiki\controller\Index->index[ D:\www\apiadmin\application\wiki\controller\Index.php ]
[ info ] [ SESSION ] INIT array (
  'id' => '',
  'var_session_id' => '',
  'prefix' => 'think',
  'type' => '',
  'auto_start' => true,
)
[ info ] [ DB ] INIT mysql
[ info ] [ VIEW ] D:\www\apiadmin\public/../application/wiki\view\index\index.html [ array (
  0 => 'groupInfo',
  1 => 'appInfo',
) ]
[ info ] [ LOG ] INIT File
[ sql ] [ DB ] CONNECT:[ UseTime:1.612291s ] mysql:host=127.0.0.1;dbname=apiadmin;charset=utf8
[ sql ] [ SQL ] SHOW COLUMNS FROM `admin_group` [ RunTime:0.014898s ]
[ sql ] [ SQL ] SELECT * FROM `admin_group` [ RunTime:0.000842s ]
[ sql ] [ SQL ] SHOW COLUMNS FROM `admin_app` [ RunTime:0.012955s ]
[ sql ] [ SQL ] SELECT * FROM `admin_app` WHERE  `app_id` = '49875035' LIMIT 1 [ RunTime:0.000737s ]
---------------------------------------------------------------
[ 2018-07-18T14:19:37+08:00 ] 127.0.0.1 POST /wiki/doLogin.html
[ info ] test.apiadmin.com:8080/wiki/doLogin.html [运行时间：0.277417s][吞吐率：3.60req/s] [内存消耗：5,136.83kb] [文件加载：53]
[ info ] [ LANG ] D:\www\apiadmin\thinkphp\lang\zh-cn.php
[ info ] [ ROUTE ] array (
  'type' => 'module',
  'module' => 
  array (
    0 => 'wiki',
    1 => 'index',
    2 => 'doLogin',
  ),
  'convert' => false,
)
[ info ] [ HEADER ] array (
  'host' => 'test.apiadmin.com:8080',
  'connection' => 'keep-alive',
  'content-length' => '57',
  'cache-control' => 'max-age=0',
  'origin' => 'http://test.apiadmin.com:8080',
  'upgrade-insecure-requests' => '1',
  'content-type' => 'application/x-www-form-urlencoded',
  'user-agent' => 'Mozilla/5.0 (Windows NT 10.0; WOW64) AppleWebKit/537.36 (KHTML, like Gecko) Chrome/67.0.3396.62 Safari/537.36',
  'accept' => 'text/html,application/xhtml+xml,application/xml;q=0.9,image/webp,image/apng,*/*;q=0.8',
  'referer' => 'http://test.apiadmin.com:8080/wiki/login.html',
  'accept-encoding' => 'gzip, deflate',
  'accept-language' => 'zh-CN,zh;q=0.9',
  'cookie' => 'PHPSESSID=pjpu6os7vm2skstas1qn6pndl3',
)
[ info ] [ PARAM ] array (
  'appId' => '49875035',
  'appSecret' => 'hklXXCojLqJFsgNcetjPIKosKlixtEAQ',
)
[ info ] [ RUN ] app\wiki\controller\Index->doLogin[ D:\www\apiadmin\application\wiki\controller\Index.php ]
[ info ] [ DB ] INIT mysql
[ info ] [ SESSION ] INIT array (
  'id' => '',
  'var_session_id' => '',
  'prefix' => 'think',
  'type' => '',
  'auto_start' => true,
)
[ info ] [ VIEW ] D:\www\apiadmin\thinkphp\tpl\dispatch_jump.tpl [ array (
  0 => 'code',
  1 => 'msg',
  2 => 'data',
  3 => 'url',
  4 => 'wait',
) ]
[ info ] [ LOG ] INIT File
[ sql ] [ DB ] CONNECT:[ UseTime:0.005395s ] mysql:host=127.0.0.1;dbname=apiadmin;charset=utf8
[ sql ] [ SQL ] SHOW COLUMNS FROM `admin_app` [ RunTime:0.013267s ]
[ sql ] [ SQL ] SELECT * FROM `admin_app` WHERE  `app_id` = '49875035'  AND `app_secret` = 'hklXXCojLqJFsgNcetjPIKosKlixtEAQ' LIMIT 1 [ RunTime:0.000805s ]
---------------------------------------------------------------
[ 2018-07-18T14:19:39+08:00 ] 127.0.0.1 GET /wiki/index.html
[ info ] test.apiadmin.com:8080/wiki/index.html [运行时间：0.291694s][吞吐率：3.43req/s] [内存消耗：5,245.89kb] [文件加载：55]
[ info ] [ LANG ] D:\www\apiadmin\thinkphp\lang\zh-cn.php
[ info ] [ ROUTE ] array (
  'type' => 'module',
  'module' => 
  array (
    0 => 'wiki',
    1 => 'index',
    2 => 'index',
  ),
  'convert' => false,
)
[ info ] [ HEADER ] array (
  'host' => 'test.apiadmin.com:8080',
  'connection' => 'keep-alive',
  'upgrade-insecure-requests' => '1',
  'user-agent' => 'Mozilla/5.0 (Windows NT 10.0; WOW64) AppleWebKit/537.36 (KHTML, like Gecko) Chrome/67.0.3396.62 Safari/537.36',
  'accept' => 'text/html,application/xhtml+xml,application/xml;q=0.9,image/webp,image/apng,*/*;q=0.8',
  'referer' => 'http://test.apiadmin.com:8080/wiki/doLogin.html',
  'accept-encoding' => 'gzip, deflate',
  'accept-language' => 'zh-CN,zh;q=0.9',
  'cookie' => 'PHPSESSID=pjpu6os7vm2skstas1qn6pndl3',
)
[ info ] [ PARAM ] array (
)
[ info ] [ RUN ] app\wiki\controller\Index->index[ D:\www\apiadmin\application\wiki\controller\Index.php ]
[ info ] [ SESSION ] INIT array (
  'id' => '',
  'var_session_id' => '',
  'prefix' => 'think',
  'type' => '',
  'auto_start' => true,
)
[ info ] [ DB ] INIT mysql
[ info ] [ VIEW ] D:\www\apiadmin\public/../application/wiki\view\index\index.html [ array (
  0 => 'groupInfo',
  1 => 'appInfo',
) ]
[ info ] [ LOG ] INIT File
[ sql ] [ DB ] CONNECT:[ UseTime:0.005965s ] mysql:host=127.0.0.1;dbname=apiadmin;charset=utf8
[ sql ] [ SQL ] SHOW COLUMNS FROM `admin_group` [ RunTime:0.012765s ]
[ sql ] [ SQL ] SELECT * FROM `admin_group` [ RunTime:0.000661s ]
[ sql ] [ SQL ] SHOW COLUMNS FROM `admin_app` [ RunTime:0.013797s ]
[ sql ] [ SQL ] SELECT * FROM `admin_app` WHERE  `app_id` = '49875035' LIMIT 1 [ RunTime:0.000726s ]
---------------------------------------------------------------
[ 2018-07-18T14:19:41+08:00 ] 127.0.0.1 GET /wiki/detail/5b14e68f1acf8.html
[ info ] test.apiadmin.com:8080/wiki/detail/5b14e68f1acf8.html [运行时间：1.557254s][吞吐率：0.64req/s] [内存消耗：5,382.05kb] [文件加载：59]
[ info ] [ LANG ] D:\www\apiadmin\thinkphp\lang\zh-cn.php
[ info ] [ ROUTE ] array (
  'type' => 'module',
  'module' => 
  array (
    0 => 'wiki',
    1 => 'index',
    2 => 'detail',
  ),
  'convert' => false,
)
[ info ] [ HEADER ] array (
  'host' => 'test.apiadmin.com:8080',
  'connection' => 'keep-alive',
  'upgrade-insecure-requests' => '1',
  'user-agent' => 'Mozilla/5.0 (Windows NT 10.0; WOW64) AppleWebKit/537.36 (KHTML, like Gecko) Chrome/67.0.3396.62 Safari/537.36',
  'accept' => 'text/html,application/xhtml+xml,application/xml;q=0.9,image/webp,image/apng,*/*;q=0.8',
  'referer' => 'http://test.apiadmin.com:8080/wiki/index.html',
  'accept-encoding' => 'gzip, deflate',
  'accept-language' => 'zh-CN,zh;q=0.9',
  'cookie' => 'PHPSESSID=pjpu6os7vm2skstas1qn6pndl3',
)
[ info ] [ PARAM ] array (
  'groupHash' => '5b14e68f1acf8',
  'hash' => NULL,
)
[ info ] [ RUN ] app\wiki\controller\Index->detail[ D:\www\apiadmin\application\wiki\controller\Index.php ]
[ info ] [ SESSION ] INIT array (
  'id' => '',
  'var_session_id' => '',
  'prefix' => 'think',
  'type' => '',
  'auto_start' => true,
)
[ info ] [ DB ] INIT mysql
[ info ] [ CACHE ] INIT Redis
[ info ] [ LOG ] INIT File
[ sql ] [ DB ] CONNECT:[ UseTime:0.005683s ] mysql:host=127.0.0.1;dbname=apiadmin;charset=utf8
[ sql ] [ SQL ] SHOW COLUMNS FROM `admin_list` [ RunTime:0.021886s ]
[ sql ] [ SQL ] SELECT * FROM `admin_list` WHERE  `hash` IN ('5b14e69e846af')  AND `groupHash` = '5b14e68f1acf8' [ RunTime:0.000976s ]
[ sql ] [ SQL ] SHOW COLUMNS FROM `admin_fields` [ RunTime:0.028502s ]
[ sql ] [ SQL ] SELECT * FROM `admin_fields` WHERE  `hash` = '5b14e69e846af'  AND `type` = 0 [ RunTime:0.002168s ]
[ sql ] [ SQL ] SELECT * FROM `admin_fields` WHERE  `hash` = '5b14e69e846af'  AND `type` = 1 [ RunTime:0.000489s ]
[ sql ] [ SQL ] SHOW COLUMNS FROM `admin_group` [ RunTime:0.011311s ]
[ sql ] [ SQL ] SELECT * FROM `admin_group` WHERE  `hash` = '5b14e68f1acf8' LIMIT 1 [ RunTime:0.000606s ]
[ error ] [0]Redis server went away[D:\www\apiadmin\thinkphp\library\think\cache\driver\Redis.php:57]
---------------------------------------------------------------
[ 2018-07-18T14:19:44+08:00 ] 127.0.0.1 GET /wiki/index.html
[ info ] test.apiadmin.com:8080/wiki/index.html [运行时间：0.288621s][吞吐率：3.46req/s] [内存消耗：5,245.89kb] [文件加载：55]
[ info ] [ LANG ] D:\www\apiadmin\thinkphp\lang\zh-cn.php
[ info ] [ ROUTE ] array (
  'type' => 'module',
  'module' => 
  array (
    0 => 'wiki',
    1 => 'index',
    2 => 'index',
  ),
  'convert' => false,
)
[ info ] [ HEADER ] array (
  'host' => 'test.apiadmin.com:8080',
  'connection' => 'keep-alive',
  'upgrade-insecure-requests' => '1',
  'user-agent' => 'Mozilla/5.0 (Windows NT 10.0; WOW64) AppleWebKit/537.36 (KHTML, like Gecko) Chrome/67.0.3396.62 Safari/537.36',
  'accept' => 'text/html,application/xhtml+xml,application/xml;q=0.9,image/webp,image/apng,*/*;q=0.8',
  'referer' => 'http://test.apiadmin.com:8080/wiki/doLogin.html',
  'accept-encoding' => 'gzip, deflate',
  'accept-language' => 'zh-CN,zh;q=0.9',
  'cookie' => 'PHPSESSID=pjpu6os7vm2skstas1qn6pndl3',
)
[ info ] [ PARAM ] array (
)
[ info ] [ RUN ] app\wiki\controller\Index->index[ D:\www\apiadmin\application\wiki\controller\Index.php ]
[ info ] [ SESSION ] INIT array (
  'id' => '',
  'var_session_id' => '',
  'prefix' => 'think',
  'type' => '',
  'auto_start' => true,
)
[ info ] [ DB ] INIT mysql
[ info ] [ VIEW ] D:\www\apiadmin\public/../application/wiki\view\index\index.html [ array (
  0 => 'groupInfo',
  1 => 'appInfo',
) ]
[ info ] [ LOG ] INIT File
[ sql ] [ DB ] CONNECT:[ UseTime:0.006579s ] mysql:host=127.0.0.1;dbname=apiadmin;charset=utf8
[ sql ] [ SQL ] SHOW COLUMNS FROM `admin_group` [ RunTime:0.014750s ]
[ sql ] [ SQL ] SELECT * FROM `admin_group` [ RunTime:0.000622s ]
[ sql ] [ SQL ] SHOW COLUMNS FROM `admin_app` [ RunTime:0.011529s ]
[ sql ] [ SQL ] SELECT * FROM `admin_app` WHERE  `app_id` = '49875035' LIMIT 1 [ RunTime:0.000824s ]
