---------------------------------------------------------------
[ 2018-07-19T15:02:44+08:00 ] 127.0.0.1 GET /
[ info ] test.apiadmin.com:8080/ [运行时间：0.255714s][吞吐率：3.91req/s] [内存消耗：2,855.41kb] [文件加载：41]
[ info ] [ LANG ] D:\www\apiadmin\thinkphp\lang\zh-cn.php
[ info ] [ ROUTE ] array (
  'type' => 'module',
  'module' => 
  array (
    0 => 'manage',
    1 => 'Index',
    2 => 'index',
  ),
  'convert' => false,
)
[ info ] [ HEADER ] array (
  'host' => 'test.apiadmin.com:8080',
  'connection' => 'keep-alive',
  'upgrade-insecure-requests' => '1',
  'user-agent' => 'Mozilla/5.0 (Windows NT 10.0; WOW64) AppleWebKit/537.36 (KHTML, like Gecko) Chrome/67.0.3396.62 Safari/537.36',
  'accept' => 'text/html,application/xhtml+xml,application/xml;q=0.9,image/webp,image/apng,*/*;q=0.8',
  'accept-encoding' => 'gzip, deflate',
  'accept-language' => 'zh-CN,zh;q=0.9',
)
[ info ] [ PARAM ] array (
)
[ info ] [ RUN ] app\manage\controller\Index->index[ D:\www\apiadmin\application\manage\controller\Index.php ]
[ info ] [ VIEW ] D:\www\apiadmin\public/../application/manage\view\index\index.html [ array (
) ]
[ info ] [ LOG ] INIT File
---------------------------------------------------------------
[ 2018-07-19T16:05:21+08:00 ] 127.0.0.1 GET /
[ info ] test.apiadmin.com:8080/ [运行时间：0.248126s][吞吐率：4.03req/s] [内存消耗：2,855.42kb] [文件加载：41]
[ info ] [ LANG ] D:\www\apiadmin\thinkphp\lang\zh-cn.php
[ info ] [ ROUTE ] array (
  'type' => 'module',
  'module' => 
  array (
    0 => 'manage',
    1 => 'Index',
    2 => 'index',
  ),
  'convert' => false,
)
[ info ] [ HEADER ] array (
  'host' => 'test.apiadmin.com:8080',
  'connection' => 'keep-alive',
  'upgrade-insecure-requests' => '1',
  'user-agent' => 'Mozilla/5.0 (Windows NT 10.0; WOW64) AppleWebKit/537.36 (KHTML, like Gecko) Chrome/67.0.3396.62 Safari/537.36',
  'accept' => 'text/html,application/xhtml+xml,application/xml;q=0.9,image/webp,image/apng,*/*;q=0.8',
  'accept-encoding' => 'gzip, deflate',
  'accept-language' => 'zh-CN,zh;q=0.9',
)
[ info ] [ PARAM ] array (
)
[ info ] [ RUN ] app\manage\controller\Index->index[ D:\www\apiadmin\application\manage\controller\Index.php ]
[ info ] [ VIEW ] D:\www\apiadmin\public/../application/manage\view\index\index.html [ array (
) ]
[ info ] [ LOG ] INIT File
---------------------------------------------------------------
[ 2018-07-19T16:05:27+08:00 ] 127.0.0.1 GET /api/
[ info ] test.apiadmin.com:8080/api/ [运行时间：0.225876s][吞吐率：4.43req/s] [内存消耗：2,855.13kb] [文件加载：41]
[ info ] [ LANG ] D:\www\apiadmin\thinkphp\lang\zh-cn.php
[ info ] [ ROUTE ] array (
  'type' => 'module',
  'module' => 
  array (
    0 => 'manage',
    1 => 'Index',
    2 => 'index',
  ),
  'convert' => false,
)
[ info ] [ HEADER ] array (
  'host' => 'test.apiadmin.com:8080',
  'connection' => 'keep-alive',
  'upgrade-insecure-requests' => '1',
  'user-agent' => 'Mozilla/5.0 (Windows NT 10.0; WOW64) AppleWebKit/537.36 (KHTML, like Gecko) Chrome/67.0.3396.62 Safari/537.36',
  'accept' => 'text/html,application/xhtml+xml,application/xml;q=0.9,image/webp,image/apng,*/*;q=0.8',
  'accept-encoding' => 'gzip, deflate',
  'accept-language' => 'zh-CN,zh;q=0.9',
)
[ info ] [ PARAM ] array (
)
[ info ] [ RUN ] app\manage\controller\Index->index[ D:\www\apiadmin\application\manage\controller\Index.php ]
[ info ] [ VIEW ] D:\www\apiadmin\public/../application/manage\view\index\index.html [ array (
) ]
[ info ] [ LOG ] INIT File
---------------------------------------------------------------
[ 2018-07-19T16:05:41+08:00 ] 127.0.0.1 GET /api/index/index
[ info ] test.apiadmin.com:8080/api/index/index [运行时间：0.229184s][吞吐率：4.36req/s] [内存消耗：2,856.11kb] [文件加载：41]
[ info ] [ LANG ] D:\www\apiadmin\thinkphp\lang\zh-cn.php
[ info ] [ ROUTE ] array (
  'type' => 'module',
  'module' => 
  array (
    0 => 'manage',
    1 => 'Index',
    2 => 'index',
  ),
  'convert' => false,
)
[ info ] [ HEADER ] array (
  'host' => 'test.apiadmin.com:8080',
  'connection' => 'keep-alive',
  'upgrade-insecure-requests' => '1',
  'user-agent' => 'Mozilla/5.0 (Windows NT 10.0; WOW64) AppleWebKit/537.36 (KHTML, like Gecko) Chrome/67.0.3396.62 Safari/537.36',
  'accept' => 'text/html,application/xhtml+xml,application/xml;q=0.9,image/webp,image/apng,*/*;q=0.8',
  'accept-encoding' => 'gzip, deflate',
  'accept-language' => 'zh-CN,zh;q=0.9',
)
[ info ] [ PARAM ] array (
  'api' => 'index',
)
[ info ] [ RUN ] app\manage\controller\Index->index[ D:\www\apiadmin\application\manage\controller\Index.php ]
[ info ] [ VIEW ] D:\www\apiadmin\public/../application/manage\view\index\index.html [ array (
) ]
[ info ] [ LOG ] INIT File
---------------------------------------------------------------
[ 2018-07-19T16:05:57+08:00 ] 127.0.0.1 GET /api
[ info ] test.apiadmin.com:8080/api [运行时间：0.241162s][吞吐率：4.15req/s] [内存消耗：3,239.42kb] [文件加载：48]
[ info ] [ LANG ] D:\www\apiadmin\thinkphp\lang\zh-cn.php
[ info ] [ ROUTE ] array (
  'type' => 'module',
  'module' => 
  array (
    0 => 'api',
    1 => 'Index',
    2 => 'index',
  ),
  'convert' => false,
)
[ info ] [ HEADER ] array (
  'host' => 'test.apiadmin.com:8080',
  'connection' => 'keep-alive',
  'upgrade-insecure-requests' => '1',
  'user-agent' => 'Mozilla/5.0 (Windows NT 10.0; WOW64) AppleWebKit/537.36 (KHTML, like Gecko) Chrome/67.0.3396.62 Safari/537.36',
  'accept' => 'text/html,application/xhtml+xml,application/xml;q=0.9,image/webp,image/apng,*/*;q=0.8',
  'accept-encoding' => 'gzip, deflate',
  'accept-language' => 'zh-CN,zh;q=0.9',
)
[ info ] [ PARAM ] array (
)
[ info ] [ RUN ] app\api\controller\Index->index[ D:\www\apiadmin\application\api\controller\Index.php ]
[ info ] [ VIEW ] D:\www\apiadmin\public/../application/api\view\index\index.html [ array (
) ]
[ info ] [ BEHAVIOR ] Run app\api\behavior\BuildResponse @response_send [ RunTime:0.002036s ]
[ info ] [ LOG ] INIT File
---------------------------------------------------------------
[ 2018-07-19T16:06:02+08:00 ] 127.0.0.1 GET /
[ info ] test.apiadmin.com:8080/ [运行时间：0.226572s][吞吐率：4.41req/s] [内存消耗：2,994.34kb] [文件加载：46]
[ info ] [ LANG ] D:\www\apiadmin\thinkphp\lang\zh-cn.php
[ info ] [ ROUTE ] array (
  'type' => 'module',
  'module' => 
  array (
    0 => 'api',
    1 => 'Index',
    2 => 'index',
  ),
  'convert' => false,
)
[ info ] [ HEADER ] array (
  'host' => 'test.apiadmin.com:8080',
  'connection' => 'keep-alive',
  'upgrade-insecure-requests' => '1',
  'user-agent' => 'Mozilla/5.0 (Windows NT 10.0; WOW64) AppleWebKit/537.36 (KHTML, like Gecko) Chrome/67.0.3396.62 Safari/537.36',
  'accept' => 'text/html,application/xhtml+xml,application/xml;q=0.9,image/webp,image/apng,*/*;q=0.8',
  'accept-encoding' => 'gzip, deflate',
  'accept-language' => 'zh-CN,zh;q=0.9',
)
[ info ] [ PARAM ] array (
)
[ info ] [ RUN ] app\api\controller\Index->index[ D:\www\apiadmin\application\api\controller\Index.php ]
[ info ] [ VIEW ] D:\www\apiadmin\public/../application/api\view\index\index.html [ array (
) ]
[ info ] [ BEHAVIOR ] Run app\api\behavior\BuildResponse @response_send [ RunTime:0.000887s ]
[ info ] [ LOG ] INIT File
---------------------------------------------------------------
[ 2018-07-19T16:06:23+08:00 ] 127.0.0.1 GET /
[ info ] test.apiadmin.com:8080/ [运行时间：0.230531s][吞吐率：4.34req/s] [内存消耗：3,002.13kb] [文件加载：46]
[ info ] [ LANG ] D:\www\apiadmin\thinkphp\lang\zh-cn.php
[ info ] [ ROUTE ] array (
  'type' => 'module',
  'module' => 
  array (
    0 => 'api',
    1 => 'Index',
    2 => 'index',
  ),
  'convert' => false,
)
[ info ] [ HEADER ] array (
  'host' => 'test.apiadmin.com:8080',
  'connection' => 'keep-alive',
  'cache-control' => 'max-age=0',
  'upgrade-insecure-requests' => '1',
  'user-agent' => 'Mozilla/5.0 (Windows NT 10.0; WOW64) AppleWebKit/537.36 (KHTML, like Gecko) Chrome/67.0.3396.62 Safari/537.36',
  'accept' => 'text/html,application/xhtml+xml,application/xml;q=0.9,image/webp,image/apng,*/*;q=0.8',
  'accept-encoding' => 'gzip, deflate',
  'accept-language' => 'zh-CN,zh;q=0.9',
)
[ info ] [ PARAM ] array (
)
[ info ] [ RUN ] app\api\controller\Index->index[ D:\www\apiadmin\application\api\controller\Index.php ]
[ info ] [ BEHAVIOR ] Run app\api\behavior\BuildResponse @response_send [ RunTime:0.000869s ]
[ info ] [ VIEW ] D:\www\apiadmin\public/../application/api\view\index\index.html [ array (
) ]
[ info ] [ LOG ] INIT File
---------------------------------------------------------------
[ 2018-07-19T16:06:28+08:00 ] 127.0.0.1 GET /
[ info ] test.apiadmin.com:8080/ [运行时间：0.239215s][吞吐率：4.18req/s] [内存消耗：3,002.09kb] [文件加载：46]
[ info ] [ LANG ] D:\www\apiadmin\thinkphp\lang\zh-cn.php
[ info ] [ ROUTE ] array (
  'type' => 'module',
  'module' => 
  array (
    0 => 'api',
    1 => 'Index',
    2 => 'index',
  ),
  'convert' => false,
)
[ info ] [ HEADER ] array (
  'host' => 'test.apiadmin.com:8080',
  'connection' => 'keep-alive',
  'cache-control' => 'max-age=0',
  'upgrade-insecure-requests' => '1',
  'user-agent' => 'Mozilla/5.0 (Windows NT 10.0; WOW64) AppleWebKit/537.36 (KHTML, like Gecko) Chrome/67.0.3396.62 Safari/537.36',
  'accept' => 'text/html,application/xhtml+xml,application/xml;q=0.9,image/webp,image/apng,*/*;q=0.8',
  'accept-encoding' => 'gzip, deflate',
  'accept-language' => 'zh-CN,zh;q=0.9',
)
[ info ] [ PARAM ] array (
)
[ info ] [ RUN ] app\api\controller\Index->index[ D:\www\apiadmin\application\api\controller\Index.php ]
[ info ] [ BEHAVIOR ] Run app\api\behavior\BuildResponse @response_send [ RunTime:0.001641s ]
[ info ] [ VIEW ] D:\www\apiadmin\public/../application/api\view\index\index.html [ array (
) ]
[ info ] [ LOG ] INIT File
---------------------------------------------------------------
[ 2018-07-19T16:09:04+08:00 ] 127.0.0.1 GET /
[ info ] test.apiadmin.com:8080/ [运行时间：0.243448s][吞吐率：4.11req/s] [内存消耗：3,002.13kb] [文件加载：46]
[ info ] [ LANG ] D:\www\apiadmin\thinkphp\lang\zh-cn.php
[ info ] [ ROUTE ] array (
  'type' => 'module',
  'module' => 
  array (
    0 => 'api',
    1 => 'Index',
    2 => 'index',
  ),
  'convert' => false,
)
[ info ] [ HEADER ] array (
  'host' => 'test.apiadmin.com:8080',
  'connection' => 'keep-alive',
  'cache-control' => 'max-age=0',
  'upgrade-insecure-requests' => '1',
  'user-agent' => 'Mozilla/5.0 (Windows NT 10.0; WOW64) AppleWebKit/537.36 (KHTML, like Gecko) Chrome/67.0.3396.62 Safari/537.36',
  'accept' => 'text/html,application/xhtml+xml,application/xml;q=0.9,image/webp,image/apng,*/*;q=0.8',
  'accept-encoding' => 'gzip, deflate',
  'accept-language' => 'zh-CN,zh;q=0.9',
)
[ info ] [ PARAM ] array (
)
[ info ] [ RUN ] app\api\controller\Index->index[ D:\www\apiadmin\application\api\controller\Index.php ]
[ info ] [ BEHAVIOR ] Run app\api\behavior\BuildResponse @response_send [ RunTime:0.001955s ]
[ info ] [ VIEW ] D:\www\apiadmin\public/../application/api\view\index\index.html [ array (
) ]
[ info ] [ LOG ] INIT File
---------------------------------------------------------------
[ 2018-07-19T16:09:23+08:00 ] 127.0.0.1 GET /
[ info ] test.apiadmin.com:8080/ [运行时间：0.247147s][吞吐率：4.05req/s] [内存消耗：3,002.09kb] [文件加载：46]
[ info ] [ LANG ] D:\www\apiadmin\thinkphp\lang\zh-cn.php
[ info ] [ ROUTE ] array (
  'type' => 'module',
  'module' => 
  array (
    0 => 'api',
    1 => 'Index',
    2 => 'index',
  ),
  'convert' => false,
)
[ info ] [ HEADER ] array (
  'host' => 'test.apiadmin.com:8080',
  'connection' => 'keep-alive',
  'cache-control' => 'max-age=0',
  'upgrade-insecure-requests' => '1',
  'user-agent' => 'Mozilla/5.0 (Windows NT 10.0; WOW64) AppleWebKit/537.36 (KHTML, like Gecko) Chrome/67.0.3396.62 Safari/537.36',
  'accept' => 'text/html,application/xhtml+xml,application/xml;q=0.9,image/webp,image/apng,*/*;q=0.8',
  'accept-encoding' => 'gzip, deflate',
  'accept-language' => 'zh-CN,zh;q=0.9',
)
[ info ] [ PARAM ] array (
)
[ info ] [ RUN ] app\api\controller\Index->index[ D:\www\apiadmin\application\api\controller\Index.php ]
[ info ] [ BEHAVIOR ] Run app\api\behavior\BuildResponse @response_send [ RunTime:0.001606s ]
[ info ] [ VIEW ] D:\www\apiadmin\public/../application/api\view\index\index.html [ array (
) ]
[ info ] [ LOG ] INIT File
---------------------------------------------------------------
[ 2018-07-19T16:10:10+08:00 ] 127.0.0.1 GET /
[ info ] test.apiadmin.com:8080/ [运行时间：0.230835s][吞吐率：4.33req/s] [内存消耗：3,002.13kb] [文件加载：46]
[ info ] [ LANG ] D:\www\apiadmin\thinkphp\lang\zh-cn.php
[ info ] [ ROUTE ] array (
  'type' => 'module',
  'module' => 
  array (
    0 => 'api',
    1 => 'Index',
    2 => 'index',
  ),
  'convert' => false,
)
[ info ] [ HEADER ] array (
  'host' => 'test.apiadmin.com:8080',
  'connection' => 'keep-alive',
  'cache-control' => 'max-age=0',
  'upgrade-insecure-requests' => '1',
  'user-agent' => 'Mozilla/5.0 (Windows NT 10.0; WOW64) AppleWebKit/537.36 (KHTML, like Gecko) Chrome/67.0.3396.62 Safari/537.36',
  'accept' => 'text/html,application/xhtml+xml,application/xml;q=0.9,image/webp,image/apng,*/*;q=0.8',
  'accept-encoding' => 'gzip, deflate',
  'accept-language' => 'zh-CN,zh;q=0.9',
)
[ info ] [ PARAM ] array (
)
[ info ] [ RUN ] app\api\controller\Index->index[ D:\www\apiadmin\application\api\controller\Index.php ]
[ info ] [ BEHAVIOR ] Run app\api\behavior\BuildResponse @response_send [ RunTime:0.001004s ]
[ info ] [ VIEW ] D:\www\apiadmin\public/../application/api\view\index\index.html [ array (
) ]
[ info ] [ LOG ] INIT File
---------------------------------------------------------------
[ 2018-07-19T16:10:19+08:00 ] 127.0.0.1 GET /
[ info ] test.apiadmin.com:8080/ [运行时间：0.260802s][吞吐率：3.83req/s] [内存消耗：3,002.13kb] [文件加载：46]
[ info ] [ LANG ] D:\www\apiadmin\thinkphp\lang\zh-cn.php
[ info ] [ ROUTE ] array (
  'type' => 'module',
  'module' => 
  array (
    0 => 'api',
    1 => 'Index',
    2 => 'index',
  ),
  'convert' => false,
)
[ info ] [ HEADER ] array (
  'host' => 'test.apiadmin.com:8080',
  'connection' => 'keep-alive',
  'cache-control' => 'max-age=0',
  'upgrade-insecure-requests' => '1',
  'user-agent' => 'Mozilla/5.0 (Windows NT 10.0; WOW64) AppleWebKit/537.36 (KHTML, like Gecko) Chrome/67.0.3396.62 Safari/537.36',
  'accept' => 'text/html,application/xhtml+xml,application/xml;q=0.9,image/webp,image/apng,*/*;q=0.8',
  'accept-encoding' => 'gzip, deflate',
  'accept-language' => 'zh-CN,zh;q=0.9',
)
[ info ] [ PARAM ] array (
)
[ info ] [ RUN ] app\api\controller\Index->index[ D:\www\apiadmin\application\api\controller\Index.php ]
[ info ] [ BEHAVIOR ] Run app\api\behavior\BuildResponse @response_send [ RunTime:0.001768s ]
[ info ] [ VIEW ] D:\www\apiadmin\public/../application/api\view\index\index.html [ array (
) ]
[ info ] [ LOG ] INIT File
---------------------------------------------------------------
[ 2018-07-19T16:10:23+08:00 ] 127.0.0.1 GET /
[ info ] test.apiadmin.com:8080/ [运行时间：0.230557s][吞吐率：4.34req/s] [内存消耗：3,002.13kb] [文件加载：46]
[ info ] [ LANG ] D:\www\apiadmin\thinkphp\lang\zh-cn.php
[ info ] [ ROUTE ] array (
  'type' => 'module',
  'module' => 
  array (
    0 => 'api',
    1 => 'Index',
    2 => 'index',
  ),
  'convert' => false,
)
[ info ] [ HEADER ] array (
  'host' => 'test.apiadmin.com:8080',
  'connection' => 'keep-alive',
  'cache-control' => 'max-age=0',
  'upgrade-insecure-requests' => '1',
  'user-agent' => 'Mozilla/5.0 (Windows NT 10.0; WOW64) AppleWebKit/537.36 (KHTML, like Gecko) Chrome/67.0.3396.62 Safari/537.36',
  'accept' => 'text/html,application/xhtml+xml,application/xml;q=0.9,image/webp,image/apng,*/*;q=0.8',
  'accept-encoding' => 'gzip, deflate',
  'accept-language' => 'zh-CN,zh;q=0.9',
)
[ info ] [ PARAM ] array (
)
[ info ] [ RUN ] app\api\controller\Index->index[ D:\www\apiadmin\application\api\controller\Index.php ]
[ info ] [ BEHAVIOR ] Run app\api\behavior\BuildResponse @response_send [ RunTime:0.000922s ]
[ info ] [ VIEW ] D:\www\apiadmin\public/../application/api\view\index\index.html [ array (
) ]
[ info ] [ LOG ] INIT File
---------------------------------------------------------------
[ 2018-07-19T16:10:27+08:00 ] 127.0.0.1 GET /
[ info ] test.apiadmin.com:8080/ [运行时间：0.231007s][吞吐率：4.33req/s] [内存消耗：3,002.13kb] [文件加载：46]
[ info ] [ LANG ] D:\www\apiadmin\thinkphp\lang\zh-cn.php
[ info ] [ ROUTE ] array (
  'type' => 'module',
  'module' => 
  array (
    0 => 'api',
    1 => 'Index',
    2 => 'index',
  ),
  'convert' => false,
)
[ info ] [ HEADER ] array (
  'host' => 'test.apiadmin.com:8080',
  'connection' => 'keep-alive',
  'cache-control' => 'max-age=0',
  'upgrade-insecure-requests' => '1',
  'user-agent' => 'Mozilla/5.0 (Windows NT 10.0; WOW64) AppleWebKit/537.36 (KHTML, like Gecko) Chrome/67.0.3396.62 Safari/537.36',
  'accept' => 'text/html,application/xhtml+xml,application/xml;q=0.9,image/webp,image/apng,*/*;q=0.8',
  'accept-encoding' => 'gzip, deflate',
  'accept-language' => 'zh-CN,zh;q=0.9',
)
[ info ] [ PARAM ] array (
)
[ info ] [ RUN ] app\api\controller\Index->index[ D:\www\apiadmin\application\api\controller\Index.php ]
[ info ] [ BEHAVIOR ] Run app\api\behavior\BuildResponse @response_send [ RunTime:0.000861s ]
[ info ] [ VIEW ] D:\www\apiadmin\public/../application/api\view\index\index.html [ array (
) ]
[ info ] [ LOG ] INIT File
---------------------------------------------------------------
[ 2018-07-19T16:11:03+08:00 ] 127.0.0.1 GET /
[ info ] test.apiadmin.com:8080/ [运行时间：0.229217s][吞吐率：4.36req/s] [内存消耗：3,002.53kb] [文件加载：46]
[ info ] [ LANG ] D:\www\apiadmin\thinkphp\lang\zh-cn.php
[ info ] [ ROUTE ] array (
  'type' => 'module',
  'module' => 
  array (
    0 => 'api',
    1 => 'Index',
    2 => 'index',
  ),
  'convert' => false,
)
[ info ] [ HEADER ] array (
  'host' => 'test.apiadmin.com:8080',
  'connection' => 'keep-alive',
  'pragma' => 'no-cache',
  'cache-control' => 'no-cache',
  'upgrade-insecure-requests' => '1',
  'user-agent' => 'Mozilla/5.0 (Windows NT 10.0; WOW64) AppleWebKit/537.36 (KHTML, like Gecko) Chrome/67.0.3396.62 Safari/537.36',
  'accept' => 'text/html,application/xhtml+xml,application/xml;q=0.9,image/webp,image/apng,*/*;q=0.8',
  'accept-encoding' => 'gzip, deflate',
  'accept-language' => 'zh-CN,zh;q=0.9',
)
[ info ] [ PARAM ] array (
)
[ info ] [ RUN ] app\api\controller\Index->index[ D:\www\apiadmin\application\api\controller\Index.php ]
[ info ] [ BEHAVIOR ] Run app\api\behavior\BuildResponse @response_send [ RunTime:0.000856s ]
[ info ] [ VIEW ] D:\www\apiadmin\public/../application/api\view\index\index.html [ array (
) ]
[ info ] [ LOG ] INIT File
---------------------------------------------------------------
[ 2018-07-19T16:11:17+08:00 ] 127.0.0.1 GET /
[ info ] test.apiadmin.com:8080/ [运行时间：0.236876s][吞吐率：4.22req/s] [内存消耗：3,002.30kb] [文件加载：46]
[ info ] [ LANG ] D:\www\apiadmin\thinkphp\lang\zh-cn.php
[ info ] [ ROUTE ] array (
  'type' => 'module',
  'module' => 
  array (
    0 => 'api',
    1 => 'Index',
    2 => 'index',
  ),
  'convert' => false,
)
[ info ] [ HEADER ] array (
  'host' => 'test.apiadmin.com:8080',
  'connection' => 'keep-alive',
  'pragma' => 'no-cache',
  'cache-control' => 'no-cache',
  'upgrade-insecure-requests' => '1',
  'user-agent' => 'Mozilla/5.0 (Windows NT 10.0; WOW64) AppleWebKit/537.36 (KHTML, like Gecko) Chrome/67.0.3396.62 Safari/537.36',
  'accept' => 'text/html,application/xhtml+xml,application/xml;q=0.9,image/webp,image/apng,*/*;q=0.8',
  'accept-encoding' => 'gzip, deflate',
  'accept-language' => 'zh-CN,zh;q=0.9',
)
[ info ] [ PARAM ] array (
)
[ info ] [ RUN ] app\api\controller\Index->index[ D:\www\apiadmin\application\api\controller\Index.php ]
[ info ] [ BEHAVIOR ] Run app\api\behavior\BuildResponse @response_send [ RunTime:0.001448s ]
[ info ] [ VIEW ] D:\www\apiadmin\public/../application/api\view\index\index.html [ array (
) ]
[ info ] [ LOG ] INIT File
---------------------------------------------------------------
[ 2018-07-19T16:12:40+08:00 ] 127.0.0.1 GET /
[ info ] test.apiadmin.com:8080/ [运行时间：0.240407s][吞吐率：4.16req/s] [内存消耗：3,002.13kb] [文件加载：46]
[ info ] [ LANG ] D:\www\apiadmin\thinkphp\lang\zh-cn.php
[ info ] [ ROUTE ] array (
  'type' => 'module',
  'module' => 
  array (
    0 => 'api',
    1 => 'Index',
    2 => 'index',
  ),
  'convert' => false,
)
[ info ] [ HEADER ] array (
  'host' => 'test.apiadmin.com:8080',
  'connection' => 'keep-alive',
  'cache-control' => 'max-age=0',
  'upgrade-insecure-requests' => '1',
  'user-agent' => 'Mozilla/5.0 (Windows NT 10.0; WOW64) AppleWebKit/537.36 (KHTML, like Gecko) Chrome/67.0.3396.62 Safari/537.36',
  'accept' => 'text/html,application/xhtml+xml,application/xml;q=0.9,image/webp,image/apng,*/*;q=0.8',
  'accept-encoding' => 'gzip, deflate',
  'accept-language' => 'zh-CN,zh;q=0.9',
)
[ info ] [ PARAM ] array (
)
[ info ] [ RUN ] app\api\controller\Index->index[ D:\www\apiadmin\application\api\controller\Index.php ]
[ info ] [ BEHAVIOR ] Run app\api\behavior\BuildResponse @response_send [ RunTime:0.001646s ]
[ info ] [ VIEW ] D:\www\apiadmin\public/../application/api\view\index\index.html [ array (
) ]
[ info ] [ LOG ] INIT File
---------------------------------------------------------------
[ 2018-07-19T16:12:57+08:00 ] 127.0.0.1 GET /
[ info ] test.apiadmin.com:8080/ [运行时间：0.292850s][吞吐率：3.41req/s] [内存消耗：3,002.13kb] [文件加载：46]
[ info ] [ LANG ] D:\www\apiadmin\thinkphp\lang\zh-cn.php
[ info ] [ ROUTE ] array (
  'type' => 'module',
  'module' => 
  array (
    0 => 'api',
    1 => 'Index',
    2 => 'index',
  ),
  'convert' => false,
)
[ info ] [ HEADER ] array (
  'host' => 'test.apiadmin.com:8080',
  'connection' => 'keep-alive',
  'cache-control' => 'max-age=0',
  'upgrade-insecure-requests' => '1',
  'user-agent' => 'Mozilla/5.0 (Windows NT 10.0; WOW64) AppleWebKit/537.36 (KHTML, like Gecko) Chrome/67.0.3396.62 Safari/537.36',
  'accept' => 'text/html,application/xhtml+xml,application/xml;q=0.9,image/webp,image/apng,*/*;q=0.8',
  'accept-encoding' => 'gzip, deflate',
  'accept-language' => 'zh-CN,zh;q=0.9',
)
[ info ] [ PARAM ] array (
)
[ info ] [ RUN ] app\api\controller\Index->index[ D:\www\apiadmin\application\api\controller\Index.php ]
[ info ] [ BEHAVIOR ] Run app\api\behavior\BuildResponse @response_send [ RunTime:0.001488s ]
[ info ] [ VIEW ] D:\www\apiadmin\public/../application/api\view\index\index.html [ array (
) ]
[ info ] [ LOG ] INIT File
---------------------------------------------------------------
[ 2018-07-19T16:14:21+08:00 ] 127.0.0.1 GET /
[ info ] test.apiadmin.com:8080/ [运行时间：0.230296s][吞吐率：4.34req/s] [内存消耗：3,002.13kb] [文件加载：46]
[ info ] [ LANG ] D:\www\apiadmin\thinkphp\lang\zh-cn.php
[ info ] [ ROUTE ] array (
  'type' => 'module',
  'module' => 
  array (
    0 => 'api',
    1 => 'Index',
    2 => 'index',
  ),
  'convert' => false,
)
[ info ] [ HEADER ] array (
  'host' => 'test.apiadmin.com:8080',
  'connection' => 'keep-alive',
  'cache-control' => 'max-age=0',
  'upgrade-insecure-requests' => '1',
  'user-agent' => 'Mozilla/5.0 (Windows NT 10.0; WOW64) AppleWebKit/537.36 (KHTML, like Gecko) Chrome/67.0.3396.62 Safari/537.36',
  'accept' => 'text/html,application/xhtml+xml,application/xml;q=0.9,image/webp,image/apng,*/*;q=0.8',
  'accept-encoding' => 'gzip, deflate',
  'accept-language' => 'zh-CN,zh;q=0.9',
)
[ info ] [ PARAM ] array (
)
[ info ] [ RUN ] app\api\controller\Index->index[ D:\www\apiadmin\application\api\controller\Index.php ]
[ info ] [ BEHAVIOR ] Run app\api\behavior\BuildResponse @response_send [ RunTime:0.001349s ]
[ info ] [ VIEW ] D:\www\apiadmin\public/../application/api\view\index\index.html [ array (
) ]
[ info ] [ LOG ] INIT File
---------------------------------------------------------------
[ 2018-07-19T16:14:33+08:00 ] 127.0.0.1 GET /
[ info ] test.apiadmin.com:8080/ [运行时间：0.268850s][吞吐率：3.72req/s] [内存消耗：3,002.13kb] [文件加载：46]
[ info ] [ LANG ] D:\www\apiadmin\thinkphp\lang\zh-cn.php
[ info ] [ ROUTE ] array (
  'type' => 'module',
  'module' => 
  array (
    0 => 'api',
    1 => 'Index',
    2 => 'index',
  ),
  'convert' => false,
)
[ info ] [ HEADER ] array (
  'host' => 'test.apiadmin.com:8080',
  'connection' => 'keep-alive',
  'cache-control' => 'max-age=0',
  'upgrade-insecure-requests' => '1',
  'user-agent' => 'Mozilla/5.0 (Windows NT 10.0; WOW64) AppleWebKit/537.36 (KHTML, like Gecko) Chrome/67.0.3396.62 Safari/537.36',
  'accept' => 'text/html,application/xhtml+xml,application/xml;q=0.9,image/webp,image/apng,*/*;q=0.8',
  'accept-encoding' => 'gzip, deflate',
  'accept-language' => 'zh-CN,zh;q=0.9',
)
[ info ] [ PARAM ] array (
)
[ info ] [ RUN ] app\api\controller\Index->index[ D:\www\apiadmin\application\api\controller\Index.php ]
[ info ] [ BEHAVIOR ] Run app\api\behavior\BuildResponse @response_send [ RunTime:0.003229s ]
[ info ] [ VIEW ] D:\www\apiadmin\public/../application/api\view\index\index.html [ array (
) ]
[ info ] [ LOG ] INIT File
---------------------------------------------------------------
[ 2018-07-19T16:14:44+08:00 ] 127.0.0.1 GET /
[ info ] test.apiadmin.com:8080/ [运行时间：0.238970s][吞吐率：4.18req/s] [内存消耗：3,002.53kb] [文件加载：46]
[ info ] [ LANG ] D:\www\apiadmin\thinkphp\lang\zh-cn.php
[ info ] [ ROUTE ] array (
  'type' => 'module',
  'module' => 
  array (
    0 => 'api',
    1 => 'Index',
    2 => 'index',
  ),
  'convert' => false,
)
[ info ] [ HEADER ] array (
  'host' => 'test.apiadmin.com:8080',
  'connection' => 'keep-alive',
  'pragma' => 'no-cache',
  'cache-control' => 'no-cache',
  'upgrade-insecure-requests' => '1',
  'user-agent' => 'Mozilla/5.0 (Windows NT 10.0; WOW64) AppleWebKit/537.36 (KHTML, like Gecko) Chrome/67.0.3396.62 Safari/537.36',
  'accept' => 'text/html,application/xhtml+xml,application/xml;q=0.9,image/webp,image/apng,*/*;q=0.8',
  'accept-encoding' => 'gzip, deflate',
  'accept-language' => 'zh-CN,zh;q=0.9',
)
[ info ] [ PARAM ] array (
)
[ info ] [ RUN ] app\api\controller\Index->index[ D:\www\apiadmin\application\api\controller\Index.php ]
[ info ] [ BEHAVIOR ] Run app\api\behavior\BuildResponse @response_send [ RunTime:0.001422s ]
[ info ] [ VIEW ] D:\www\apiadmin\public/../application/api\view\index\index.html [ array (
) ]
[ info ] [ LOG ] INIT File
---------------------------------------------------------------
[ 2018-07-19T16:20:42+08:00 ] 127.0.0.1 GET /
[ info ] test.apiadmin.com:8080/ [运行时间：0.237227s][吞吐率：4.22req/s] [内存消耗：3,002.13kb] [文件加载：46]
[ info ] [ LANG ] D:\www\apiadmin\thinkphp\lang\zh-cn.php
[ info ] [ ROUTE ] array (
  'type' => 'module',
  'module' => 
  array (
    0 => 'api',
    1 => 'Index',
    2 => 'index',
  ),
  'convert' => false,
)
[ info ] [ HEADER ] array (
  'host' => 'test.apiadmin.com:8080',
  'connection' => 'keep-alive',
  'cache-control' => 'max-age=0',
  'upgrade-insecure-requests' => '1',
  'user-agent' => 'Mozilla/5.0 (Windows NT 10.0; WOW64) AppleWebKit/537.36 (KHTML, like Gecko) Chrome/67.0.3396.62 Safari/537.36',
  'accept' => 'text/html,application/xhtml+xml,application/xml;q=0.9,image/webp,image/apng,*/*;q=0.8',
  'accept-encoding' => 'gzip, deflate',
  'accept-language' => 'zh-CN,zh;q=0.9',
)
[ info ] [ PARAM ] array (
)
[ info ] [ RUN ] app\api\controller\Index->index[ D:\www\apiadmin\application\api\controller\Index.php ]
[ info ] [ BEHAVIOR ] Run app\api\behavior\BuildResponse @response_send [ RunTime:0.001533s ]
[ info ] [ VIEW ] D:\www\apiadmin\public/../application/api\view\index\index.html [ array (
) ]
[ info ] [ LOG ] INIT File
---------------------------------------------------------------
[ 2018-07-19T16:21:03+08:00 ] 127.0.0.1 GET /
[ info ] test.apiadmin.com:8080/ [运行时间：0.242698s][吞吐率：4.12req/s] [内存消耗：3,002.13kb] [文件加载：46]
[ info ] [ LANG ] D:\www\apiadmin\thinkphp\lang\zh-cn.php
[ info ] [ ROUTE ] array (
  'type' => 'module',
  'module' => 
  array (
    0 => 'api',
    1 => 'Index',
    2 => 'index',
  ),
  'convert' => false,
)
[ info ] [ HEADER ] array (
  'host' => 'test.apiadmin.com:8080',
  'connection' => 'keep-alive',
  'cache-control' => 'max-age=0',
  'upgrade-insecure-requests' => '1',
  'user-agent' => 'Mozilla/5.0 (Windows NT 10.0; WOW64) AppleWebKit/537.36 (KHTML, like Gecko) Chrome/67.0.3396.62 Safari/537.36',
  'accept' => 'text/html,application/xhtml+xml,application/xml;q=0.9,image/webp,image/apng,*/*;q=0.8',
  'accept-encoding' => 'gzip, deflate',
  'accept-language' => 'zh-CN,zh;q=0.9',
)
[ info ] [ PARAM ] array (
)
[ info ] [ RUN ] app\api\controller\Index->index[ D:\www\apiadmin\application\api\controller\Index.php ]
[ info ] [ BEHAVIOR ] Run app\api\behavior\BuildResponse @response_send [ RunTime:0.001632s ]
[ info ] [ VIEW ] D:\www\apiadmin\public/../application/api\view\index\index.html [ array (
) ]
[ info ] [ LOG ] INIT File
---------------------------------------------------------------
[ 2018-07-19T16:22:09+08:00 ] 127.0.0.1 GET /
[ info ] test.apiadmin.com:8080/ [运行时间：0.246469s][吞吐率：4.06req/s] [内存消耗：3,002.13kb] [文件加载：46]
[ info ] [ LANG ] D:\www\apiadmin\thinkphp\lang\zh-cn.php
[ info ] [ ROUTE ] array (
  'type' => 'module',
  'module' => 
  array (
    0 => 'api',
    1 => 'Index',
    2 => 'index',
  ),
  'convert' => false,
)
[ info ] [ HEADER ] array (
  'host' => 'test.apiadmin.com:8080',
  'connection' => 'keep-alive',
  'cache-control' => 'max-age=0',
  'upgrade-insecure-requests' => '1',
  'user-agent' => 'Mozilla/5.0 (Windows NT 10.0; WOW64) AppleWebKit/537.36 (KHTML, like Gecko) Chrome/67.0.3396.62 Safari/537.36',
  'accept' => 'text/html,application/xhtml+xml,application/xml;q=0.9,image/webp,image/apng,*/*;q=0.8',
  'accept-encoding' => 'gzip, deflate',
  'accept-language' => 'zh-CN,zh;q=0.9',
)
[ info ] [ PARAM ] array (
)
[ info ] [ RUN ] app\api\controller\Index->index[ D:\www\apiadmin\application\api\controller\Index.php ]
[ info ] [ BEHAVIOR ] Run app\api\behavior\BuildResponse @response_send [ RunTime:0.001896s ]
[ info ] [ VIEW ] D:\www\apiadmin\public/../application/api\view\index\index.html [ array (
) ]
[ info ] [ LOG ] INIT File
---------------------------------------------------------------
[ 2018-07-19T16:23:37+08:00 ] 127.0.0.1 GET /
[ info ] test.apiadmin.com:8080/ [运行时间：0.237215s][吞吐率：4.22req/s] [内存消耗：3,004.68kb] [文件加载：46]
[ info ] [ LANG ] D:\www\apiadmin\thinkphp\lang\zh-cn.php
[ info ] [ ROUTE ] array (
  'type' => 'module',
  'module' => 
  array (
    0 => 'api',
    1 => 'Index',
    2 => 'index',
  ),
  'convert' => false,
)
[ info ] [ HEADER ] array (
  'host' => 'test.apiadmin.com:8080',
  'connection' => 'keep-alive',
  'cache-control' => 'max-age=0',
  'upgrade-insecure-requests' => '1',
  'user-agent' => 'Mozilla/5.0 (Windows NT 10.0; WOW64) AppleWebKit/537.36 (KHTML, like Gecko) Chrome/67.0.3396.62 Safari/537.36',
  'accept' => 'text/html,application/xhtml+xml,application/xml;q=0.9,image/webp,image/apng,*/*;q=0.8',
  'accept-encoding' => 'gzip, deflate',
  'accept-language' => 'zh-CN,zh;q=0.9',
)
[ info ] [ PARAM ] array (
)
[ info ] [ RUN ] app\api\controller\Index->index[ D:\www\apiadmin\application\api\controller\Index.php ]
[ info ] [ BEHAVIOR ] Run app\api\behavior\BuildResponse @response_send [ RunTime:0.001444s ]
[ info ] [ VIEW ] D:\www\apiadmin\public/../application/api\view\index\index.html [ array (
) ]
[ info ] [ LOG ] INIT File
---------------------------------------------------------------
[ 2018-07-19T16:23:46+08:00 ] 127.0.0.1 GET /
[ info ] test.apiadmin.com:8080/ [运行时间：0.232634s][吞吐率：4.30req/s] [内存消耗：3,004.68kb] [文件加载：46]
[ info ] [ LANG ] D:\www\apiadmin\thinkphp\lang\zh-cn.php
[ info ] [ ROUTE ] array (
  'type' => 'module',
  'module' => 
  array (
    0 => 'api',
    1 => 'Index',
    2 => 'index',
  ),
  'convert' => false,
)
[ info ] [ HEADER ] array (
  'host' => 'test.apiadmin.com:8080',
  'connection' => 'keep-alive',
  'cache-control' => 'max-age=0',
  'upgrade-insecure-requests' => '1',
  'user-agent' => 'Mozilla/5.0 (Windows NT 10.0; WOW64) AppleWebKit/537.36 (KHTML, like Gecko) Chrome/67.0.3396.62 Safari/537.36',
  'accept' => 'text/html,application/xhtml+xml,application/xml;q=0.9,image/webp,image/apng,*/*;q=0.8',
  'accept-encoding' => 'gzip, deflate',
  'accept-language' => 'zh-CN,zh;q=0.9',
)
[ info ] [ PARAM ] array (
)
[ info ] [ RUN ] app\api\controller\Index->index[ D:\www\apiadmin\application\api\controller\Index.php ]
[ info ] [ BEHAVIOR ] Run app\api\behavior\BuildResponse @response_send [ RunTime:0.001241s ]
[ info ] [ VIEW ] D:\www\apiadmin\public/../application/api\view\index\index.html [ array (
) ]
[ info ] [ LOG ] INIT File
---------------------------------------------------------------
[ 2018-07-19T16:24:24+08:00 ] 127.0.0.1 GET /
[ info ] test.apiadmin.com:8080/ [运行时间：0.229662s][吞吐率：4.35req/s] [内存消耗：3,002.53kb] [文件加载：46]
[ info ] [ LANG ] D:\www\apiadmin\thinkphp\lang\zh-cn.php
[ info ] [ ROUTE ] array (
  'type' => 'module',
  'module' => 
  array (
    0 => 'api',
    1 => 'Index',
    2 => 'index',
  ),
  'convert' => false,
)
[ info ] [ HEADER ] array (
  'host' => 'test.apiadmin.com:8080',
  'connection' => 'keep-alive',
  'pragma' => 'no-cache',
  'cache-control' => 'no-cache',
  'upgrade-insecure-requests' => '1',
  'user-agent' => 'Mozilla/5.0 (Windows NT 10.0; WOW64) AppleWebKit/537.36 (KHTML, like Gecko) Chrome/67.0.3396.62 Safari/537.36',
  'accept' => 'text/html,application/xhtml+xml,application/xml;q=0.9,image/webp,image/apng,*/*;q=0.8',
  'accept-encoding' => 'gzip, deflate',
  'accept-language' => 'zh-CN,zh;q=0.9',
)
[ info ] [ PARAM ] array (
)
[ info ] [ RUN ] app\api\controller\Index->index[ D:\www\apiadmin\application\api\controller\Index.php ]
[ info ] [ BEHAVIOR ] Run app\api\behavior\BuildResponse @response_send [ RunTime:0.000865s ]
[ info ] [ VIEW ] D:\www\apiadmin\public/../application/api\view\index\index.html [ array (
) ]
[ info ] [ LOG ] INIT File
---------------------------------------------------------------
[ 2018-07-19T16:24:43+08:00 ] 127.0.0.1 GET /
[ info ] test.apiadmin.com:8080/ [运行时间：0.302831s][吞吐率：3.30req/s] [内存消耗：3,002.13kb] [文件加载：46]
[ info ] [ LANG ] D:\www\apiadmin\thinkphp\lang\zh-cn.php
[ info ] [ ROUTE ] array (
  'type' => 'module',
  'module' => 
  array (
    0 => 'api',
    1 => 'Index',
    2 => 'index',
  ),
  'convert' => false,
)
[ info ] [ HEADER ] array (
  'host' => 'test.apiadmin.com:8080',
  'connection' => 'keep-alive',
  'cache-control' => 'max-age=0',
  'upgrade-insecure-requests' => '1',
  'user-agent' => 'Mozilla/5.0 (Windows NT 10.0; WOW64) AppleWebKit/537.36 (KHTML, like Gecko) Chrome/67.0.3396.62 Safari/537.36',
  'accept' => 'text/html,application/xhtml+xml,application/xml;q=0.9,image/webp,image/apng,*/*;q=0.8',
  'accept-encoding' => 'gzip, deflate',
  'accept-language' => 'zh-CN,zh;q=0.9',
)
[ info ] [ PARAM ] array (
)
[ info ] [ RUN ] app\api\controller\Index->index[ D:\www\apiadmin\application\api\controller\Index.php ]
[ info ] [ BEHAVIOR ] Run app\api\behavior\BuildResponse @response_send [ RunTime:0.008037s ]
[ info ] [ VIEW ] D:\www\apiadmin\public/../application/api\view\index\index.html [ array (
) ]
[ info ] [ LOG ] INIT File
---------------------------------------------------------------
[ 2018-07-19T16:25:11+08:00 ] 127.0.0.1 GET /
[ info ] test.apiadmin.com:8080/ [运行时间：0.231027s][吞吐率：4.33req/s] [内存消耗：3,000.48kb] [文件加载：46]
[ info ] [ LANG ] D:\www\apiadmin\thinkphp\lang\zh-cn.php
[ info ] [ ROUTE ] array (
  'type' => 'module',
  'module' => 
  array (
    0 => 'api',
    1 => 'Index',
    2 => 'index',
  ),
  'convert' => false,
)
[ info ] [ HEADER ] array (
  'host' => 'test.apiadmin.com:8080',
  'connection' => 'keep-alive',
  'cache-control' => 'max-age=0',
  'upgrade-insecure-requests' => '1',
  'user-agent' => 'Mozilla/5.0 (Windows NT 10.0; WOW64) AppleWebKit/537.36 (KHTML, like Gecko) Chrome/67.0.3396.62 Safari/537.36',
  'accept' => 'text/html,application/xhtml+xml,application/xml;q=0.9,image/webp,image/apng,*/*;q=0.8',
  'accept-encoding' => 'gzip, deflate',
  'accept-language' => 'zh-CN,zh;q=0.9',
)
[ info ] [ PARAM ] array (
)
[ info ] [ RUN ] app\api\controller\Index->index[ D:\www\apiadmin\application\api\controller\Index.php ]
[ info ] [ BEHAVIOR ] Run app\api\behavior\BuildResponse @response_send [ RunTime:0.001017s ]
[ info ] [ VIEW ] D:\www\apiadmin\public/../application/api\view\index\index.html [ array (
) ]
[ info ] [ LOG ] INIT File
---------------------------------------------------------------
[ 2018-07-19T16:25:23+08:00 ] 127.0.0.1 GET /
[ info ] test.apiadmin.com:8080/ [运行时间：0.229722s][吞吐率：4.35req/s] [内存消耗：3,000.38kb] [文件加载：46]
[ info ] [ LANG ] D:\www\apiadmin\thinkphp\lang\zh-cn.php
[ info ] [ ROUTE ] array (
  'type' => 'module',
  'module' => 
  array (
    0 => 'api',
    1 => 'Index',
    2 => 'index',
  ),
  'convert' => false,
)
[ info ] [ HEADER ] array (
  'host' => 'test.apiadmin.com:8080',
  'connection' => 'keep-alive',
  'pragma' => 'no-cache',
  'cache-control' => 'no-cache',
  'upgrade-insecure-requests' => '1',
  'user-agent' => 'Mozilla/5.0 (Windows NT 10.0; WOW64) AppleWebKit/537.36 (KHTML, like Gecko) Chrome/67.0.3396.62 Safari/537.36',
  'accept' => 'text/html,application/xhtml+xml,application/xml;q=0.9,image/webp,image/apng,*/*;q=0.8',
  'accept-encoding' => 'gzip, deflate',
  'accept-language' => 'zh-CN,zh;q=0.9',
)
[ info ] [ PARAM ] array (
)
[ info ] [ RUN ] app\api\controller\Index->index[ D:\www\apiadmin\application\api\controller\Index.php ]
[ info ] [ BEHAVIOR ] Run app\api\behavior\BuildResponse @response_send [ RunTime:0.000884s ]
[ info ] [ VIEW ] D:\www\apiadmin\public/../application/api\view\index\index.html [ array (
) ]
[ info ] [ LOG ] INIT File
---------------------------------------------------------------
[ 2018-07-19T16:29:54+08:00 ] 127.0.0.1 GET /
[ info ] test.apiadmin.com:8080/ [运行时间：0.039673s][吞吐率：25.21req/s] [内存消耗：2,754.23kb] [文件加载：41]
[ info ] [ LANG ] D:\www\apiadmin\thinkphp\lang\zh-cn.php
[ info ] [ ROUTE ] array (
  'type' => 'module',
  'module' => 
  array (
    0 => 'api',
    1 => 'Index',
    2 => 'index',
  ),
  'convert' => false,
)
[ info ] [ HEADER ] array (
  'host' => 'test.apiadmin.com:8080',
  'connection' => 'keep-alive',
  'cache-control' => 'max-age=0',
  'upgrade-insecure-requests' => '1',
  'user-agent' => 'Mozilla/5.0 (Windows NT 10.0; WOW64) AppleWebKit/537.36 (KHTML, like Gecko) Chrome/67.0.3396.62 Safari/537.36',
  'accept' => 'text/html,application/xhtml+xml,application/xml;q=0.9,image/webp,image/apng,*/*;q=0.8',
  'accept-encoding' => 'gzip, deflate',
  'accept-language' => 'zh-CN,zh;q=0.9',
)
[ info ] [ PARAM ] array (
)
[ info ] [ RUN ] app\api\controller\Index->index[ D:\www\apiadmin\application\api\controller\Index.php ]
[ info ] [ LOG ] INIT File
---------------------------------------------------------------
[ 2018-07-19T16:29:56+08:00 ] 127.0.0.1 GET /
[ info ] test.apiadmin.com:8080/ [运行时间：0.027316s][吞吐率：36.61req/s] [内存消耗：2,754.23kb] [文件加载：41]
[ info ] [ LANG ] D:\www\apiadmin\thinkphp\lang\zh-cn.php
[ info ] [ ROUTE ] array (
  'type' => 'module',
  'module' => 
  array (
    0 => 'api',
    1 => 'Index',
    2 => 'index',
  ),
  'convert' => false,
)
[ info ] [ HEADER ] array (
  'host' => 'test.apiadmin.com:8080',
  'connection' => 'keep-alive',
  'cache-control' => 'max-age=0',
  'upgrade-insecure-requests' => '1',
  'user-agent' => 'Mozilla/5.0 (Windows NT 10.0; WOW64) AppleWebKit/537.36 (KHTML, like Gecko) Chrome/67.0.3396.62 Safari/537.36',
  'accept' => 'text/html,application/xhtml+xml,application/xml;q=0.9,image/webp,image/apng,*/*;q=0.8',
  'accept-encoding' => 'gzip, deflate',
  'accept-language' => 'zh-CN,zh;q=0.9',
)
[ info ] [ PARAM ] array (
)
[ info ] [ RUN ] app\api\controller\Index->index[ D:\www\apiadmin\application\api\controller\Index.php ]
[ info ] [ LOG ] INIT File
---------------------------------------------------------------
[ 2018-07-19T16:35:14+08:00 ] 127.0.0.1 GET /
[ info ] test.apiadmin.com:8080/ [运行时间：0.237713s][吞吐率：4.21req/s] [内存消耗：3,002.13kb] [文件加载：46]
[ info ] [ LANG ] D:\www\apiadmin\thinkphp\lang\zh-cn.php
[ info ] [ ROUTE ] array (
  'type' => 'module',
  'module' => 
  array (
    0 => 'api',
    1 => 'Index',
    2 => 'index',
  ),
  'convert' => false,
)
[ info ] [ HEADER ] array (
  'host' => 'test.apiadmin.com:8080',
  'connection' => 'keep-alive',
  'cache-control' => 'max-age=0',
  'upgrade-insecure-requests' => '1',
  'user-agent' => 'Mozilla/5.0 (Windows NT 10.0; WOW64) AppleWebKit/537.36 (KHTML, like Gecko) Chrome/67.0.3396.62 Safari/537.36',
  'accept' => 'text/html,application/xhtml+xml,application/xml;q=0.9,image/webp,image/apng,*/*;q=0.8',
  'accept-encoding' => 'gzip, deflate',
  'accept-language' => 'zh-CN,zh;q=0.9',
)
[ info ] [ PARAM ] array (
)
[ info ] [ RUN ] app\api\controller\Index->index[ D:\www\apiadmin\application\api\controller\Index.php ]
[ info ] [ BEHAVIOR ] Run app\api\behavior\BuildResponse @response_send [ RunTime:0.001578s ]
[ info ] [ VIEW ] D:\www\apiadmin\public/../application/api\view\index\index.html [ array (
) ]
[ info ] [ LOG ] INIT File
---------------------------------------------------------------
[ 2018-07-19T16:36:14+08:00 ] 127.0.0.1 GET /
[ info ] test.apiadmin.com:8080/ [运行时间：0.236559s][吞吐率：4.23req/s] [内存消耗：3,002.13kb] [文件加载：46]
[ info ] [ LANG ] D:\www\apiadmin\thinkphp\lang\zh-cn.php
[ info ] [ ROUTE ] array (
  'type' => 'module',
  'module' => 
  array (
    0 => 'api',
    1 => 'Index',
    2 => 'index',
  ),
  'convert' => false,
)
[ info ] [ HEADER ] array (
  'host' => 'test.apiadmin.com:8080',
  'connection' => 'keep-alive',
  'cache-control' => 'max-age=0',
  'upgrade-insecure-requests' => '1',
  'user-agent' => 'Mozilla/5.0 (Windows NT 10.0; WOW64) AppleWebKit/537.36 (KHTML, like Gecko) Chrome/67.0.3396.62 Safari/537.36',
  'accept' => 'text/html,application/xhtml+xml,application/xml;q=0.9,image/webp,image/apng,*/*;q=0.8',
  'accept-encoding' => 'gzip, deflate',
  'accept-language' => 'zh-CN,zh;q=0.9',
)
[ info ] [ PARAM ] array (
)
[ info ] [ RUN ] app\api\controller\Index->index[ D:\www\apiadmin\application\api\controller\Index.php ]
[ info ] [ BEHAVIOR ] Run app\api\behavior\BuildResponse @response_send [ RunTime:0.001329s ]
[ info ] [ VIEW ] D:\www\apiadmin\public/../application/api\view\index\index.html [ array (
) ]
[ info ] [ LOG ] INIT File
---------------------------------------------------------------
[ 2018-07-19T17:16:40+08:00 ] 127.0.0.1 GET /
[ info ] test.apiadmin.com:8080/ [运行时间：0.250342s][吞吐率：3.99req/s] [内存消耗：3,001.68kb] [文件加载：46]
[ info ] [ LANG ] D:\www\apiadmin\thinkphp\lang\zh-cn.php
[ info ] [ ROUTE ] array (
  'type' => 'module',
  'module' => 
  array (
    0 => 'api',
    1 => 'Index',
    2 => 'index',
  ),
  'convert' => false,
)
[ info ] [ HEADER ] array (
  'host' => 'test.apiadmin.com:8080',
  'connection' => 'keep-alive',
  'upgrade-insecure-requests' => '1',
  'user-agent' => 'Mozilla/5.0 (Windows NT 10.0; WOW64) AppleWebKit/537.36 (KHTML, like Gecko) Chrome/67.0.3396.62 Safari/537.36',
  'accept' => 'text/html,application/xhtml+xml,application/xml;q=0.9,image/webp,image/apng,*/*;q=0.8',
  'accept-encoding' => 'gzip, deflate',
  'accept-language' => 'zh-CN,zh;q=0.9',
)
[ info ] [ PARAM ] array (
)
[ info ] [ RUN ] app\api\controller\Index->index[ D:\www\apiadmin\application\api\controller\Index.php ]
[ info ] [ BEHAVIOR ] Run app\api\behavior\BuildResponse @response_send [ RunTime:0.001877s ]
[ info ] [ VIEW ] D:\www\apiadmin\public/../application/api\view\index\index.html [ array (
) ]
[ info ] [ LOG ] INIT File
---------------------------------------------------------------
[ 2018-07-19T17:16:46+08:00 ] 127.0.0.1 GET /webex
[ info ] test.apiadmin.com:8080/webex [运行时间：0.237258s][吞吐率：4.21req/s] [内存消耗：3,001.54kb] [文件加载：46]
[ info ] [ LANG ] D:\www\apiadmin\thinkphp\lang\zh-cn.php
[ info ] [ ROUTE ] array (
  'type' => 'module',
  'module' => 
  array (
    0 => 'api',
    1 => 'Index',
    2 => 'index',
  ),
  'convert' => false,
)
[ info ] [ HEADER ] array (
  'host' => 'test.apiadmin.com:8080',
  'connection' => 'keep-alive',
  'upgrade-insecure-requests' => '1',
  'user-agent' => 'Mozilla/5.0 (Windows NT 10.0; WOW64) AppleWebKit/537.36 (KHTML, like Gecko) Chrome/67.0.3396.62 Safari/537.36',
  'accept' => 'text/html,application/xhtml+xml,application/xml;q=0.9,image/webp,image/apng,*/*;q=0.8',
  'accept-encoding' => 'gzip, deflate',
  'accept-language' => 'zh-CN,zh;q=0.9',
)
[ info ] [ PARAM ] array (
)
[ info ] [ RUN ] app\api\controller\Index->index[ D:\www\apiadmin\application\api\controller\Index.php ]
[ info ] [ BEHAVIOR ] Run app\api\behavior\BuildResponse @response_send [ RunTime:0.001477s ]
[ info ] [ VIEW ] D:\www\apiadmin\public/../application/api\view\index\index.html [ array (
) ]
[ info ] [ LOG ] INIT File
---------------------------------------------------------------
[ 2018-07-19T17:17:22+08:00 ] 127.0.0.1 GET /webex
[ info ] test.apiadmin.com:8080/webex [运行时间：0.255224s][吞吐率：3.92req/s] [内存消耗：3,001.76kb] [文件加载：46]
[ info ] [ LANG ] D:\www\apiadmin\thinkphp\lang\zh-cn.php
[ info ] [ ROUTE ] array (
  'type' => 'module',
  'module' => 
  array (
    0 => 'api',
    1 => 'Index',
    2 => 'index',
  ),
  'convert' => false,
)
[ info ] [ HEADER ] array (
  'host' => 'test.apiadmin.com:8080',
  'connection' => 'keep-alive',
  'cache-control' => 'max-age=0',
  'upgrade-insecure-requests' => '1',
  'user-agent' => 'Mozilla/5.0 (Windows NT 10.0; WOW64) AppleWebKit/537.36 (KHTML, like Gecko) Chrome/67.0.3396.62 Safari/537.36',
  'accept' => 'text/html,application/xhtml+xml,application/xml;q=0.9,image/webp,image/apng,*/*;q=0.8',
  'accept-encoding' => 'gzip, deflate',
  'accept-language' => 'zh-CN,zh;q=0.9',
)
[ info ] [ PARAM ] array (
)
[ info ] [ RUN ] app\api\controller\Index->index[ D:\www\apiadmin\application\api\controller\Index.php ]
[ info ] [ BEHAVIOR ] Run app\api\behavior\BuildResponse @response_send [ RunTime:0.002286s ]
[ info ] [ VIEW ] D:\www\apiadmin\public/../application/api\view\index\index.html [ array (
) ]
[ info ] [ LOG ] INIT File
---------------------------------------------------------------
[ 2018-07-19T17:17:30+08:00 ] 127.0.0.1 GET /webex/index/index
[ info ] test.apiadmin.com:8080/webex/index/index [运行时间：0.248616s][吞吐率：4.02req/s] [内存消耗：3,002.57kb] [文件加载：46]
[ info ] [ LANG ] D:\www\apiadmin\thinkphp\lang\zh-cn.php
[ info ] [ ROUTE ] array (
  'type' => 'module',
  'module' => 
  array (
    0 => 'api',
    1 => 'Index',
    2 => 'index',
  ),
  'convert' => false,
)
[ info ] [ HEADER ] array (
  'host' => 'test.apiadmin.com:8080',
  'connection' => 'keep-alive',
  'upgrade-insecure-requests' => '1',
  'user-agent' => 'Mozilla/5.0 (Windows NT 10.0; WOW64) AppleWebKit/537.36 (KHTML, like Gecko) Chrome/67.0.3396.62 Safari/537.36',
  'accept' => 'text/html,application/xhtml+xml,application/xml;q=0.9,image/webp,image/apng,*/*;q=0.8',
  'accept-encoding' => 'gzip, deflate',
  'accept-language' => 'zh-CN,zh;q=0.9',
)
[ info ] [ PARAM ] array (
  'webex' => 'index',
)
[ info ] [ RUN ] app\api\controller\Index->index[ D:\www\apiadmin\application\api\controller\Index.php ]
[ info ] [ BEHAVIOR ] Run app\api\behavior\BuildResponse @response_send [ RunTime:0.002029s ]
[ info ] [ VIEW ] D:\www\apiadmin\public/../application/api\view\index\index.html [ array (
) ]
[ info ] [ LOG ] INIT File
---------------------------------------------------------------
[ 2018-07-19T17:17:43+08:00 ] 127.0.0.1 GET /webex/index/index
[ info ] test.apiadmin.com:8080/webex/index/index [运行时间：0.240682s][吞吐率：4.15req/s] [内存消耗：3,102.41kb] [文件加载：43]
[ info ] [ LANG ] D:\www\apiadmin\thinkphp\lang\zh-cn.php
[ info ] [ ROUTE ] array (
  'type' => 'module',
  'module' => 
  array (
    0 => 'webex',
    1 => 'Index',
    2 => 'index',
  ),
  'convert' => false,
)
[ info ] [ HEADER ] array (
  'host' => 'test.apiadmin.com:8080',
  'connection' => 'keep-alive',
  'cache-control' => 'max-age=0',
  'upgrade-insecure-requests' => '1',
  'user-agent' => 'Mozilla/5.0 (Windows NT 10.0; WOW64) AppleWebKit/537.36 (KHTML, like Gecko) Chrome/67.0.3396.62 Safari/537.36',
  'accept' => 'text/html,application/xhtml+xml,application/xml;q=0.9,image/webp,image/apng,*/*;q=0.8',
  'accept-encoding' => 'gzip, deflate',
  'accept-language' => 'zh-CN,zh;q=0.9',
)
[ info ] [ PARAM ] array (
  'webex' => 'index',
)
[ info ] [ RUN ] app\webex\controller\Index->index[ D:\www\apiadmin\application\webex\controller\Index.php ]
[ info ] [ VIEW ] D:\www\apiadmin\public/../application/webex\view\index\index.html [ array (
) ]
[ info ] [ LOG ] INIT File
---------------------------------------------------------------
[ 2018-07-19T17:20:11+08:00 ] 127.0.0.1 GET /webex/index/index
[ info ] test.apiadmin.com:8080/webex/index/index [运行时间：0.251715s][吞吐率：3.97req/s] [内存消耗：3,002.84kb] [文件加载：46]
[ info ] [ LANG ] D:\www\apiadmin\thinkphp\lang\zh-cn.php
[ info ] [ ROUTE ] array (
  'type' => 'module',
  'module' => 
  array (
    0 => 'api',
    1 => 'Index',
    2 => 'index',
  ),
  'convert' => false,
)
[ info ] [ HEADER ] array (
  'host' => 'test.apiadmin.com:8080',
  'connection' => 'keep-alive',
  'cache-control' => 'max-age=0',
  'upgrade-insecure-requests' => '1',
  'user-agent' => 'Mozilla/5.0 (Windows NT 10.0; WOW64) AppleWebKit/537.36 (KHTML, like Gecko) Chrome/67.0.3396.62 Safari/537.36',
  'accept' => 'text/html,application/xhtml+xml,application/xml;q=0.9,image/webp,image/apng,*/*;q=0.8',
  'accept-encoding' => 'gzip, deflate',
  'accept-language' => 'zh-CN,zh;q=0.9',
)
[ info ] [ PARAM ] array (
  'webex' => 'index',
)
[ info ] [ RUN ] app\api\controller\Index->index[ D:\www\apiadmin\application\api\controller\Index.php ]
[ info ] [ BEHAVIOR ] Run app\api\behavior\BuildResponse @response_send [ RunTime:0.001618s ]
[ info ] [ VIEW ] D:\www\apiadmin\public/../application/api\view\index\index.html [ array (
) ]
[ info ] [ LOG ] INIT File
