---------------------------------------------------------------
[ 2018-07-24T10:33:56+08:00 ] 127.0.0.1 GET /
[ info ] test.apiadmin.com:8080/ [运行时间：0.286396s][吞吐率：3.49req/s] [内存消耗：3,006.05kb] [文件加载：46]
[ info ] [ LANG ] D:\www\apiadmin\thinkphp\lang\zh-cn.php
[ info ] [ ROUTE ] array (
  'type' => 'module',
  'module' => 
  array (
    0 => 'api',
    1 => 'Index',
    2 => 'index',
  ),
  'convert' => false,
)
[ info ] [ HEADER ] array (
  'host' => 'test.apiadmin.com:8080',
  'connection' => 'keep-alive',
  'upgrade-insecure-requests' => '1',
  'user-agent' => 'Mozilla/5.0 (Windows NT 10.0; WOW64) AppleWebKit/537.36 (KHTML, like Gecko) Chrome/67.0.3396.62 Safari/537.36',
  'accept' => 'text/html,application/xhtml+xml,application/xml;q=0.9,image/webp,image/apng,*/*;q=0.8',
  'accept-encoding' => 'gzip, deflate',
  'accept-language' => 'zh-CN,zh;q=0.9',
)
[ info ] [ PARAM ] array (
)
[ info ] [ RUN ] app\api\controller\Index->index[ D:\www\apiadmin\application\api\controller\Index.php ]
[ info ] [ BEHAVIOR ] Run app\api\behavior\BuildResponse @response_send [ RunTime:0.002237s ]
[ info ] [ VIEW ] D:\www\apiadmin\public/../application/api\view\index\index.html [ array (
) ]
[ info ] [ LOG ] INIT File
---------------------------------------------------------------
[ 2018-07-24T16:52:10+08:00 ] 127.0.0.1 GET /
[ info ] test.apiadmin.com:8080/ [运行时间：0.283543s][吞吐率：3.53req/s] [内存消耗：3,010.12kb] [文件加载：46]
[ info ] [ LANG ] D:\www\apiadmin\thinkphp\lang\zh-cn.php
[ info ] [ ROUTE ] array (
  'type' => 'module',
  'module' => 
  array (
    0 => 'api',
    1 => 'Index',
    2 => 'index',
  ),
  'convert' => false,
)
[ info ] [ HEADER ] array (
  'host' => 'test.apiadmin.com:8080',
  'connection' => 'keep-alive',
  'upgrade-insecure-requests' => '1',
  'user-agent' => 'Mozilla/5.0 (Windows NT 10.0; WOW64) AppleWebKit/537.36 (KHTML, like Gecko) Chrome/67.0.3396.62 Safari/537.36',
  'accept' => 'text/html,application/xhtml+xml,application/xml;q=0.9,image/webp,image/apng,*/*;q=0.8',
  'accept-encoding' => 'gzip, deflate',
  'accept-language' => 'zh-CN,zh;q=0.9',
)
[ info ] [ PARAM ] array (
)
[ info ] [ RUN ] app\api\controller\Index->index[ D:\www\apiadmin\application\api\controller\Index.php ]
[ info ] [ BEHAVIOR ] Run app\api\behavior\BuildResponse @response_send [ RunTime:0.002982s ]
[ info ] [ VIEW ] D:\www\apiadmin\public/../application/api\view\index\index.html [ array (
) ]
[ info ] [ LOG ] INIT File
---------------------------------------------------------------
[ 2018-07-24T16:52:17+08:00 ] 127.0.0.1 GET /wiki/download
[ info ] test.apiadmin.com:8080/wiki/download [运行时间：0.275546s][吞吐率：3.63req/s] [内存消耗：3,083.06kb] [文件加载：43]
[ info ] [ LANG ] D:\www\apiadmin\thinkphp\lang\zh-cn.php
[ info ] [ ROUTE ] array (
  'type' => 'module',
  'module' => 
  array (
    0 => 'wiki',
    1 => 'index',
    2 => 'index',
  ),
  'convert' => false,
)
[ info ] [ HEADER ] array (
  'host' => 'test.apiadmin.com:8080',
  'connection' => 'keep-alive',
  'upgrade-insecure-requests' => '1',
  'user-agent' => 'Mozilla/5.0 (Windows NT 10.0; WOW64) AppleWebKit/537.36 (KHTML, like Gecko) Chrome/67.0.3396.62 Safari/537.36',
  'accept' => 'text/html,application/xhtml+xml,application/xml;q=0.9,image/webp,image/apng,*/*;q=0.8',
  'accept-encoding' => 'gzip, deflate',
  'accept-language' => 'zh-CN,zh;q=0.9',
)
[ info ] [ PARAM ] array (
  'wiki' => 'download',
)
[ info ] [ RUN ] app\wiki\controller\Index->index[ D:\www\apiadmin\application\wiki\controller\Index.php ]
[ info ] [ SESSION ] INIT array (
  'id' => '',
  'var_session_id' => '',
  'prefix' => 'think',
  'type' => '',
  'auto_start' => true,
)
[ info ] [ LOG ] INIT File
---------------------------------------------------------------
[ 2018-07-24T16:52:18+08:00 ] 127.0.0.1 GET /wiki/login.html
[ info ] test.apiadmin.com:8080/wiki/login.html [运行时间：0.258720s][吞吐率：3.87req/s] [内存消耗：3,070.83kb] [文件加载：43]
[ info ] [ LANG ] D:\www\apiadmin\thinkphp\lang\zh-cn.php
[ info ] [ ROUTE ] array (
  'type' => 'module',
  'module' => 
  array (
    0 => 'wiki',
    1 => 'index',
    2 => 'login',
  ),
  'convert' => false,
)
[ info ] [ HEADER ] array (
  'host' => 'test.apiadmin.com:8080',
  'connection' => 'keep-alive',
  'upgrade-insecure-requests' => '1',
  'user-agent' => 'Mozilla/5.0 (Windows NT 10.0; WOW64) AppleWebKit/537.36 (KHTML, like Gecko) Chrome/67.0.3396.62 Safari/537.36',
  'accept' => 'text/html,application/xhtml+xml,application/xml;q=0.9,image/webp,image/apng,*/*;q=0.8',
  'accept-encoding' => 'gzip, deflate',
  'accept-language' => 'zh-CN,zh;q=0.9',
  'cookie' => 'PHPSESSID=649flvkkechmliv5gpbkfs8td6',
)
[ info ] [ PARAM ] array (
)
[ info ] [ RUN ] app\wiki\controller\Index->login[ D:\www\apiadmin\application\wiki\controller\Index.php ]
[ info ] [ VIEW ] D:\www\apiadmin\public/../application/wiki\view\index\login.html [ array (
) ]
[ info ] [ LOG ] INIT File
---------------------------------------------------------------
[ 2018-07-24T16:52:30+08:00 ] 127.0.0.1 GET /wiki/download
[ info ] test.apiadmin.com:8080/wiki/download [运行时间：0.248669s][吞吐率：4.02req/s] [内存消耗：3,083.20kb] [文件加载：43]
[ info ] [ LANG ] D:\www\apiadmin\thinkphp\lang\zh-cn.php
[ info ] [ ROUTE ] array (
  'type' => 'module',
  'module' => 
  array (
    0 => 'wiki',
    1 => 'index',
    2 => 'index',
  ),
  'convert' => false,
)
[ info ] [ HEADER ] array (
  'host' => 'test.apiadmin.com:8080',
  'connection' => 'keep-alive',
  'upgrade-insecure-requests' => '1',
  'user-agent' => 'Mozilla/5.0 (Windows NT 10.0; WOW64) AppleWebKit/537.36 (KHTML, like Gecko) Chrome/67.0.3396.62 Safari/537.36',
  'accept' => 'text/html,application/xhtml+xml,application/xml;q=0.9,image/webp,image/apng,*/*;q=0.8',
  'accept-encoding' => 'gzip, deflate',
  'accept-language' => 'zh-CN,zh;q=0.9',
  'cookie' => 'PHPSESSID=649flvkkechmliv5gpbkfs8td6',
)
[ info ] [ PARAM ] array (
  'wiki' => 'download',
)
[ info ] [ RUN ] app\wiki\controller\Index->index[ D:\www\apiadmin\application\wiki\controller\Index.php ]
[ info ] [ SESSION ] INIT array (
  'id' => '',
  'var_session_id' => '',
  'prefix' => 'think',
  'type' => '',
  'auto_start' => true,
)
[ info ] [ LOG ] INIT File
---------------------------------------------------------------
[ 2018-07-24T16:52:31+08:00 ] 127.0.0.1 GET /wiki/login.html
[ info ] test.apiadmin.com:8080/wiki/login.html [运行时间：0.246996s][吞吐率：4.05req/s] [内存消耗：3,070.83kb] [文件加载：43]
[ info ] [ LANG ] D:\www\apiadmin\thinkphp\lang\zh-cn.php
[ info ] [ ROUTE ] array (
  'type' => 'module',
  'module' => 
  array (
    0 => 'wiki',
    1 => 'index',
    2 => 'login',
  ),
  'convert' => false,
)
[ info ] [ HEADER ] array (
  'host' => 'test.apiadmin.com:8080',
  'connection' => 'keep-alive',
  'upgrade-insecure-requests' => '1',
  'user-agent' => 'Mozilla/5.0 (Windows NT 10.0; WOW64) AppleWebKit/537.36 (KHTML, like Gecko) Chrome/67.0.3396.62 Safari/537.36',
  'accept' => 'text/html,application/xhtml+xml,application/xml;q=0.9,image/webp,image/apng,*/*;q=0.8',
  'accept-encoding' => 'gzip, deflate',
  'accept-language' => 'zh-CN,zh;q=0.9',
  'cookie' => 'PHPSESSID=649flvkkechmliv5gpbkfs8td6',
)
[ info ] [ PARAM ] array (
)
[ info ] [ RUN ] app\wiki\controller\Index->login[ D:\www\apiadmin\application\wiki\controller\Index.php ]
[ info ] [ VIEW ] D:\www\apiadmin\public/../application/wiki\view\index\login.html [ array (
) ]
[ info ] [ LOG ] INIT File
---------------------------------------------------------------
[ 2018-07-24T16:53:55+08:00 ] 127.0.0.1 GET /wiki/download
[ info ] test.apiadmin.com:8080/wiki/download [运行时间：0.252419s][吞吐率：3.96req/s] [内存消耗：2,981.94kb] [文件加载：46]
[ info ] [ LANG ] D:\www\apiadmin\thinkphp\lang\zh-cn.php
[ info ] [ ROUTE ] array (
  'type' => 'module',
  'module' => 
  array (
    0 => 'api',
    1 => 'Index',
    2 => 'index',
  ),
  'convert' => false,
)
[ info ] [ HEADER ] array (
  'host' => 'test.apiadmin.com:8080',
  'connection' => 'keep-alive',
  'upgrade-insecure-requests' => '1',
  'user-agent' => 'Mozilla/5.0 (Windows NT 10.0; WOW64) AppleWebKit/537.36 (KHTML, like Gecko) Chrome/67.0.3396.62 Safari/537.36',
  'accept' => 'text/html,application/xhtml+xml,application/xml;q=0.9,image/webp,image/apng,*/*;q=0.8',
  'accept-encoding' => 'gzip, deflate',
  'accept-language' => 'zh-CN,zh;q=0.9',
  'cookie' => 'PHPSESSID=649flvkkechmliv5gpbkfs8td6',
)
[ info ] [ PARAM ] array (
  'wiki' => 'download',
)
[ info ] [ RUN ] app\api\controller\Index->index[ D:\www\apiadmin\application\api\controller\Index.php ]
[ info ] [ BEHAVIOR ] Run app\api\behavior\BuildResponse @response_send [ RunTime:0.002244s ]
[ info ] [ VIEW ] D:\www\apiadmin\public/../application/api\view\index\index.html [ array (
) ]
[ info ] [ LOG ] INIT File
---------------------------------------------------------------
[ 2018-07-24T16:54:06+08:00 ] 127.0.0.1 GET /wiki/download/index
[ info ] test.apiadmin.com:8080/wiki/download/index [运行时间：0.276653s][吞吐率：3.61req/s] [内存消耗：2,981.95kb] [文件加载：46]
[ info ] [ LANG ] D:\www\apiadmin\thinkphp\lang\zh-cn.php
[ info ] [ ROUTE ] array (
  'type' => 'module',
  'module' => 
  array (
    0 => 'api',
    1 => 'Index',
    2 => 'index',
  ),
  'convert' => false,
)
[ info ] [ HEADER ] array (
  'host' => 'test.apiadmin.com:8080',
  'connection' => 'keep-alive',
  'upgrade-insecure-requests' => '1',
  'user-agent' => 'Mozilla/5.0 (Windows NT 10.0; WOW64) AppleWebKit/537.36 (KHTML, like Gecko) Chrome/67.0.3396.62 Safari/537.36',
  'accept' => 'text/html,application/xhtml+xml,application/xml;q=0.9,image/webp,image/apng,*/*;q=0.8',
  'accept-encoding' => 'gzip, deflate',
  'accept-language' => 'zh-CN,zh;q=0.9',
  'cookie' => 'PHPSESSID=649flvkkechmliv5gpbkfs8td6',
)
[ info ] [ PARAM ] array (
  'wiki' => 'download',
)
[ info ] [ RUN ] app\api\controller\Index->index[ D:\www\apiadmin\application\api\controller\Index.php ]
[ info ] [ BEHAVIOR ] Run app\api\behavior\BuildResponse @response_send [ RunTime:0.003306s ]
[ info ] [ VIEW ] D:\www\apiadmin\public/../application/api\view\index\index.html [ array (
) ]
[ info ] [ LOG ] INIT File
---------------------------------------------------------------
[ 2018-07-24T16:55:04+08:00 ] 127.0.0.1 GET /wiki/download
[ info ] test.apiadmin.com:8080/wiki/download [运行时间：0.050878s][吞吐率：19.65req/s] [内存消耗：2,398.47kb] [文件加载：35]
[ info ] [ LANG ] D:\www\apiadmin\thinkphp\lang\zh-cn.php
[ info ] [ LOG ] INIT File
[ error ] [4]语法错误: unexpected ''__miss__'' (T_CONSTANT_ENCAPSED_STRING), expecting ']'[D:\www\apiadmin\application\wikiRoute.php:36]
---------------------------------------------------------------
[ 2018-07-24T16:55:12+08:00 ] 127.0.0.1 GET /wiki/download
[ info ] test.apiadmin.com:8080/wiki/download [运行时间：0.252554s][吞吐率：3.96req/s] [内存消耗：3,083.63kb] [文件加载：43]
[ info ] [ LANG ] D:\www\apiadmin\thinkphp\lang\zh-cn.php
[ info ] [ ROUTE ] array (
  'type' => 'module',
  'module' => 
  array (
    0 => 'wiki',
    1 => 'index',
    2 => 'index',
  ),
  'convert' => false,
)
[ info ] [ HEADER ] array (
  'host' => 'test.apiadmin.com:8080',
  'connection' => 'keep-alive',
  'cache-control' => 'max-age=0',
  'upgrade-insecure-requests' => '1',
  'user-agent' => 'Mozilla/5.0 (Windows NT 10.0; WOW64) AppleWebKit/537.36 (KHTML, like Gecko) Chrome/67.0.3396.62 Safari/537.36',
  'accept' => 'text/html,application/xhtml+xml,application/xml;q=0.9,image/webp,image/apng,*/*;q=0.8',
  'accept-encoding' => 'gzip, deflate',
  'accept-language' => 'zh-CN,zh;q=0.9',
  'cookie' => 'PHPSESSID=649flvkkechmliv5gpbkfs8td6',
)
[ info ] [ PARAM ] array (
  'wiki' => 'download',
)
[ info ] [ RUN ] app\wiki\controller\Index->index[ D:\www\apiadmin\application\wiki\controller\Index.php ]
[ info ] [ SESSION ] INIT array (
  'id' => '',
  'var_session_id' => '',
  'prefix' => 'think',
  'type' => '',
  'auto_start' => true,
)
[ info ] [ LOG ] INIT File
---------------------------------------------------------------
[ 2018-07-24T16:55:13+08:00 ] 127.0.0.1 GET /wiki/login.html
[ info ] test.apiadmin.com:8080/wiki/login.html [运行时间：0.247646s][吞吐率：4.04req/s] [内存消耗：3,071.16kb] [文件加载：43]
[ info ] [ LANG ] D:\www\apiadmin\thinkphp\lang\zh-cn.php
[ info ] [ ROUTE ] array (
  'type' => 'module',
  'module' => 
  array (
    0 => 'wiki',
    1 => 'index',
    2 => 'login',
  ),
  'convert' => false,
)
[ info ] [ HEADER ] array (
  'host' => 'test.apiadmin.com:8080',
  'connection' => 'keep-alive',
  'cache-control' => 'max-age=0',
  'upgrade-insecure-requests' => '1',
  'user-agent' => 'Mozilla/5.0 (Windows NT 10.0; WOW64) AppleWebKit/537.36 (KHTML, like Gecko) Chrome/67.0.3396.62 Safari/537.36',
  'accept' => 'text/html,application/xhtml+xml,application/xml;q=0.9,image/webp,image/apng,*/*;q=0.8',
  'accept-encoding' => 'gzip, deflate',
  'accept-language' => 'zh-CN,zh;q=0.9',
  'cookie' => 'PHPSESSID=649flvkkechmliv5gpbkfs8td6',
)
[ info ] [ PARAM ] array (
)
[ info ] [ RUN ] app\wiki\controller\Index->login[ D:\www\apiadmin\application\wiki\controller\Index.php ]
[ info ] [ VIEW ] D:\www\apiadmin\public/../application/wiki\view\index\login.html [ array (
) ]
[ info ] [ LOG ] INIT File
---------------------------------------------------------------
[ 2018-07-24T16:56:10+08:00 ] 127.0.0.1 GET /wiki/download
[ info ] test.apiadmin.com:8080/wiki/download [运行时间：0.241158s][吞吐率：4.15req/s] [内存消耗：2,845.84kb] [文件加载：39]
[ info ] [ LANG ] D:\www\apiadmin\thinkphp\lang\zh-cn.php
[ info ] [ ROUTE ] array (
  'type' => 'module',
  'module' => 
  array (
    0 => 'wiki',
    1 => 'download',
    2 => 'index',
  ),
  'convert' => false,
)
[ info ] [ HEADER ] array (
  'host' => 'test.apiadmin.com:8080',
  'connection' => 'keep-alive',
  'upgrade-insecure-requests' => '1',
  'user-agent' => 'Mozilla/5.0 (Windows NT 10.0; WOW64) AppleWebKit/537.36 (KHTML, like Gecko) Chrome/67.0.3396.62 Safari/537.36',
  'accept' => 'text/html,application/xhtml+xml,application/xml;q=0.9,image/webp,image/apng,*/*;q=0.8',
  'accept-encoding' => 'gzip, deflate',
  'accept-language' => 'zh-CN,zh;q=0.9',
  'cookie' => 'PHPSESSID=649flvkkechmliv5gpbkfs8td6',
)
[ info ] [ PARAM ] array (
)
[ info ] [ RUN ] app\wiki\controller\Download->index[ D:\www\apiadmin\application\wiki\controller\Download.php ]
[ info ] [ LOG ] INIT File
---------------------------------------------------------------
[ 2018-07-24T16:56:27+08:00 ] 127.0.0.1 GET /wiki/download/webex
[ info ] test.apiadmin.com:8080/wiki/download/webex [运行时间：0.249523s][吞吐率：4.01req/s] [内存消耗：2,845.76kb] [文件加载：39]
[ info ] [ LANG ] D:\www\apiadmin\thinkphp\lang\zh-cn.php
[ info ] [ ROUTE ] array (
  'type' => 'module',
  'module' => 
  array (
    0 => 'wiki',
    1 => 'download',
    2 => 'index',
  ),
  'convert' => false,
)
[ info ] [ HEADER ] array (
  'host' => 'test.apiadmin.com:8080',
  'connection' => 'keep-alive',
  'upgrade-insecure-requests' => '1',
  'user-agent' => 'Mozilla/5.0 (Windows NT 10.0; WOW64) AppleWebKit/537.36 (KHTML, like Gecko) Chrome/67.0.3396.62 Safari/537.36',
  'accept' => 'text/html,application/xhtml+xml,application/xml;q=0.9,image/webp,image/apng,*/*;q=0.8',
  'accept-encoding' => 'gzip, deflate',
  'accept-language' => 'zh-CN,zh;q=0.9',
  'cookie' => 'PHPSESSID=649flvkkechmliv5gpbkfs8td6',
)
[ info ] [ PARAM ] array (
)
[ info ] [ RUN ] app\wiki\controller\Download->index[ D:\www\apiadmin\application\wiki\controller\Download.php ]
[ info ] [ LOG ] INIT File
---------------------------------------------------------------
[ 2018-07-24T16:57:20+08:00 ] 127.0.0.1 GET /wiki/download/webex
[ info ] test.apiadmin.com:8080/wiki/download/webex [运行时间：0.029032s][吞吐率：34.44req/s] [内存消耗：2,697.35kb] [文件加载：37]
[ info ] [ LANG ] D:\www\apiadmin\thinkphp\lang\zh-cn.php
[ info ] [ ROUTE ] array (
  'type' => 'module',
  'module' => 
  array (
    0 => 'wiki',
    1 => 'download',
    2 => 'webex',
  ),
  'convert' => false,
)
[ info ] [ HEADER ] array (
  'host' => 'test.apiadmin.com:8080',
  'connection' => 'keep-alive',
  'cache-control' => 'max-age=0',
  'upgrade-insecure-requests' => '1',
  'user-agent' => 'Mozilla/5.0 (Windows NT 10.0; WOW64) AppleWebKit/537.36 (KHTML, like Gecko) Chrome/67.0.3396.62 Safari/537.36',
  'accept' => 'text/html,application/xhtml+xml,application/xml;q=0.9,image/webp,image/apng,*/*;q=0.8',
  'accept-encoding' => 'gzip, deflate',
  'accept-language' => 'zh-CN,zh;q=0.9',
  'cookie' => 'PHPSESSID=649flvkkechmliv5gpbkfs8td6',
)
[ info ] [ PARAM ] array (
)
[ info ] [ RUN ] app\wiki\controller\Download->webex[ D:\www\apiadmin\application\wiki\controller\Download.php ]
[ info ] [ LOG ] INIT File
---------------------------------------------------------------
[ 2018-07-24T16:58:09+08:00 ] 127.0.0.1 GET /wiki/download/webex
[ info ] test.apiadmin.com:8080/wiki/download/webex [运行时间：0.434951s][吞吐率：2.30req/s] [内存消耗：2,397.92kb] [文件加载：36]
[ info ] [ LANG ] D:\www\apiadmin\thinkphp\lang\zh-cn.php
[ info ] [ LOG ] INIT File
[ error ] [8]未定义数组下标: 0[D:\www\apiadmin\thinkphp\library\think\Route.php:440]
---------------------------------------------------------------
[ 2018-07-24T16:58:20+08:00 ] 127.0.0.1 GET /wiki/download/webex
[ info ] test.apiadmin.com:8080/wiki/download/webex [运行时间：0.434502s][吞吐率：2.30req/s] [内存消耗：2,397.92kb] [文件加载：36]
[ info ] [ LANG ] D:\www\apiadmin\thinkphp\lang\zh-cn.php
[ info ] [ LOG ] INIT File
[ error ] [8]未定义数组下标: 0[D:\www\apiadmin\thinkphp\library\think\Route.php:440]
---------------------------------------------------------------
[ 2018-07-24T16:58:46+08:00 ] 127.0.0.1 GET /wiki/download/webex
[ info ] test.apiadmin.com:8080/wiki/download/webex [运行时间：0.239782s][吞吐率：4.17req/s] [内存消耗：3,015.11kb] [文件加载：43]
[ info ] [ LANG ] D:\www\apiadmin\thinkphp\lang\zh-cn.php
[ info ] [ ROUTE ] array (
  'type' => 'module',
  'module' => 
  array (
    0 => 'wiki',
    1 => 'index',
    2 => 'index',
  ),
  'convert' => false,
)
[ info ] [ HEADER ] array (
  'host' => 'test.apiadmin.com:8080',
  'connection' => 'keep-alive',
  'cache-control' => 'max-age=0',
  'upgrade-insecure-requests' => '1',
  'user-agent' => 'Mozilla/5.0 (Windows NT 10.0; WOW64) AppleWebKit/537.36 (KHTML, like Gecko) Chrome/67.0.3396.62 Safari/537.36',
  'accept' => 'text/html,application/xhtml+xml,application/xml;q=0.9,image/webp,image/apng,*/*;q=0.8',
  'accept-encoding' => 'gzip, deflate',
  'accept-language' => 'zh-CN,zh;q=0.9',
  'cookie' => 'PHPSESSID=649flvkkechmliv5gpbkfs8td6',
)
[ info ] [ PARAM ] array (
  'wiki' => 'download',
)
[ info ] [ RUN ] app\wiki\controller\Index->index[ D:\www\apiadmin\application\wiki\controller\Index.php ]
[ info ] [ SESSION ] INIT array (
  'id' => '',
  'var_session_id' => '',
  'prefix' => 'think',
  'type' => '',
  'auto_start' => true,
)
[ info ] [ LOG ] INIT File
---------------------------------------------------------------
[ 2018-07-24T16:58:47+08:00 ] 127.0.0.1 GET /wiki/login.html
[ info ] test.apiadmin.com:8080/wiki/login.html [运行时间：0.231580s][吞吐率：4.32req/s] [内存消耗：3,002.48kb] [文件加载：43]
[ info ] [ LANG ] D:\www\apiadmin\thinkphp\lang\zh-cn.php
[ info ] [ ROUTE ] array (
  'type' => 'module',
  'module' => 
  array (
    0 => 'wiki',
    1 => 'index',
    2 => 'login',
  ),
  'convert' => false,
)
[ info ] [ HEADER ] array (
  'host' => 'test.apiadmin.com:8080',
  'connection' => 'keep-alive',
  'cache-control' => 'max-age=0',
  'upgrade-insecure-requests' => '1',
  'user-agent' => 'Mozilla/5.0 (Windows NT 10.0; WOW64) AppleWebKit/537.36 (KHTML, like Gecko) Chrome/67.0.3396.62 Safari/537.36',
  'accept' => 'text/html,application/xhtml+xml,application/xml;q=0.9,image/webp,image/apng,*/*;q=0.8',
  'accept-encoding' => 'gzip, deflate',
  'accept-language' => 'zh-CN,zh;q=0.9',
  'cookie' => 'PHPSESSID=649flvkkechmliv5gpbkfs8td6',
)
[ info ] [ PARAM ] array (
)
[ info ] [ RUN ] app\wiki\controller\Index->login[ D:\www\apiadmin\application\wiki\controller\Index.php ]
[ info ] [ VIEW ] D:\www\apiadmin\public/../application/wiki\view\index\login.html [ array (
) ]
[ info ] [ LOG ] INIT File
---------------------------------------------------------------
[ 2018-07-24T16:58:53+08:00 ] 127.0.0.1 GET /wiki/webex
[ info ] test.apiadmin.com:8080/wiki/webex [运行时间：0.232446s][吞吐率：4.30req/s] [内存消耗：3,014.45kb] [文件加载：43]
[ info ] [ LANG ] D:\www\apiadmin\thinkphp\lang\zh-cn.php
[ info ] [ ROUTE ] array (
  'type' => 'module',
  'module' => 
  array (
    0 => 'wiki',
    1 => 'index',
    2 => 'index',
  ),
  'convert' => false,
)
[ info ] [ HEADER ] array (
  'host' => 'test.apiadmin.com:8080',
  'connection' => 'keep-alive',
  'upgrade-insecure-requests' => '1',
  'user-agent' => 'Mozilla/5.0 (Windows NT 10.0; WOW64) AppleWebKit/537.36 (KHTML, like Gecko) Chrome/67.0.3396.62 Safari/537.36',
  'accept' => 'text/html,application/xhtml+xml,application/xml;q=0.9,image/webp,image/apng,*/*;q=0.8',
  'accept-encoding' => 'gzip, deflate',
  'accept-language' => 'zh-CN,zh;q=0.9',
  'cookie' => 'PHPSESSID=649flvkkechmliv5gpbkfs8td6',
)
[ info ] [ PARAM ] array (
  'wiki' => 'webex',
)
[ info ] [ RUN ] app\wiki\controller\Index->index[ D:\www\apiadmin\application\wiki\controller\Index.php ]
[ info ] [ SESSION ] INIT array (
  'id' => '',
  'var_session_id' => '',
  'prefix' => 'think',
  'type' => '',
  'auto_start' => true,
)
[ info ] [ LOG ] INIT File
---------------------------------------------------------------
[ 2018-07-24T16:58:53+08:00 ] 127.0.0.1 GET /wiki/login.html
[ info ] test.apiadmin.com:8080/wiki/login.html [运行时间：0.231203s][吞吐率：4.33req/s] [内存消耗：3,001.95kb] [文件加载：43]
[ info ] [ LANG ] D:\www\apiadmin\thinkphp\lang\zh-cn.php
[ info ] [ ROUTE ] array (
  'type' => 'module',
  'module' => 
  array (
    0 => 'wiki',
    1 => 'index',
    2 => 'login',
  ),
  'convert' => false,
)
[ info ] [ HEADER ] array (
  'host' => 'test.apiadmin.com:8080',
  'connection' => 'keep-alive',
  'upgrade-insecure-requests' => '1',
  'user-agent' => 'Mozilla/5.0 (Windows NT 10.0; WOW64) AppleWebKit/537.36 (KHTML, like Gecko) Chrome/67.0.3396.62 Safari/537.36',
  'accept' => 'text/html,application/xhtml+xml,application/xml;q=0.9,image/webp,image/apng,*/*;q=0.8',
  'accept-encoding' => 'gzip, deflate',
  'accept-language' => 'zh-CN,zh;q=0.9',
  'cookie' => 'PHPSESSID=649flvkkechmliv5gpbkfs8td6',
)
[ info ] [ PARAM ] array (
)
[ info ] [ RUN ] app\wiki\controller\Index->login[ D:\www\apiadmin\application\wiki\controller\Index.php ]
[ info ] [ VIEW ] D:\www\apiadmin\public/../application/wiki\view\index\login.html [ array (
) ]
[ info ] [ LOG ] INIT File
---------------------------------------------------------------
[ 2018-07-24T17:00:02+08:00 ] 127.0.0.1 GET /wiki/download
[ info ] test.apiadmin.com:8080/wiki/download [运行时间：0.232840s][吞吐率：4.29req/s] [内存消耗：3,085.43kb] [文件加载：43]
[ info ] [ LANG ] D:\www\apiadmin\thinkphp\lang\zh-cn.php
[ info ] [ ROUTE ] array (
  'type' => 'module',
  'module' => 
  array (
    0 => 'wiki',
    1 => 'index',
    2 => 'index',
  ),
  'convert' => false,
)
[ info ] [ HEADER ] array (
  'host' => 'test.apiadmin.com:8080',
  'connection' => 'keep-alive',
  'upgrade-insecure-requests' => '1',
  'user-agent' => 'Mozilla/5.0 (Windows NT 10.0; WOW64) AppleWebKit/537.36 (KHTML, like Gecko) Chrome/67.0.3396.62 Safari/537.36',
  'accept' => 'text/html,application/xhtml+xml,application/xml;q=0.9,image/webp,image/apng,*/*;q=0.8',
  'accept-encoding' => 'gzip, deflate',
  'accept-language' => 'zh-CN,zh;q=0.9',
  'cookie' => 'PHPSESSID=649flvkkechmliv5gpbkfs8td6',
)
[ info ] [ PARAM ] array (
  'wiki' => 'download',
)
[ info ] [ RUN ] app\wiki\controller\Index->index[ D:\www\apiadmin\application\wiki\controller\Index.php ]
[ info ] [ SESSION ] INIT array (
  'id' => '',
  'var_session_id' => '',
  'prefix' => 'think',
  'type' => '',
  'auto_start' => true,
)
[ info ] [ LOG ] INIT File
---------------------------------------------------------------
[ 2018-07-24T17:00:03+08:00 ] 127.0.0.1 GET /wiki/login.html
[ info ] test.apiadmin.com:8080/wiki/login.html [运行时间：0.230153s][吞吐率：4.34req/s] [内存消耗：3,072.80kb] [文件加载：43]
[ info ] [ LANG ] D:\www\apiadmin\thinkphp\lang\zh-cn.php
[ info ] [ ROUTE ] array (
  'type' => 'module',
  'module' => 
  array (
    0 => 'wiki',
    1 => 'index',
    2 => 'login',
  ),
  'convert' => false,
)
[ info ] [ HEADER ] array (
  'host' => 'test.apiadmin.com:8080',
  'connection' => 'keep-alive',
  'upgrade-insecure-requests' => '1',
  'user-agent' => 'Mozilla/5.0 (Windows NT 10.0; WOW64) AppleWebKit/537.36 (KHTML, like Gecko) Chrome/67.0.3396.62 Safari/537.36',
  'accept' => 'text/html,application/xhtml+xml,application/xml;q=0.9,image/webp,image/apng,*/*;q=0.8',
  'accept-encoding' => 'gzip, deflate',
  'accept-language' => 'zh-CN,zh;q=0.9',
  'cookie' => 'PHPSESSID=649flvkkechmliv5gpbkfs8td6',
)
[ info ] [ PARAM ] array (
)
[ info ] [ RUN ] app\wiki\controller\Index->login[ D:\www\apiadmin\application\wiki\controller\Index.php ]
[ info ] [ VIEW ] D:\www\apiadmin\public/../application/wiki\view\index\login.html [ array (
) ]
[ info ] [ LOG ] INIT File
---------------------------------------------------------------
[ 2018-07-24T17:00:04+08:00 ] 127.0.0.1 GET /wiki/download/webex
[ info ] test.apiadmin.com:8080/wiki/download/webex [运行时间：0.024645s][吞吐率：40.58req/s] [内存消耗：2,696.83kb] [文件加载：37]
[ info ] [ LANG ] D:\www\apiadmin\thinkphp\lang\zh-cn.php
[ info ] [ ROUTE ] array (
  'type' => 'module',
  'module' => 
  array (
    0 => 'wiki',
    1 => 'download',
    2 => 'webex',
  ),
  'convert' => false,
)
[ info ] [ HEADER ] array (
  'host' => 'test.apiadmin.com:8080',
  'connection' => 'keep-alive',
  'upgrade-insecure-requests' => '1',
  'user-agent' => 'Mozilla/5.0 (Windows NT 10.0; WOW64) AppleWebKit/537.36 (KHTML, like Gecko) Chrome/67.0.3396.62 Safari/537.36',
  'accept' => 'text/html,application/xhtml+xml,application/xml;q=0.9,image/webp,image/apng,*/*;q=0.8',
  'accept-encoding' => 'gzip, deflate',
  'accept-language' => 'zh-CN,zh;q=0.9',
  'cookie' => 'PHPSESSID=649flvkkechmliv5gpbkfs8td6',
)
[ info ] [ PARAM ] array (
)
[ info ] [ RUN ] app\wiki\controller\Download->webex[ D:\www\apiadmin\application\wiki\controller\Download.php ]
[ info ] [ LOG ] INIT File
---------------------------------------------------------------
[ 2018-07-24T17:00:42+08:00 ] 127.0.0.1 GET /wiki/download/webex
[ info ] test.apiadmin.com:8080/wiki/download/webex [运行时间：0.440732s][吞吐率：2.27req/s] [内存消耗：2,943.76kb] [文件加载：43]
[ info ] [ LANG ] D:\www\apiadmin\thinkphp\lang\zh-cn.php
[ info ] [ ROUTE ] array (
  'type' => 'module',
  'module' => 
  array (
    0 => 'wiki',
    1 => 'download',
    2 => 'webex',
  ),
  'convert' => false,
)
[ info ] [ HEADER ] array (
  'host' => 'test.apiadmin.com:8080',
  'connection' => 'keep-alive',
  'cache-control' => 'max-age=0',
  'upgrade-insecure-requests' => '1',
  'user-agent' => 'Mozilla/5.0 (Windows NT 10.0; WOW64) AppleWebKit/537.36 (KHTML, like Gecko) Chrome/67.0.3396.62 Safari/537.36',
  'accept' => 'text/html,application/xhtml+xml,application/xml;q=0.9,image/webp,image/apng,*/*;q=0.8',
  'accept-encoding' => 'gzip, deflate',
  'accept-language' => 'zh-CN,zh;q=0.9',
  'cookie' => 'PHPSESSID=649flvkkechmliv5gpbkfs8td6',
)
[ info ] [ PARAM ] array (
)
[ info ] [ RUN ] app\wiki\controller\Download->webex[ D:\www\apiadmin\application\wiki\controller\Download.php ]
[ info ] [ LOG ] INIT File
[ error ] [8]Use of undefined constant __PUBLIC__ - assumed '__PUBLIC__'[D:\www\apiadmin\application\wiki\controller\Download.php:30]
---------------------------------------------------------------
[ 2018-07-24T17:03:28+08:00 ] 127.0.0.1 GET /wiki/download/webex
[ info ] test.apiadmin.com:8080/wiki/download/webex [运行时间：0.056276s][吞吐率：17.77req/s] [内存消耗：29,351.49kb] [文件加载：37]
[ info ] [ LANG ] D:\www\apiadmin\thinkphp\lang\zh-cn.php
[ info ] [ ROUTE ] array (
  'type' => 'module',
  'module' => 
  array (
    0 => 'wiki',
    1 => 'download',
    2 => 'webex',
  ),
  'convert' => false,
)
[ info ] [ HEADER ] array (
  'host' => 'test.apiadmin.com:8080',
  'connection' => 'keep-alive',
  'cache-control' => 'max-age=0',
  'upgrade-insecure-requests' => '1',
  'user-agent' => 'Mozilla/5.0 (Windows NT 10.0; WOW64) AppleWebKit/537.36 (KHTML, like Gecko) Chrome/67.0.3396.62 Safari/537.36',
  'accept' => 'text/html,application/xhtml+xml,application/xml;q=0.9,image/webp,image/apng,*/*;q=0.8',
  'accept-encoding' => 'gzip, deflate',
  'accept-language' => 'zh-CN,zh;q=0.9',
  'cookie' => 'PHPSESSID=649flvkkechmliv5gpbkfs8td6',
)
[ info ] [ PARAM ] array (
)
[ info ] [ RUN ] app\wiki\controller\Download->webex[ D:\www\apiadmin\application\wiki\controller\Download.php ]
[ info ] [ LOG ] INIT File
---------------------------------------------------------------
[ 2018-07-24T17:09:28+08:00 ] 127.0.0.1 GET /wiki/download/webex
[ info ] test.apiadmin.com:8080/wiki/download/webex [运行时间：0.058662s][吞吐率：17.05req/s] [内存消耗：29,352.81kb] [文件加载：37]
[ info ] [ LANG ] D:\www\apiadmin\thinkphp\lang\zh-cn.php
[ info ] [ ROUTE ] array (
  'type' => 'module',
  'module' => 
  array (
    0 => 'wiki',
    1 => 'download',
    2 => 'webex',
  ),
  'convert' => false,
)
[ info ] [ HEADER ] array (
  'host' => 'test.apiadmin.com:8080',
  'connection' => 'keep-alive',
  'cache-control' => 'max-age=0',
  'upgrade-insecure-requests' => '1',
  'user-agent' => 'Mozilla/5.0 (Windows NT 10.0; WOW64) AppleWebKit/537.36 (KHTML, like Gecko) Chrome/67.0.3396.62 Safari/537.36',
  'accept' => 'text/html,application/xhtml+xml,application/xml;q=0.9,image/webp,image/apng,*/*;q=0.8',
  'accept-encoding' => 'gzip, deflate',
  'accept-language' => 'zh-CN,zh;q=0.9',
  'cookie' => 'PHPSESSID=649flvkkechmliv5gpbkfs8td6',
)
[ info ] [ PARAM ] array (
)
[ info ] [ RUN ] app\wiki\controller\Download->webex[ D:\www\apiadmin\application\wiki\controller\Download.php ]
[ info ] [ LOG ] INIT File
---------------------------------------------------------------
[ 2018-07-24T17:17:49+08:00 ] 127.0.0.1 GET /
[ info ] test.apiadmin.com:8080/ [运行时间：0.238731s][吞吐率：4.19req/s] [内存消耗：3,015.34kb] [文件加载：46]
[ info ] [ LANG ] D:\www\apiadmin\thinkphp\lang\zh-cn.php
[ info ] [ ROUTE ] array (
  'type' => 'module',
  'module' => 
  array (
    0 => 'api',
    1 => 'Index',
    2 => 'index',
  ),
  'convert' => false,
)
[ info ] [ HEADER ] array (
  'host' => 'test.apiadmin.com:8080',
  'connection' => 'keep-alive',
  'upgrade-insecure-requests' => '1',
  'user-agent' => 'Mozilla/5.0 (Windows NT 10.0; WOW64) AppleWebKit/537.36 (KHTML, like Gecko) Chrome/67.0.3396.62 Safari/537.36',
  'accept' => 'text/html,application/xhtml+xml,application/xml;q=0.9,image/webp,image/apng,*/*;q=0.8',
  'accept-encoding' => 'gzip, deflate',
  'accept-language' => 'zh-CN,zh;q=0.9',
  'cookie' => 'PHPSESSID=649flvkkechmliv5gpbkfs8td6',
)
[ info ] [ PARAM ] array (
)
[ info ] [ RUN ] app\api\controller\Index->index[ D:\www\apiadmin\application\api\controller\Index.php ]
[ info ] [ BEHAVIOR ] Run app\api\behavior\BuildResponse @response_send [ RunTime:0.001658s ]
[ info ] [ VIEW ] D:\www\apiadmin\public/../application/api\view\index\index.html [ array (
) ]
[ info ] [ LOG ] INIT File
---------------------------------------------------------------
[ 2018-07-24T17:18:29+08:00 ] 127.0.0.1 GET /webex
[ info ] test.apiadmin.com:8080/webex [运行时间：0.245147s][吞吐率：4.08req/s] [内存消耗：3,015.43kb] [文件加载：46]
[ info ] [ LANG ] D:\www\apiadmin\thinkphp\lang\zh-cn.php
[ info ] [ ROUTE ] array (
  'type' => 'module',
  'module' => 
  array (
    0 => 'api',
    1 => 'Index',
    2 => 'index',
  ),
  'convert' => false,
)
[ info ] [ HEADER ] array (
  'host' => 'test.apiadmin.com:8080',
  'connection' => 'keep-alive',
  'upgrade-insecure-requests' => '1',
  'user-agent' => 'Mozilla/5.0 (Windows NT 10.0; WOW64) AppleWebKit/537.36 (KHTML, like Gecko) Chrome/67.0.3396.62 Safari/537.36',
  'accept' => 'text/html,application/xhtml+xml,application/xml;q=0.9,image/webp,image/apng,*/*;q=0.8',
  'accept-encoding' => 'gzip, deflate',
  'accept-language' => 'zh-CN,zh;q=0.9',
  'cookie' => 'PHPSESSID=649flvkkechmliv5gpbkfs8td6',
)
[ info ] [ PARAM ] array (
)
[ info ] [ RUN ] app\api\controller\Index->index[ D:\www\apiadmin\application\api\controller\Index.php ]
[ info ] [ BEHAVIOR ] Run app\api\behavior\BuildResponse @response_send [ RunTime:0.000980s ]
[ info ] [ VIEW ] D:\www\apiadmin\public/../application/api\view\index\index.html [ array (
) ]
[ info ] [ LOG ] INIT File
---------------------------------------------------------------
[ 2018-07-24T17:18:42+08:00 ] 127.0.0.1 GET /webex
[ info ] test.apiadmin.com:8080/webex [运行时间：0.442964s][吞吐率：2.26req/s] [内存消耗：2,389.08kb] [文件加载：36]
[ info ] [ LANG ] D:\www\apiadmin\thinkphp\lang\zh-cn.php
[ info ] [ LOG ] INIT File
[ error ] [8]未定义数组下标: 0[D:\www\apiadmin\thinkphp\library\think\Route.php:215]
---------------------------------------------------------------
[ 2018-07-24T17:18:48+08:00 ] 127.0.0.1 GET /webex/webex
[ info ] test.apiadmin.com:8080/webex/webex [运行时间：0.445671s][吞吐率：2.24req/s] [内存消耗：2,389.12kb] [文件加载：36]
[ info ] [ LANG ] D:\www\apiadmin\thinkphp\lang\zh-cn.php
[ info ] [ LOG ] INIT File
[ error ] [8]未定义数组下标: 0[D:\www\apiadmin\thinkphp\library\think\Route.php:215]
---------------------------------------------------------------
[ 2018-07-24T17:19:59+08:00 ] 127.0.0.1 GET /webex
[ info ] test.apiadmin.com:8080/webex [运行时间：0.083679s][吞吐率：11.95req/s] [内存消耗：29,351.62kb] [文件加载：37]
[ info ] [ LANG ] D:\www\apiadmin\thinkphp\lang\zh-cn.php
[ info ] [ ROUTE ] array (
  'type' => 'module',
  'module' => 
  array (
    0 => 'wiki',
    1 => 'download',
    2 => 'webexdownload',
  ),
  'convert' => false,
)
[ info ] [ HEADER ] array (
  'host' => 'test.apiadmin.com:8080',
  'connection' => 'keep-alive',
  'upgrade-insecure-requests' => '1',
  'user-agent' => 'Mozilla/5.0 (Windows NT 10.0; WOW64) AppleWebKit/537.36 (KHTML, like Gecko) Chrome/67.0.3396.62 Safari/537.36',
  'accept' => 'text/html,application/xhtml+xml,application/xml;q=0.9,image/webp,image/apng,*/*;q=0.8',
  'accept-encoding' => 'gzip, deflate',
  'accept-language' => 'zh-CN,zh;q=0.9',
  'cookie' => 'PHPSESSID=649flvkkechmliv5gpbkfs8td6',
)
[ info ] [ PARAM ] array (
)
[ info ] [ RUN ] app\wiki\controller\Download->webexdownload[ D:\www\apiadmin\application\wiki\controller\Download.php ]
[ info ] [ LOG ] INIT File
---------------------------------------------------------------
[ 2018-07-24T17:20:11+08:00 ] 127.0.0.1 GET /webex
[ info ] test.apiadmin.com:8080/webex [运行时间：0.062317s][吞吐率：16.05req/s] [内存消耗：29,351.62kb] [文件加载：37]
[ info ] [ LANG ] D:\www\apiadmin\thinkphp\lang\zh-cn.php
[ info ] [ ROUTE ] array (
  'type' => 'module',
  'module' => 
  array (
    0 => 'wiki',
    1 => 'download',
    2 => 'webexdownload',
  ),
  'convert' => false,
)
[ info ] [ HEADER ] array (
  'host' => 'test.apiadmin.com:8080',
  'connection' => 'keep-alive',
  'upgrade-insecure-requests' => '1',
  'user-agent' => 'Mozilla/5.0 (Windows NT 10.0; WOW64) AppleWebKit/537.36 (KHTML, like Gecko) Chrome/67.0.3396.62 Safari/537.36',
  'accept' => 'text/html,application/xhtml+xml,application/xml;q=0.9,image/webp,image/apng,*/*;q=0.8',
  'accept-encoding' => 'gzip, deflate',
  'accept-language' => 'zh-CN,zh;q=0.9',
  'cookie' => 'PHPSESSID=649flvkkechmliv5gpbkfs8td6',
)
[ info ] [ PARAM ] array (
)
[ info ] [ RUN ] app\wiki\controller\Download->webexdownload[ D:\www\apiadmin\application\wiki\controller\Download.php ]
[ info ] [ LOG ] INIT File
---------------------------------------------------------------
[ 2018-07-24T17:20:19+08:00 ] 127.0.0.1 GET /webex
[ info ] test.apiadmin.com:8080/webex [运行时间：0.067636s][吞吐率：14.79req/s] [内存消耗：29,351.62kb] [文件加载：37]
[ info ] [ LANG ] D:\www\apiadmin\thinkphp\lang\zh-cn.php
[ info ] [ ROUTE ] array (
  'type' => 'module',
  'module' => 
  array (
    0 => 'wiki',
    1 => 'download',
    2 => 'webexdownload',
  ),
  'convert' => false,
)
[ info ] [ HEADER ] array (
  'host' => 'test.apiadmin.com:8080',
  'connection' => 'keep-alive',
  'upgrade-insecure-requests' => '1',
  'user-agent' => 'Mozilla/5.0 (Windows NT 10.0; WOW64) AppleWebKit/537.36 (KHTML, like Gecko) Chrome/67.0.3396.62 Safari/537.36',
  'accept' => 'text/html,application/xhtml+xml,application/xml;q=0.9,image/webp,image/apng,*/*;q=0.8',
  'accept-encoding' => 'gzip, deflate',
  'accept-language' => 'zh-CN,zh;q=0.9',
  'cookie' => 'PHPSESSID=649flvkkechmliv5gpbkfs8td6',
)
[ info ] [ PARAM ] array (
)
[ info ] [ RUN ] app\wiki\controller\Download->webexdownload[ D:\www\apiadmin\application\wiki\controller\Download.php ]
[ info ] [ LOG ] INIT File
---------------------------------------------------------------
[ 2018-07-24T17:36:49+08:00 ] 127.0.0.1 GET /webex/webex
[ info ] test.apiadmin.com:8080/webex/webex [运行时间：0.259676s][吞吐率：3.85req/s] [内存消耗：3,014.43kb] [文件加载：46]
[ info ] [ LANG ] D:\www\apiadmin\thinkphp\lang\zh-cn.php
[ info ] [ ROUTE ] array (
  'type' => 'module',
  'module' => 
  array (
    0 => 'api',
    1 => 'Index',
    2 => 'index',
  ),
  'convert' => false,
)
[ info ] [ HEADER ] array (
  'host' => 'test.apiadmin.com:8080',
  'connection' => 'keep-alive',
  'cache-control' => 'max-age=0',
  'upgrade-insecure-requests' => '1',
  'user-agent' => 'Mozilla/5.0 (Windows NT 10.0; WOW64) AppleWebKit/537.36 (KHTML, like Gecko) Chrome/67.0.3396.62 Safari/537.36',
  'accept' => 'text/html,application/xhtml+xml,application/xml;q=0.9,image/webp,image/apng,*/*;q=0.8',
  'accept-encoding' => 'gzip, deflate',
  'accept-language' => 'zh-CN,zh;q=0.9',
  'cookie' => 'PHPSESSID=649flvkkechmliv5gpbkfs8td6',
)
[ info ] [ PARAM ] array (
  'webex' => 'webex',
)
[ info ] [ RUN ] app\api\controller\Index->index[ D:\www\apiadmin\application\api\controller\Index.php ]
[ info ] [ BEHAVIOR ] Run app\api\behavior\BuildResponse @response_send [ RunTime:0.002135s ]
[ info ] [ VIEW ] D:\www\apiadmin\public/../application/api\view\index\index.html [ array (
) ]
[ info ] [ LOG ] INIT File
